# JRE version: Java(TM) SE Runtime Environment (8.0_72-b15) (build 1.8.0_72-b15)
# Java VM: Java HotSpot(TM) 64-Bit Server VM (25.72-b15 mixed mode linux-amd64 compressed oops)
Heap:
 PSYoungGen      total 197120K, used 38896K [0x00000000eab00000, 0x00000000fb180000, 0x0000000100000000)
  eden space 158208K, 0% used [0x00000000eab00000,0x00000000eab00000,0x00000000f4580000)
  from space 38912K, 99% used [0x00000000f8b80000,0x00000000fb17c3a8,0x00000000fb180000)
  to   space 31744K, 0% used [0x00000000f4580000,0x00000000f4580000,0x00000000f6480000)
 ParOldGen       total 123392K, used 73501K [0x00000000c0000000, 0x00000000c7880000, 0x00000000eab00000)
  object space 123392K, 59% used [0x00000000c0000000,0x00000000c47c7580,0x00000000c7880000)
 Metaspace       used 61422K, capacity 63382K, committed 63744K, reserved 1103872K
  class space    used 7987K, capacity 8377K, committed 8448K, reserved 1048576K
GC Heap History (10 events):
Event: 18.118 GC heap after
Heap after GC invocations=13 (full 2):
 PSYoungGen      total 174080K, used 26611K [0x00000000eab00000, 0x00000000f8380000, 0x0000000100000000)
  eden space 147456K, 0% used [0x00000000eab00000,0x00000000eab00000,0x00000000f3b00000)
  from space 26624K, 99% used [0x00000000f3b00000,0x00000000f54fcd98,0x00000000f5500000)
  to   space 31744K, 0% used [0x00000000f6480000,0x00000000f6480000,0x00000000f8380000)
 ParOldGen       total 66048K, used 48921K [0x00000000c0000000, 0x00000000c4080000, 0x00000000eab00000)
  object space 66048K, 74% used [0x00000000c0000000,0x00000000c2fc6688,0x00000000c4080000)
 Metaspace       used 55499K, capacity 56900K, committed 57216K, reserved 1099776K
  class space    used 7469K, capacity 7779K, committed 7808K, reserved 1048576K
}
Event: 18.118 GC heap before
{Heap before GC invocations=14 (full 3):
 PSYoungGen      total 174080K, used 26611K [0x00000000eab00000, 0x00000000f8380000, 0x0000000100000000)
  eden space 147456K, 0% used [0x00000000eab00000,0x00000000eab00000,0x00000000f3b00000)
  from space 26624K, 99% used [0x00000000f3b00000,0x00000000f54fcd98,0x00000000f5500000)
  to   space 31744K, 0% used [0x00000000f6480000,0x00000000f6480000,0x00000000f8380000)
 ParOldGen       total 66048K, used 48921K [0x00000000c0000000, 0x00000000c4080000, 0x00000000eab00000)
  object space 66048K, 74% used [0x00000000c0000000,0x00000000c2fc6688,0x00000000c4080000)
 Metaspace       used 55499K, capacity 56900K, committed 57216K, reserved 1099776K
  class space    used 7469K, capacity 7779K, committed 7808K, reserved 1048576K
Event: 18.395 GC heap after
Heap after GC invocations=14 (full 3):
 PSYoungGen      total 174080K, used 0K [0x00000000eab00000, 0x00000000f8380000, 0x0000000100000000)
  eden space 147456K, 0% used [0x00000000eab00000,0x00000000eab00000,0x00000000f3b00000)
  from space 26624K, 0% used [0x00000000f3b00000,0x00000000f3b00000,0x00000000f5500000)
  to   space 31744K, 0% used [0x00000000f6480000,0x00000000f6480000,0x00000000f8380000)
 ParOldGen       total 66048K, used 65388K [0x00000000c0000000, 0x00000000c4080000, 0x00000000eab00000)
  object space 66048K, 99% used [0x00000000c0000000,0x00000000c3fdb0f8,0x00000000c4080000)
 Metaspace       used 55499K, capacity 56900K, committed 57216K, reserved 1099776K
  class space    used 7469K, capacity 7779K, committed 7808K, reserved 1048576K
}
Event: 85.314 GC heap before
{Heap before GC invocations=15 (full 4):
 PSYoungGen      total 174080K, used 147456K [0x00000000eab00000, 0x00000000f8380000, 0x0000000100000000)
  eden space 147456K, 100% used [0x00000000eab00000,0x00000000f3b00000,0x00000000f3b00000)
  from space 26624K, 0% used [0x00000000f3b00000,0x00000000f3b00000,0x00000000f5500000)
  to   space 31744K, 0% used [0x00000000f6480000,0x00000000f6480000,0x00000000f8380000)
 ParOldGen       total 66048K, used 65388K [0x00000000c0000000, 0x00000000c4080000, 0x00000000eab00000)
  object space 66048K, 99% used [0x00000000c0000000,0x00000000c3fdb0f8,0x00000000c4080000)
 Metaspace       used 56363K, capacity 57968K, committed 58112K, reserved 1099776K
  class space    used 7515K, capacity 7853K, committed 7936K, reserved 1048576K
Event: 85.582 GC heap after
Heap after GC invocations=15 (full 4):
 PSYoungGen      total 174080K, used 0K [0x00000000eab00000, 0x00000000f8380000, 0x0000000100000000)
  eden space 147456K, 0% used [0x00000000eab00000,0x00000000eab00000,0x00000000f3b00000)
  from space 26624K, 0% used [0x00000000f3b00000,0x00000000f3b00000,0x00000000f5500000)
  to   space 31744K, 0% used [0x00000000f6480000,0x00000000f6480000,0x00000000f8380000)
 ParOldGen       total 123392K, used 59838K [0x00000000c0000000, 0x00000000c7880000, 0x00000000eab00000)
  object space 123392K, 48% used [0x00000000c0000000,0x00000000c3a6fb78,0x00000000c7880000)
 Metaspace       used 56170K, capacity 57720K, committed 58112K, reserved 1099776K
  class space    used 7494K, capacity 7813K, committed 7936K, reserved 1048576K
}
Event: 121.464 GC heap before
{Heap before GC invocations=16 (full 4):
 PSYoungGen      total 174080K, used 147456K [0x00000000eab00000, 0x00000000f8380000, 0x0000000100000000)
  eden space 147456K, 100% used [0x00000000eab00000,0x00000000f3b00000,0x00000000f3b00000)
  from space 26624K, 0% used [0x00000000f3b00000,0x00000000f3b00000,0x00000000f5500000)
  to   space 31744K, 0% used [0x00000000f6480000,0x00000000f6480000,0x00000000f8380000)
 ParOldGen       total 123392K, used 59838K [0x00000000c0000000, 0x00000000c7880000, 0x00000000eab00000)
  object space 123392K, 48% used [0x00000000c0000000,0x00000000c3a6fb78,0x00000000c7880000)
 Metaspace       used 56973K, capacity 58698K, committed 58880K, reserved 1099776K
  class space    used 7519K, capacity 7852K, committed 7936K, reserved 1048576K
Event: 121.487 GC heap after
Heap after GC invocations=16 (full 4):
 PSYoungGen      total 189952K, used 17036K [0x00000000eab00000, 0x00000000f9c80000, 0x0000000100000000)
  eden space 158208K, 0% used [0x00000000eab00000,0x00000000eab00000,0x00000000f4580000)
  from space 31744K, 53% used [0x00000000f6480000,0x00000000f7523340,0x00000000f8380000)
  to   space 31744K, 0% used [0x00000000f4580000,0x00000000f4580000,0x00000000f6480000)
 ParOldGen       total 123392K, used 59846K [0x00000000c0000000, 0x00000000c7880000, 0x00000000eab00000)
  object space 123392K, 48% used [0x00000000c0000000,0x00000000c3a71b78,0x00000000c7880000)
 Metaspace       used 56973K, capacity 58698K, committed 58880K, reserved 1099776K
  class space    used 7519K, capacity 7852K, committed 7936K, reserved 1048576K
}
Event: 472.426 GC heap before
{Heap before GC invocations=17 (full 4):
 PSYoungGen      total 189952K, used 175244K [0x00000000eab00000, 0x00000000f9c80000, 0x0000000100000000)
  eden space 158208K, 100% used [0x00000000eab00000,0x00000000f4580000,0x00000000f4580000)
  from space 31744K, 53% used [0x00000000f6480000,0x00000000f7523340,0x00000000f8380000)
  to   space 31744K, 0% used [0x00000000f4580000,0x00000000f4580000,0x00000000f6480000)
 ParOldGen       total 123392K, used 59846K [0x00000000c0000000, 0x00000000c7880000, 0x00000000eab00000)
  object space 123392K, 48% used [0x00000000c0000000,0x00000000c3a71b78,0x00000000c7880000)
 Metaspace       used 57565K, capacity 59462K, committed 59648K, reserved 1101824K
  class space    used 7559K, capacity 7918K, committed 7936K, reserved 1048576K
Event: 472.477 GC heap after
Heap after GC invocations=17 (full 4):
 PSYoungGen      total 189952K, used 31725K [0x00000000eab00000, 0x00000000fb180000, 0x0000000100000000)
  eden space 158208K, 0% used [0x00000000eab00000,0x00000000eab00000,0x00000000f4580000)
  from space 31744K, 99% used [0x00000000f4580000,0x00000000f647b660,0x00000000f6480000)
  to   space 38912K, 0% used [0x00000000f8b80000,0x00000000f8b80000,0x00000000fb180000)
 ParOldGen       total 123392K, used 65939K [0x00000000c0000000, 0x00000000c7880000, 0x00000000eab00000)
  object space 123392K, 53% used [0x00000000c0000000,0x00000000c4064df0,0x00000000c7880000)
 Metaspace       used 57565K, capacity 59462K, committed 59648K, reserved 1101824K
  class space    used 7559K, capacity 7918K, committed 7936K, reserved 1048576K
}
Event: 475.572 GC heap before
{Heap before GC invocations=18 (full 4):
 PSYoungGen      total 189952K, used 189933K [0x00000000eab00000, 0x00000000fb180000, 0x0000000100000000)
  eden space 158208K, 100% used [0x00000000eab00000,0x00000000f4580000,0x00000000f4580000)
  from space 31744K, 99% used [0x00000000f4580000,0x00000000f647b660,0x00000000f6480000)
  to   space 38912K, 0% used [0x00000000f8b80000,0x00000000f8b80000,0x00000000fb180000)
 ParOldGen       total 123392K, used 65939K [0x00000000c0000000, 0x00000000c7880000, 0x00000000eab00000)
  object space 123392K, 53% used [0x00000000c0000000,0x00000000c4064df0,0x00000000c7880000)
 Metaspace       used 61422K, capacity 63382K, committed 63744K, reserved 1103872K
  class space    used 7987K, capacity 8377K, committed 8448K, reserved 1048576K

