# JRE version: Java(TM) SE Runtime Environment (8.0_72-b15) (build 1.8.0_72-b15)
# Java VM: Java HotSpot(TM) 64-Bit Server VM (25.72-b15 mixed mode linux-amd64 compressed oops)
Heap:
 PSYoungGen      total 273408K, used 26284K [0x00000000eab00000, 0x00000000fe600000, 0x0000000100000000)
  eden space 238080K, 0% used [0x00000000eab00000,0x00000000eab00000,0x00000000f9380000)
  from space 35328K, 74% used [0x00000000fb980000,0x00000000fd32b3c8,0x00000000fdc00000)
  to   space 38912K, 0% used [0x00000000f9380000,0x00000000f9380000,0x00000000fb980000)
 ParOldGen       total 85504K, used 85298K [0x00000000c0000000, 0x00000000c5380000, 0x00000000eab00000)
  object space 85504K, 99% used [0x00000000c0000000,0x00000000c534cb18,0x00000000c5380000)
 Metaspace       used 6547K, capacity 7320K, committed 7680K, reserved 1056768K
  class space    used 616K, capacity 656K, committed 768K, reserved 1048576K
GC Heap History (10 events):
Event: 2.510 GC heap after
Heap after GC invocations=9 (full 0):
 PSYoungGen      total 139264K, used 19948K [0x00000000eab00000, 0x00000000f9d80000, 0x0000000100000000)
  eden space 119296K, 0% used [0x00000000eab00000,0x00000000eab00000,0x00000000f1f80000)
  from space 19968K, 99% used [0x00000000f1f80000,0x00000000f32fb1f0,0x00000000f3300000)
  to   space 28672K, 0% used [0x00000000f8180000,0x00000000f8180000,0x00000000f9d80000)
 ParOldGen       total 42496K, used 30199K [0x00000000c0000000, 0x00000000c2980000, 0x00000000eab00000)
  object space 42496K, 71% used [0x00000000c0000000,0x00000000c1d7dd08,0x00000000c2980000)
 Metaspace       used 6254K, capacity 7128K, committed 7424K, reserved 1056768K
  class space    used 615K, capacity 656K, committed 768K, reserved 1048576K
}
Event: 3.004 GC heap before
{Heap before GC invocations=10 (full 0):
 PSYoungGen      total 139264K, used 139244K [0x00000000eab00000, 0x00000000f9d80000, 0x0000000100000000)
  eden space 119296K, 100% used [0x00000000eab00000,0x00000000f1f80000,0x00000000f1f80000)
  from space 19968K, 99% used [0x00000000f1f80000,0x00000000f32fb1f0,0x00000000f3300000)
  to   space 28672K, 0% used [0x00000000f8180000,0x00000000f8180000,0x00000000f9d80000)
 ParOldGen       total 42496K, used 30199K [0x00000000c0000000, 0x00000000c2980000, 0x00000000eab00000)
  object space 42496K, 71% used [0x00000000c0000000,0x00000000c1d7dd08,0x00000000c2980000)
 Metaspace       used 6393K, capacity 7192K, committed 7424K, reserved 1056768K
  class space    used 615K, capacity 656K, committed 768K, reserved 1048576K
Event: 3.058 GC heap after
Heap after GC invocations=10 (full 0):
 PSYoungGen      total 216064K, used 25667K [0x00000000eab00000, 0x00000000fa480000, 0x0000000100000000)
  eden space 187392K, 0% used [0x00000000eab00000,0x00000000eab00000,0x00000000f6200000)
  from space 28672K, 89% used [0x00000000f8180000,0x00000000f9a90de0,0x00000000f9d80000)
  to   space 32256K, 0% used [0x00000000f6200000,0x00000000f6200000,0x00000000f8180000)
 ParOldGen       total 42496K, used 39871K [0x00000000c0000000, 0x00000000c2980000, 0x00000000eab00000)
  object space 42496K, 93% used [0x00000000c0000000,0x00000000c26efcd8,0x00000000c2980000)
 Metaspace       used 6393K, capacity 7192K, committed 7424K, reserved 1056768K
  class space    used 615K, capacity 656K, committed 768K, reserved 1048576K
}
Event: 3.058 GC heap before
{Heap before GC invocations=11 (full 1):
 PSYoungGen      total 216064K, used 25667K [0x00000000eab00000, 0x00000000fa480000, 0x0000000100000000)
  eden space 187392K, 0% used [0x00000000eab00000,0x00000000eab00000,0x00000000f6200000)
  from space 28672K, 89% used [0x00000000f8180000,0x00000000f9a90de0,0x00000000f9d80000)
  to   space 32256K, 0% used [0x00000000f6200000,0x00000000f6200000,0x00000000f8180000)
 ParOldGen       total 42496K, used 39871K [0x00000000c0000000, 0x00000000c2980000, 0x00000000eab00000)
  object space 42496K, 93% used [0x00000000c0000000,0x00000000c26efcd8,0x00000000c2980000)
 Metaspace       used 6393K, capacity 7192K, committed 7424K, reserved 1056768K
  class space    used 615K, capacity 656K, committed 768K, reserved 1048576K
Event: 3.382 GC heap after
Heap after GC invocations=11 (full 1):
 PSYoungGen      total 216064K, used 19824K [0x00000000eab00000, 0x00000000fa480000, 0x0000000100000000)
  eden space 187392K, 0% used [0x00000000eab00000,0x00000000eab00000,0x00000000f6200000)
  from space 28672K, 69% used [0x00000000f8180000,0x00000000f94dc2a8,0x00000000f9d80000)
  to   space 32256K, 0% used [0x00000000f6200000,0x00000000f6200000,0x00000000f8180000)
 ParOldGen       total 78336K, used 42328K [0x00000000c0000000, 0x00000000c4c80000, 0x00000000eab00000)
  object space 78336K, 54% used [0x00000000c0000000,0x00000000c2956160,0x00000000c4c80000)
 Metaspace       used 6393K, capacity 7192K, committed 7424K, reserved 1056768K
  class space    used 615K, capacity 656K, committed 768K, reserved 1048576K
}
Event: 3.951 GC heap before
{Heap before GC invocations=12 (full 1):
 PSYoungGen      total 216064K, used 207216K [0x00000000eab00000, 0x00000000fa480000, 0x0000000100000000)
  eden space 187392K, 100% used [0x00000000eab00000,0x00000000f6200000,0x00000000f6200000)
  from space 28672K, 69% used [0x00000000f8180000,0x00000000f94dc2a8,0x00000000f9d80000)
  to   space 32256K, 0% used [0x00000000f6200000,0x00000000f6200000,0x00000000f8180000)
 ParOldGen       total 78336K, used 42328K [0x00000000c0000000, 0x00000000c4c80000, 0x00000000eab00000)
  object space 78336K, 54% used [0x00000000c0000000,0x00000000c2956160,0x00000000c4c80000)
 Metaspace       used 6518K, capacity 7256K, committed 7424K, reserved 1056768K
  class space    used 616K, capacity 656K, committed 768K, reserved 1048576K
Event: 4.032 GC heap after
Heap after GC invocations=12 (full 1):
 PSYoungGen      total 219648K, used 24861K [0x00000000eab00000, 0x00000000fdc00000, 0x0000000100000000)
  eden space 187392K, 0% used [0x00000000eab00000,0x00000000eab00000,0x00000000f6200000)
  from space 32256K, 77% used [0x00000000f6200000,0x00000000f7a476d8,0x00000000f8180000)
  to   space 35328K, 0% used [0x00000000fb980000,0x00000000fb980000,0x00000000fdc00000)
 ParOldGen       total 78336K, used 61623K [0x00000000c0000000, 0x00000000c4c80000, 0x00000000eab00000)
  object space 78336K, 78% used [0x00000000c0000000,0x00000000c3c2dfa8,0x00000000c4c80000)
 Metaspace       used 6518K, capacity 7256K, committed 7424K, reserved 1056768K
  class space    used 616K, capacity 656K, committed 768K, reserved 1048576K
}
Event: 4.660 GC heap before
{Heap before GC invocations=13 (full 1):
 PSYoungGen      total 219648K, used 212253K [0x00000000eab00000, 0x00000000fdc00000, 0x0000000100000000)
  eden space 187392K, 100% used [0x00000000eab00000,0x00000000f6200000,0x00000000f6200000)
  from space 32256K, 77% used [0x00000000f6200000,0x00000000f7a476d8,0x00000000f8180000)
  to   space 35328K, 0% used [0x00000000fb980000,0x00000000fb980000,0x00000000fdc00000)
 ParOldGen       total 78336K, used 61623K [0x00000000c0000000, 0x00000000c4c80000, 0x00000000eab00000)
  object space 78336K, 78% used [0x00000000c0000000,0x00000000c3c2dfa8,0x00000000c4c80000)
 Metaspace       used 6547K, capacity 7320K, committed 7680K, reserved 1056768K
  class space    used 616K, capacity 656K, committed 768K, reserved 1048576K
Event: 4.754 GC heap after
Heap after GC invocations=13 (full 1):
 PSYoungGen      total 273408K, used 28576K [0x00000000eab00000, 0x00000000fe600000, 0x0000000100000000)
  eden space 238080K, 0% used [0x00000000eab00000,0x00000000eab00000,0x00000000f9380000)
  from space 35328K, 80% used [0x00000000fb980000,0x00000000fd568000,0x00000000fdc00000)
  to   space 38912K, 0% used [0x00000000f9380000,0x00000000f9380000,0x00000000fb980000)
 ParOldGen       total 85504K, used 85245K [0x00000000c0000000, 0x00000000c5380000, 0x00000000eab00000)
  object space 85504K, 99% used [0x00000000c0000000,0x00000000c533f568,0x00000000c5380000)
 Metaspace       used 6547K, capacity 7320K, committed 7680K, reserved 1056768K
  class space    used 616K, capacity 656K, committed 768K, reserved 1048576K
}
Event: 4.754 GC heap before
{Heap before GC invocations=14 (full 2):
 PSYoungGen      total 273408K, used 28576K [0x00000000eab00000, 0x00000000fe600000, 0x0000000100000000)
  eden space 238080K, 0% used [0x00000000eab00000,0x00000000eab00000,0x00000000f9380000)
  from space 35328K, 80% used [0x00000000fb980000,0x00000000fd568000,0x00000000fdc00000)
  to   space 38912K, 0% used [0x00000000f9380000,0x00000000f9380000,0x00000000fb980000)
 ParOldGen       total 85504K, used 85245K [0x00000000c0000000, 0x00000000c5380000, 0x00000000eab00000)
  object space 85504K, 99% used [0x00000000c0000000,0x00000000c533f568,0x00000000c5380000)
 Metaspace       used 6547K, capacity 7320K, committed 7680K, reserved 1056768K
  class space    used 616K, capacity 656K, committed 768K, reserved 1048576K

