# JRE version: Java(TM) SE Runtime Environment (8.0_72-b15) (build 1.8.0_72-b15)
# Java VM: Java HotSpot(TM) 64-Bit Server VM (25.72-b15 mixed mode linux-amd64 compressed oops)
Heap:
 PSYoungGen      total 251904K, used 56313K [0x00000000eab00000, 0x0000000100000000, 0x0000000100000000)
  eden space 183296K, 0% used [0x00000000eab00000,0x00000000eab00000,0x00000000f5e00000)
  from space 68608K, 82% used [0x00000000f5e00000,0x00000000f94fe7b8,0x00000000fa100000)
  to   space 92160K, 0% used [0x00000000fa600000,0x00000000fa600000,0x0000000100000000)
 ParOldGen       total 142848K, used 142789K [0x00000000c0000000, 0x00000000c8b80000, 0x00000000eab00000)
  object space 142848K, 99% used [0x00000000c0000000,0x00000000c8b717f0,0x00000000c8b80000)
 Metaspace       used 6510K, capacity 7256K, committed 7424K, reserved 1056768K
  class space    used 614K, capacity 656K, committed 768K, reserved 1048576K
GC Heap History (10 events):
Event: 6.535 GC heap after
Heap after GC invocations=11 (full 1):
 PSYoungGen      total 259072K, used 41959K [0x00000000eab00000, 0x0000000100000000, 0x0000000100000000)
  eden space 217088K, 0% used [0x00000000eab00000,0x00000000eab00000,0x00000000f7f00000)
  from space 41984K, 99% used [0x00000000fb600000,0x00000000fdef9f80,0x00000000fdf00000)
  to   space 56320K, 0% used [0x00000000f7f00000,0x00000000f7f00000,0x00000000fb600000)
 ParOldGen       total 80384K, used 78449K [0x00000000c0000000, 0x00000000c4e80000, 0x00000000eab00000)
  object space 80384K, 97% used [0x00000000c0000000,0x00000000c4c9c788,0x00000000c4e80000)
 Metaspace       used 6495K, capacity 7256K, committed 7424K, reserved 1056768K
  class space    used 614K, capacity 656K, committed 768K, reserved 1048576K
}
Event: 6.535 GC heap before
{Heap before GC invocations=12 (full 2):
 PSYoungGen      total 259072K, used 41959K [0x00000000eab00000, 0x0000000100000000, 0x0000000100000000)
  eden space 217088K, 0% used [0x00000000eab00000,0x00000000eab00000,0x00000000f7f00000)
  from space 41984K, 99% used [0x00000000fb600000,0x00000000fdef9f80,0x00000000fdf00000)
  to   space 56320K, 0% used [0x00000000f7f00000,0x00000000f7f00000,0x00000000fb600000)
 ParOldGen       total 80384K, used 78449K [0x00000000c0000000, 0x00000000c4e80000, 0x00000000eab00000)
  object space 80384K, 97% used [0x00000000c0000000,0x00000000c4c9c788,0x00000000c4e80000)
 Metaspace       used 6495K, capacity 7256K, committed 7424K, reserved 1056768K
  class space    used 614K, capacity 656K, committed 768K, reserved 1048576K
Event: 7.715 GC heap after
Heap after GC invocations=12 (full 2):
 PSYoungGen      total 259072K, used 37249K [0x00000000eab00000, 0x0000000100000000, 0x0000000100000000)
  eden space 217088K, 0% used [0x00000000eab00000,0x00000000eab00000,0x00000000f7f00000)
  from space 41984K, 88% used [0x00000000fb600000,0x00000000fda607e8,0x00000000fdf00000)
  to   space 56320K, 0% used [0x00000000f7f00000,0x00000000f7f00000,0x00000000fb600000)
 ParOldGen       total 142848K, used 79946K [0x00000000c0000000, 0x00000000c8b80000, 0x00000000eab00000)
  object space 142848K, 55% used [0x00000000c0000000,0x00000000c4e12998,0x00000000c8b80000)
 Metaspace       used 6495K, capacity 7256K, committed 7424K, reserved 1056768K
  class space    used 614K, capacity 656K, committed 768K, reserved 1048576K
}
Event: 8.734 GC heap before
{Heap before GC invocations=13 (full 2):
 PSYoungGen      total 259072K, used 254337K [0x00000000eab00000, 0x0000000100000000, 0x0000000100000000)
  eden space 217088K, 100% used [0x00000000eab00000,0x00000000f7f00000,0x00000000f7f00000)
  from space 41984K, 88% used [0x00000000fb600000,0x00000000fda607e8,0x00000000fdf00000)
  to   space 56320K, 0% used [0x00000000f7f00000,0x00000000f7f00000,0x00000000fb600000)
 ParOldGen       total 142848K, used 79946K [0x00000000c0000000, 0x00000000c8b80000, 0x00000000eab00000)
  object space 142848K, 55% used [0x00000000c0000000,0x00000000c4e12998,0x00000000c8b80000)
 Metaspace       used 6503K, capacity 7256K, committed 7424K, reserved 1056768K
  class space    used 614K, capacity 656K, committed 768K, reserved 1048576K
Event: 9.014 GC heap after
Heap after GC invocations=13 (full 2):
 PSYoungGen      total 273408K, used 53616K [0x00000000eab00000, 0x0000000100000000, 0x0000000100000000)
  eden space 217088K, 0% used [0x00000000eab00000,0x00000000eab00000,0x00000000f7f00000)
  from space 56320K, 95% used [0x00000000f7f00000,0x00000000fb35c3a0,0x00000000fb600000)
  to   space 65536K, 0% used [0x00000000fc000000,0x00000000fc000000,0x0000000100000000)
 ParOldGen       total 142848K, used 92948K [0x00000000c0000000, 0x00000000c8b80000, 0x00000000eab00000)
  object space 142848K, 65% used [0x00000000c0000000,0x00000000c5ac5188,0x00000000c8b80000)
 Metaspace       used 6503K, capacity 7256K, committed 7424K, reserved 1056768K
  class space    used 614K, capacity 656K, committed 768K, reserved 1048576K
}
Event: 9.618 GC heap before
{Heap before GC invocations=14 (full 2):
 PSYoungGen      total 273408K, used 270704K [0x00000000eab00000, 0x0000000100000000, 0x0000000100000000)
  eden space 217088K, 100% used [0x00000000eab00000,0x00000000f7f00000,0x00000000f7f00000)
  from space 56320K, 95% used [0x00000000f7f00000,0x00000000fb35c3a0,0x00000000fb600000)
  to   space 65536K, 0% used [0x00000000fc000000,0x00000000fc000000,0x0000000100000000)
 ParOldGen       total 142848K, used 92948K [0x00000000c0000000, 0x00000000c8b80000, 0x00000000eab00000)
  object space 142848K, 65% used [0x00000000c0000000,0x00000000c5ac5188,0x00000000c8b80000)
 Metaspace       used 6509K, capacity 7256K, committed 7424K, reserved 1056768K
  class space    used 614K, capacity 656K, committed 768K, reserved 1048576K
Event: 9.724 GC heap after
Heap after GC invocations=14 (full 2):
 PSYoungGen      total 248832K, used 65529K [0x00000000eab00000, 0x0000000100000000, 0x0000000100000000)
  eden space 183296K, 0% used [0x00000000eab00000,0x00000000eab00000,0x00000000f5e00000)
  from space 65536K, 99% used [0x00000000fc000000,0x00000000ffffe6e0,0x0000000100000000)
  to   space 82944K, 0% used [0x00000000f5e00000,0x00000000f5e00000,0x00000000faf00000)
 ParOldGen       total 142848K, used 110024K [0x00000000c0000000, 0x00000000c8b80000, 0x00000000eab00000)
  object space 142848K, 77% used [0x00000000c0000000,0x00000000c6b72120,0x00000000c8b80000)
 Metaspace       used 6509K, capacity 7256K, committed 7424K, reserved 1056768K
  class space    used 614K, capacity 656K, committed 768K, reserved 1048576K
}
Event: 10.327 GC heap before
{Heap before GC invocations=15 (full 2):
 PSYoungGen      total 248832K, used 248825K [0x00000000eab00000, 0x0000000100000000, 0x0000000100000000)
  eden space 183296K, 100% used [0x00000000eab00000,0x00000000f5e00000,0x00000000f5e00000)
  from space 65536K, 99% used [0x00000000fc000000,0x00000000ffffe6e0,0x0000000100000000)
  to   space 82944K, 0% used [0x00000000f5e00000,0x00000000f5e00000,0x00000000faf00000)
 ParOldGen       total 142848K, used 110024K [0x00000000c0000000, 0x00000000c8b80000, 0x00000000eab00000)
  object space 142848K, 77% used [0x00000000c0000000,0x00000000c6b72120,0x00000000c8b80000)
 Metaspace       used 6510K, capacity 7256K, committed 7424K, reserved 1056768K
  class space    used 614K, capacity 656K, committed 768K, reserved 1048576K
Event: 10.493 GC heap after
Heap after GC invocations=15 (full 2):
 PSYoungGen      total 251904K, used 68361K [0x00000000eab00000, 0x0000000100000000, 0x0000000100000000)
  eden space 183296K, 0% used [0x00000000eab00000,0x00000000eab00000,0x00000000f5e00000)
  from space 68608K, 99% used [0x00000000f5e00000,0x00000000fa0c2778,0x00000000fa100000)
  to   space 92160K, 0% used [0x00000000fa600000,0x00000000fa600000,0x0000000100000000)
 ParOldGen       total 142848K, used 133767K [0x00000000c0000000, 0x00000000c8b80000, 0x00000000eab00000)
  object space 142848K, 93% used [0x00000000c0000000,0x00000000c82a1d30,0x00000000c8b80000)
 Metaspace       used 6510K, capacity 7256K, committed 7424K, reserved 1056768K
  class space    used 614K, capacity 656K, committed 768K, reserved 1048576K
}
Event: 10.495 GC heap before
{Heap before GC invocations=16 (full 3):
 PSYoungGen      total 251904K, used 68361K [0x00000000eab00000, 0x0000000100000000, 0x0000000100000000)
  eden space 183296K, 0% used [0x00000000eab00000,0x00000000eab00000,0x00000000f5e00000)
  from space 68608K, 99% used [0x00000000f5e00000,0x00000000fa0c2778,0x00000000fa100000)
  to   space 92160K, 0% used [0x00000000fa600000,0x00000000fa600000,0x0000000100000000)
 ParOldGen       total 142848K, used 133767K [0x00000000c0000000, 0x00000000c8b80000, 0x00000000eab00000)
  object space 142848K, 93% used [0x00000000c0000000,0x00000000c82a1d30,0x00000000c8b80000)
 Metaspace       used 6510K, capacity 7256K, committed 7424K, reserved 1056768K
  class space    used 614K, capacity 656K, committed 768K, reserved 1048576K

