# JRE version: Java(TM) SE Runtime Environment (8.0_72-b15) (build 1.8.0_72-b15)
# Java VM: Java HotSpot(TM) 64-Bit Server VM (25.72-b15 mixed mode linux-amd64 compressed oops)
Heap:
 PSYoungGen      total 254976K, used 32490K [0x00000000eab00000, 0x0000000100000000, 0x0000000100000000)
  eden space 216064K, 0% used [0x00000000eab00000,0x00000000eab00000,0x00000000f7e00000)
  from space 38912K, 83% used [0x00000000fb300000,0x00000000fd2ba8f8,0x00000000fd900000)
  to   space 54272K, 0% used [0x00000000f7e00000,0x00000000f7e00000,0x00000000fb300000)
 ParOldGen       total 81408K, used 81268K [0x00000000c0000000, 0x00000000c4f80000, 0x00000000eab00000)
  object space 81408K, 99% used [0x00000000c0000000,0x00000000c4f5d278,0x00000000c4f80000)
 Metaspace       used 6529K, capacity 7320K, committed 7680K, reserved 1056768K
  class space    used 615K, capacity 656K, committed 768K, reserved 1048576K
GC Heap History (10 events):
Event: 2.193 GC heap after
Heap after GC invocations=7 (full 0):
 PSYoungGen      total 141312K, used 16867K [0x00000000eab00000, 0x00000000fd200000, 0x0000000100000000)
  eden space 124416K, 0% used [0x00000000eab00000,0x00000000eab00000,0x00000000f2480000)
  from space 16896K, 99% used [0x00000000f2480000,0x00000000f34f8fc0,0x00000000f3500000)
  to   space 26624K, 0% used [0x00000000fb800000,0x00000000fb800000,0x00000000fd200000)
 ParOldGen       total 42496K, used 31324K [0x00000000c0000000, 0x00000000c2980000, 0x00000000eab00000)
  object space 42496K, 73% used [0x00000000c0000000,0x00000000c1e973c8,0x00000000c2980000)
 Metaspace       used 6316K, capacity 7192K, committed 7424K, reserved 1056768K
  class space    used 614K, capacity 656K, committed 768K, reserved 1048576K
}
Event: 2.193 GC heap before
{Heap before GC invocations=8 (full 1):
 PSYoungGen      total 141312K, used 16867K [0x00000000eab00000, 0x00000000fd200000, 0x0000000100000000)
  eden space 124416K, 0% used [0x00000000eab00000,0x00000000eab00000,0x00000000f2480000)
  from space 16896K, 99% used [0x00000000f2480000,0x00000000f34f8fc0,0x00000000f3500000)
  to   space 26624K, 0% used [0x00000000fb800000,0x00000000fb800000,0x00000000fd200000)
 ParOldGen       total 42496K, used 31324K [0x00000000c0000000, 0x00000000c2980000, 0x00000000eab00000)
  object space 42496K, 73% used [0x00000000c0000000,0x00000000c1e973c8,0x00000000c2980000)
 Metaspace       used 6316K, capacity 7192K, committed 7424K, reserved 1056768K
  class space    used 614K, capacity 656K, committed 768K, reserved 1048576K
Event: 2.424 GC heap after
Heap after GC invocations=8 (full 1):
 PSYoungGen      total 141312K, used 2013K [0x00000000eab00000, 0x00000000fd200000, 0x0000000100000000)
  eden space 124416K, 0% used [0x00000000eab00000,0x00000000eab00000,0x00000000f2480000)
  from space 16896K, 11% used [0x00000000f2480000,0x00000000f2677460,0x00000000f3500000)
  to   space 26624K, 0% used [0x00000000fb800000,0x00000000fb800000,0x00000000fd200000)
 ParOldGen       total 81408K, used 42260K [0x00000000c0000000, 0x00000000c4f80000, 0x00000000eab00000)
  object space 81408K, 51% used [0x00000000c0000000,0x00000000c29450d8,0x00000000c4f80000)
 Metaspace       used 6316K, capacity 7192K, committed 7424K, reserved 1056768K
  class space    used 614K, capacity 656K, committed 768K, reserved 1048576K
}
Event: 2.786 GC heap before
{Heap before GC invocations=9 (full 1):
 PSYoungGen      total 141312K, used 126429K [0x00000000eab00000, 0x00000000fd200000, 0x0000000100000000)
  eden space 124416K, 100% used [0x00000000eab00000,0x00000000f2480000,0x00000000f2480000)
  from space 16896K, 11% used [0x00000000f2480000,0x00000000f2677460,0x00000000f3500000)
  to   space 26624K, 0% used [0x00000000fb800000,0x00000000fb800000,0x00000000fd200000)
 ParOldGen       total 81408K, used 42260K [0x00000000c0000000, 0x00000000c4f80000, 0x00000000eab00000)
  object space 81408K, 51% used [0x00000000c0000000,0x00000000c29450d8,0x00000000c4f80000)
 Metaspace       used 6395K, capacity 7192K, committed 7424K, reserved 1056768K
  class space    used 615K, capacity 656K, committed 768K, reserved 1048576K
Event: 2.846 GC heap after
Heap after GC invocations=9 (full 1):
 PSYoungGen      total 199680K, used 18743K [0x00000000eab00000, 0x00000000fca80000, 0x0000000100000000)
  eden space 180736K, 0% used [0x00000000eab00000,0x00000000eab00000,0x00000000f5b80000)
  from space 18944K, 98% used [0x00000000fb800000,0x00000000fca4dda0,0x00000000fca80000)
  to   space 28672K, 0% used [0x00000000f9280000,0x00000000f9280000,0x00000000fae80000)
 ParOldGen       total 81408K, used 42268K [0x00000000c0000000, 0x00000000c4f80000, 0x00000000eab00000)
  object space 81408K, 51% used [0x00000000c0000000,0x00000000c29470d8,0x00000000c4f80000)
 Metaspace       used 6395K, capacity 7192K, committed 7424K, reserved 1056768K
  class space    used 615K, capacity 656K, committed 768K, reserved 1048576K
}
Event: 3.392 GC heap before
{Heap before GC invocations=10 (full 1):
 PSYoungGen      total 199680K, used 199479K [0x00000000eab00000, 0x00000000fca80000, 0x0000000100000000)
  eden space 180736K, 100% used [0x00000000eab00000,0x00000000f5b80000,0x00000000f5b80000)
  from space 18944K, 98% used [0x00000000fb800000,0x00000000fca4dda0,0x00000000fca80000)
  to   space 28672K, 0% used [0x00000000f9280000,0x00000000f9280000,0x00000000fae80000)
 ParOldGen       total 81408K, used 42268K [0x00000000c0000000, 0x00000000c4f80000, 0x00000000eab00000)
  object space 81408K, 51% used [0x00000000c0000000,0x00000000c29470d8,0x00000000c4f80000)
 Metaspace       used 6489K, capacity 7256K, committed 7424K, reserved 1056768K
  class space    used 615K, capacity 656K, committed 768K, reserved 1048576K
Event: 3.451 GC heap after
Heap after GC invocations=10 (full 1):
 PSYoungGen      total 260096K, used 28661K [0x00000000eab00000, 0x00000000fd900000, 0x0000000100000000)
  eden space 231424K, 0% used [0x00000000eab00000,0x00000000eab00000,0x00000000f8d00000)
  from space 28672K, 99% used [0x00000000f9280000,0x00000000fae7d478,0x00000000fae80000)
  to   space 38912K, 0% used [0x00000000fb300000,0x00000000fb300000,0x00000000fd900000)
 ParOldGen       total 81408K, used 54821K [0x00000000c0000000, 0x00000000c4f80000, 0x00000000eab00000)
  object space 81408K, 67% used [0x00000000c0000000,0x00000000c3589640,0x00000000c4f80000)
 Metaspace       used 6489K, capacity 7256K, committed 7424K, reserved 1056768K
  class space    used 615K, capacity 656K, committed 768K, reserved 1048576K
}
Event: 4.415 GC heap before
{Heap before GC invocations=11 (full 1):
 PSYoungGen      total 260096K, used 260085K [0x00000000eab00000, 0x00000000fd900000, 0x0000000100000000)
  eden space 231424K, 100% used [0x00000000eab00000,0x00000000f8d00000,0x00000000f8d00000)
  from space 28672K, 99% used [0x00000000f9280000,0x00000000fae7d478,0x00000000fae80000)
  to   space 38912K, 0% used [0x00000000fb300000,0x00000000fb300000,0x00000000fd900000)
 ParOldGen       total 81408K, used 54821K [0x00000000c0000000, 0x00000000c4f80000, 0x00000000eab00000)
  object space 81408K, 67% used [0x00000000c0000000,0x00000000c3589640,0x00000000c4f80000)
 Metaspace       used 6529K, capacity 7320K, committed 7680K, reserved 1056768K
  class space    used 615K, capacity 656K, committed 768K, reserved 1048576K
Event: 4.527 GC heap after
Heap after GC invocations=11 (full 1):
 PSYoungGen      total 254976K, used 38906K [0x00000000eab00000, 0x0000000100000000, 0x0000000100000000)
  eden space 216064K, 0% used [0x00000000eab00000,0x00000000eab00000,0x00000000f7e00000)
  from space 38912K, 99% used [0x00000000fb300000,0x00000000fd8fe988,0x00000000fd900000)
  to   space 54272K, 0% used [0x00000000f7e00000,0x00000000f7e00000,0x00000000fb300000)
 ParOldGen       total 81408K, used 79140K [0x00000000c0000000, 0x00000000c4f80000, 0x00000000eab00000)
  object space 81408K, 97% used [0x00000000c0000000,0x00000000c4d492d8,0x00000000c4f80000)
 Metaspace       used 6529K, capacity 7320K, committed 7680K, reserved 1056768K
  class space    used 615K, capacity 656K, committed 768K, reserved 1048576K
}
Event: 4.527 GC heap before
{Heap before GC invocations=12 (full 2):
 PSYoungGen      total 254976K, used 38906K [0x00000000eab00000, 0x0000000100000000, 0x0000000100000000)
  eden space 216064K, 0% used [0x00000000eab00000,0x00000000eab00000,0x00000000f7e00000)
  from space 38912K, 99% used [0x00000000fb300000,0x00000000fd8fe988,0x00000000fd900000)
  to   space 54272K, 0% used [0x00000000f7e00000,0x00000000f7e00000,0x00000000fb300000)
 ParOldGen       total 81408K, used 79140K [0x00000000c0000000, 0x00000000c4f80000, 0x00000000eab00000)
  object space 81408K, 97% used [0x00000000c0000000,0x00000000c4d492d8,0x00000000c4f80000)
 Metaspace       used 6529K, capacity 7320K, committed 7680K, reserved 1056768K
  class space    used 615K, capacity 656K, committed 768K, reserved 1048576K

