# JRE version: Java(TM) SE Runtime Environment (8.0_74-b02) (build 1.8.0_74-b02)
# Java VM: Java HotSpot(TM) 64-Bit Server VM (25.74-b02 mixed mode linux-amd64 compressed oops)
Heap:
 PSYoungGen      total 272384K, used 40278K [0x00000000eab00000, 0x0000000100000000, 0x0000000100000000)
  eden space 225280K, 0% used [0x00000000eab00000,0x00000000eab00000,0x00000000f8700000)
  from space 47104K, 85% used [0x00000000fd200000,0x00000000ff955880,0x0000000100000000)
  to   space 61952K, 0% used [0x00000000f8700000,0x00000000f8700000,0x00000000fc380000)
 ParOldGen       total 79872K, used 79750K [0x00000000c0000000, 0x00000000c4e00000, 0x00000000eab00000)
  object space 79872K, 99% used [0x00000000c0000000,0x00000000c4de1bf8,0x00000000c4e00000)
 Metaspace       used 6534K, capacity 7320K, committed 7680K, reserved 1056768K
  class space    used 614K, capacity 656K, committed 768K, reserved 1048576K
GC Heap History (10 events):
Event: 2.204 GC heap after
Heap after GC invocations=7 (full 0):
 PSYoungGen      total 138752K, used 15336K [0x00000000eab00000, 0x00000000fce00000, 0x0000000100000000)
  eden space 123392K, 0% used [0x00000000eab00000,0x00000000eab00000,0x00000000f2380000)
  from space 15360K, 99% used [0x00000000f2380000,0x00000000f327a0e0,0x00000000f3280000)
  to   space 25600K, 0% used [0x00000000fb500000,0x00000000fb500000,0x00000000fce00000)
 ParOldGen       total 42496K, used 28756K [0x00000000c0000000, 0x00000000c2980000, 0x00000000eab00000)
  object space 42496K, 67% used [0x00000000c0000000,0x00000000c1c15290,0x00000000c2980000)
 Metaspace       used 6257K, capacity 7128K, committed 7424K, reserved 1056768K
  class space    used 614K, capacity 656K, committed 768K, reserved 1048576K
}
Event: 2.747 GC heap before
{Heap before GC invocations=8 (full 0):
 PSYoungGen      total 138752K, used 138728K [0x00000000eab00000, 0x00000000fce00000, 0x0000000100000000)
  eden space 123392K, 100% used [0x00000000eab00000,0x00000000f2380000,0x00000000f2380000)
  from space 15360K, 99% used [0x00000000f2380000,0x00000000f327a0e0,0x00000000f3280000)
  to   space 25600K, 0% used [0x00000000fb500000,0x00000000fb500000,0x00000000fce00000)
 ParOldGen       total 42496K, used 28756K [0x00000000c0000000, 0x00000000c2980000, 0x00000000eab00000)
  object space 42496K, 67% used [0x00000000c0000000,0x00000000c1c15290,0x00000000c2980000)
 Metaspace       used 6392K, capacity 7192K, committed 7424K, reserved 1056768K
  class space    used 614K, capacity 656K, committed 768K, reserved 1048576K
Event: 2.840 GC heap after
Heap after GC invocations=8 (full 0):
 PSYoungGen      total 264192K, used 25594K [0x00000000eab00000, 0x00000000fde00000, 0x0000000100000000)
  eden space 238592K, 0% used [0x00000000eab00000,0x00000000eab00000,0x00000000f9400000)
  from space 25600K, 99% used [0x00000000fb500000,0x00000000fcdfe810,0x00000000fce00000)
  to   space 33792K, 0% used [0x00000000f9400000,0x00000000f9400000,0x00000000fb500000)
 ParOldGen       total 42496K, used 35649K [0x00000000c0000000, 0x00000000c2980000, 0x00000000eab00000)
  object space 42496K, 83% used [0x00000000c0000000,0x00000000c22d0550,0x00000000c2980000)
 Metaspace       used 6392K, capacity 7192K, committed 7424K, reserved 1056768K
  class space    used 614K, capacity 656K, committed 768K, reserved 1048576K
}
Event: 2.840 GC heap before
{Heap before GC invocations=9 (full 1):
 PSYoungGen      total 264192K, used 25594K [0x00000000eab00000, 0x00000000fde00000, 0x0000000100000000)
  eden space 238592K, 0% used [0x00000000eab00000,0x00000000eab00000,0x00000000f9400000)
  from space 25600K, 99% used [0x00000000fb500000,0x00000000fcdfe810,0x00000000fce00000)
  to   space 33792K, 0% used [0x00000000f9400000,0x00000000f9400000,0x00000000fb500000)
 ParOldGen       total 42496K, used 35649K [0x00000000c0000000, 0x00000000c2980000, 0x00000000eab00000)
  object space 42496K, 83% used [0x00000000c0000000,0x00000000c22d0550,0x00000000c2980000)
 Metaspace       used 6392K, capacity 7192K, committed 7424K, reserved 1056768K
  class space    used 614K, capacity 656K, committed 768K, reserved 1048576K
Event: 3.200 GC heap after
Heap after GC invocations=9 (full 1):
 PSYoungGen      total 264192K, used 16299K [0x00000000eab00000, 0x00000000fde00000, 0x0000000100000000)
  eden space 238592K, 0% used [0x00000000eab00000,0x00000000eab00000,0x00000000f9400000)
  from space 25600K, 63% used [0x00000000fb500000,0x00000000fc4eaca8,0x00000000fce00000)
  to   space 33792K, 0% used [0x00000000f9400000,0x00000000f9400000,0x00000000fb500000)
 ParOldGen       total 79872K, used 42044K [0x00000000c0000000, 0x00000000c4e00000, 0x00000000eab00000)
  object space 79872K, 52% used [0x00000000c0000000,0x00000000c290f350,0x00000000c4e00000)
 Metaspace       used 6392K, capacity 7192K, committed 7424K, reserved 1056768K
  class space    used 614K, capacity 656K, committed 768K, reserved 1048576K
}
Event: 3.979 GC heap before
{Heap before GC invocations=10 (full 1):
 PSYoungGen      total 264192K, used 254891K [0x00000000eab00000, 0x00000000fde00000, 0x0000000100000000)
  eden space 238592K, 100% used [0x00000000eab00000,0x00000000f9400000,0x00000000f9400000)
  from space 25600K, 63% used [0x00000000fb500000,0x00000000fc4eaca8,0x00000000fce00000)
  to   space 33792K, 0% used [0x00000000f9400000,0x00000000f9400000,0x00000000fb500000)
 ParOldGen       total 79872K, used 42044K [0x00000000c0000000, 0x00000000c4e00000, 0x00000000eab00000)
  object space 79872K, 52% used [0x00000000c0000000,0x00000000c290f350,0x00000000c4e00000)
 Metaspace       used 6485K, capacity 7256K, committed 7424K, reserved 1056768K
  class space    used 614K, capacity 656K, committed 768K, reserved 1048576K
Event: 4.084 GC heap after
Heap after GC invocations=10 (full 1):
 PSYoungGen      total 272384K, used 33763K [0x00000000eab00000, 0x0000000100000000, 0x0000000100000000)
  eden space 238592K, 0% used [0x00000000eab00000,0x00000000eab00000,0x00000000f9400000)
  from space 33792K, 99% used [0x00000000f9400000,0x00000000fb4f8e70,0x00000000fb500000)
  to   space 47104K, 0% used [0x00000000fd200000,0x00000000fd200000,0x0000000100000000)
 ParOldGen       total 79872K, used 58304K [0x00000000c0000000, 0x00000000c4e00000, 0x00000000eab00000)
  object space 79872K, 72% used [0x00000000c0000000,0x00000000c38f0158,0x00000000c4e00000)
 Metaspace       used 6485K, capacity 7256K, committed 7424K, reserved 1056768K
  class space    used 614K, capacity 656K, committed 768K, reserved 1048576K
}
Event: 4.825 GC heap before
{Heap before GC invocations=11 (full 1):
 PSYoungGen      total 272384K, used 272355K [0x00000000eab00000, 0x0000000100000000, 0x0000000100000000)
  eden space 238592K, 100% used [0x00000000eab00000,0x00000000f9400000,0x00000000f9400000)
  from space 33792K, 99% used [0x00000000f9400000,0x00000000fb4f8e70,0x00000000fb500000)
  to   space 47104K, 0% used [0x00000000fd200000,0x00000000fd200000,0x0000000100000000)
 ParOldGen       total 79872K, used 58843K [0x00000000c0000000, 0x00000000c4e00000, 0x00000000eab00000)
  object space 79872K, 73% used [0x00000000c0000000,0x00000000c3976ca8,0x00000000c4e00000)
 Metaspace       used 6534K, capacity 7320K, committed 7680K, reserved 1056768K
  class space    used 614K, capacity 656K, committed 768K, reserved 1048576K
Event: 4.992 GC heap after
Heap after GC invocations=11 (full 1):
 PSYoungGen      total 272384K, used 47072K [0x00000000eab00000, 0x0000000100000000, 0x0000000100000000)
  eden space 225280K, 0% used [0x00000000eab00000,0x00000000eab00000,0x00000000f8700000)
  from space 47104K, 99% used [0x00000000fd200000,0x00000000ffff8390,0x0000000100000000)
  to   space 61952K, 0% used [0x00000000f8700000,0x00000000f8700000,0x00000000fc380000)
 ParOldGen       total 79872K, used 77435K [0x00000000c0000000, 0x00000000c4e00000, 0x00000000eab00000)
  object space 79872K, 96% used [0x00000000c0000000,0x00000000c4b9efe0,0x00000000c4e00000)
 Metaspace       used 6534K, capacity 7320K, committed 7680K, reserved 1056768K
  class space    used 614K, capacity 656K, committed 768K, reserved 1048576K
}
Event: 5.014 GC heap before
{Heap before GC invocations=12 (full 2):
 PSYoungGen      total 272384K, used 47072K [0x00000000eab00000, 0x0000000100000000, 0x0000000100000000)
  eden space 225280K, 0% used [0x00000000eab00000,0x00000000eab00000,0x00000000f8700000)
  from space 47104K, 99% used [0x00000000fd200000,0x00000000ffff8390,0x0000000100000000)
  to   space 61952K, 0% used [0x00000000f8700000,0x00000000f8700000,0x00000000fc380000)
 ParOldGen       total 79872K, used 77435K [0x00000000c0000000, 0x00000000c4e00000, 0x00000000eab00000)
  object space 79872K, 96% used [0x00000000c0000000,0x00000000c4b9efe0,0x00000000c4e00000)
 Metaspace       used 6534K, capacity 7320K, committed 7680K, reserved 1056768K
  class space    used 614K, capacity 656K, committed 768K, reserved 1048576K

