# JRE version: Java(TM) SE Runtime Environment (8.0_72-b15) (build 1.8.0_72-b15)
# Java VM: Java HotSpot(TM) 64-Bit Server VM (25.72-b15 mixed mode linux-amd64 compressed oops)
Heap:
 PSYoungGen      total 269312K, used 38219K [0x00000000eab00000, 0x0000000100000000, 0x0000000100000000)
  eden space 227328K, 0% used [0x00000000eab00000,0x00000000eab00000,0x00000000f8900000)
  from space 41984K, 91% used [0x00000000fc100000,0x00000000fe652de0,0x00000000fea00000)
  to   space 57344K, 0% used [0x00000000f8900000,0x00000000f8900000,0x00000000fc100000)
 ParOldGen       total 82432K, used 82169K [0x00000000c0000000, 0x00000000c5080000, 0x00000000eab00000)
  object space 82432K, 99% used [0x00000000c0000000,0x00000000c503e7c0,0x00000000c5080000)
 Metaspace       used 6498K, capacity 7256K, committed 7424K, reserved 1056768K
  class space    used 614K, capacity 656K, committed 768K, reserved 1048576K
GC Heap History (10 events):
Event: 3.173 GC heap after
Heap after GC invocations=7 (full 0):
 PSYoungGen      total 140800K, used 16365K [0x00000000eab00000, 0x00000000fd200000, 0x0000000100000000)
  eden space 124416K, 0% used [0x00000000eab00000,0x00000000eab00000,0x00000000f2480000)
  from space 16384K, 99% used [0x00000000f2480000,0x00000000f347b660,0x00000000f3480000)
  to   space 26624K, 0% used [0x00000000fb800000,0x00000000fb800000,0x00000000fd200000)
 ParOldGen       total 42496K, used 31102K [0x00000000c0000000, 0x00000000c2980000, 0x00000000eab00000)
  object space 42496K, 73% used [0x00000000c0000000,0x00000000c1e5fbb0,0x00000000c2980000)
 Metaspace       used 6196K, capacity 7088K, committed 7296K, reserved 1056768K
  class space    used 594K, capacity 616K, committed 640K, reserved 1048576K
}
Event: 3.173 GC heap before
{Heap before GC invocations=8 (full 1):
 PSYoungGen      total 140800K, used 16365K [0x00000000eab00000, 0x00000000fd200000, 0x0000000100000000)
  eden space 124416K, 0% used [0x00000000eab00000,0x00000000eab00000,0x00000000f2480000)
  from space 16384K, 99% used [0x00000000f2480000,0x00000000f347b660,0x00000000f3480000)
  to   space 26624K, 0% used [0x00000000fb800000,0x00000000fb800000,0x00000000fd200000)
 ParOldGen       total 42496K, used 31102K [0x00000000c0000000, 0x00000000c2980000, 0x00000000eab00000)
  object space 42496K, 73% used [0x00000000c0000000,0x00000000c1e5fbb0,0x00000000c2980000)
 Metaspace       used 6196K, capacity 7088K, committed 7296K, reserved 1056768K
  class space    used 594K, capacity 616K, committed 640K, reserved 1048576K
Event: 3.469 GC heap after
Heap after GC invocations=8 (full 1):
 PSYoungGen      total 140800K, used 2538K [0x00000000eab00000, 0x00000000fd200000, 0x0000000100000000)
  eden space 124416K, 0% used [0x00000000eab00000,0x00000000eab00000,0x00000000f2480000)
  from space 16384K, 15% used [0x00000000f2480000,0x00000000f26fabb8,0x00000000f3480000)
  to   space 26624K, 0% used [0x00000000fb800000,0x00000000fb800000,0x00000000fd200000)
 ParOldGen       total 80384K, used 42342K [0x00000000c0000000, 0x00000000c4e80000, 0x00000000eab00000)
  object space 80384K, 52% used [0x00000000c0000000,0x00000000c2959ad8,0x00000000c4e80000)
 Metaspace       used 6196K, capacity 7088K, committed 7296K, reserved 1056768K
  class space    used 594K, capacity 616K, committed 640K, reserved 1048576K
}
Event: 4.166 GC heap before
{Heap before GC invocations=9 (full 1):
 PSYoungGen      total 140800K, used 126954K [0x00000000eab00000, 0x00000000fd200000, 0x0000000100000000)
  eden space 124416K, 100% used [0x00000000eab00000,0x00000000f2480000,0x00000000f2480000)
  from space 16384K, 15% used [0x00000000f2480000,0x00000000f26fabb8,0x00000000f3480000)
  to   space 26624K, 0% used [0x00000000fb800000,0x00000000fb800000,0x00000000fd200000)
 ParOldGen       total 80384K, used 42342K [0x00000000c0000000, 0x00000000c4e80000, 0x00000000eab00000)
  object space 80384K, 52% used [0x00000000c0000000,0x00000000c2959ad8,0x00000000c4e80000)
 Metaspace       used 6428K, capacity 7256K, committed 7424K, reserved 1056768K
  class space    used 614K, capacity 656K, committed 768K, reserved 1048576K
Event: 4.260 GC heap after
Heap after GC invocations=9 (full 1):
 PSYoungGen      total 208384K, used 21283K [0x00000000eab00000, 0x00000000fcd00000, 0x0000000100000000)
  eden space 186880K, 0% used [0x00000000eab00000,0x00000000eab00000,0x00000000f6180000)
  from space 21504K, 98% used [0x00000000fb800000,0x00000000fccc8f78,0x00000000fcd00000)
  to   space 29696K, 0% used [0x00000000f9300000,0x00000000f9300000,0x00000000fb000000)
 ParOldGen       total 80384K, used 42350K [0x00000000c0000000, 0x00000000c4e80000, 0x00000000eab00000)
  object space 80384K, 52% used [0x00000000c0000000,0x00000000c295bad8,0x00000000c4e80000)
 Metaspace       used 6428K, capacity 7256K, committed 7424K, reserved 1056768K
  class space    used 614K, capacity 656K, committed 768K, reserved 1048576K
}
Event: 5.224 GC heap before
{Heap before GC invocations=10 (full 1):
 PSYoungGen      total 208384K, used 208163K [0x00000000eab00000, 0x00000000fcd00000, 0x0000000100000000)
  eden space 186880K, 100% used [0x00000000eab00000,0x00000000f6180000,0x00000000f6180000)
  from space 21504K, 98% used [0x00000000fb800000,0x00000000fccc8f78,0x00000000fcd00000)
  to   space 29696K, 0% used [0x00000000f9300000,0x00000000f9300000,0x00000000fb000000)
 ParOldGen       total 80384K, used 42350K [0x00000000c0000000, 0x00000000c4e80000, 0x00000000eab00000)
  object space 80384K, 52% used [0x00000000c0000000,0x00000000c295bad8,0x00000000c4e80000)
 Metaspace       used 6481K, capacity 7256K, committed 7424K, reserved 1056768K
  class space    used 614K, capacity 656K, committed 768K, reserved 1048576K
Event: 5.310 GC heap after
Heap after GC invocations=10 (full 1):
 PSYoungGen      total 267264K, used 29677K [0x00000000eab00000, 0x00000000fea00000, 0x0000000100000000)
  eden space 237568K, 0% used [0x00000000eab00000,0x00000000eab00000,0x00000000f9300000)
  from space 29696K, 99% used [0x00000000f9300000,0x00000000faffb580,0x00000000fb000000)
  to   space 41984K, 0% used [0x00000000fc100000,0x00000000fc100000,0x00000000fea00000)
 ParOldGen       total 80384K, used 59723K [0x00000000c0000000, 0x00000000c4e80000, 0x00000000eab00000)
  object space 80384K, 74% used [0x00000000c0000000,0x00000000c3a52c90,0x00000000c4e80000)
 Metaspace       used 6481K, capacity 7256K, committed 7424K, reserved 1056768K
  class space    used 614K, capacity 656K, committed 768K, reserved 1048576K
}
Event: 6.631 GC heap before
{Heap before GC invocations=11 (full 1):
 PSYoungGen      total 267264K, used 267245K [0x00000000eab00000, 0x00000000fea00000, 0x0000000100000000)
  eden space 237568K, 100% used [0x00000000eab00000,0x00000000f9300000,0x00000000f9300000)
  from space 29696K, 99% used [0x00000000f9300000,0x00000000faffb580,0x00000000fb000000)
  to   space 41984K, 0% used [0x00000000fc100000,0x00000000fc100000,0x00000000fea00000)
 ParOldGen       total 80384K, used 59723K [0x00000000c0000000, 0x00000000c4e80000, 0x00000000eab00000)
  object space 80384K, 74% used [0x00000000c0000000,0x00000000c3a52c90,0x00000000c4e80000)
 Metaspace       used 6498K, capacity 7256K, committed 7424K, reserved 1056768K
  class space    used 614K, capacity 656K, committed 768K, reserved 1048576K
Event: 6.850 GC heap after
Heap after GC invocations=11 (full 1):
 PSYoungGen      total 269312K, used 41958K [0x00000000eab00000, 0x0000000100000000, 0x0000000100000000)
  eden space 227328K, 0% used [0x00000000eab00000,0x00000000eab00000,0x00000000f8900000)
  from space 41984K, 99% used [0x00000000fc100000,0x00000000fe9f9a98,0x00000000fea00000)
  to   space 57344K, 0% used [0x00000000f8900000,0x00000000f8900000,0x00000000fc100000)
 ParOldGen       total 82432K, used 81749K [0x00000000c0000000, 0x00000000c5080000, 0x00000000eab00000)
  object space 82432K, 99% used [0x00000000c0000000,0x00000000c4fd57b0,0x00000000c5080000)
 Metaspace       used 6498K, capacity 7256K, committed 7424K, reserved 1056768K
  class space    used 614K, capacity 656K, committed 768K, reserved 1048576K
}
Event: 6.852 GC heap before
{Heap before GC invocations=12 (full 2):
 PSYoungGen      total 269312K, used 41958K [0x00000000eab00000, 0x0000000100000000, 0x0000000100000000)
  eden space 227328K, 0% used [0x00000000eab00000,0x00000000eab00000,0x00000000f8900000)
  from space 41984K, 99% used [0x00000000fc100000,0x00000000fe9f9a98,0x00000000fea00000)
  to   space 57344K, 0% used [0x00000000f8900000,0x00000000f8900000,0x00000000fc100000)
 ParOldGen       total 82432K, used 81749K [0x00000000c0000000, 0x00000000c5080000, 0x00000000eab00000)
  object space 82432K, 99% used [0x00000000c0000000,0x00000000c4fd57b0,0x00000000c5080000)
 Metaspace       used 6498K, capacity 7256K, committed 7424K, reserved 1056768K
  class space    used 614K, capacity 656K, committed 768K, reserved 1048576K

