# JRE version: Java(TM) SE Runtime Environment (8.0_72-b15) (build 1.8.0_72-b15)
# Java VM: Java HotSpot(TM) 64-Bit Server VM (25.72-b15 mixed mode linux-amd64 compressed oops)
Heap:
 PSYoungGen      total 207360K, used 58678K [0x00000000eab00000, 0x0000000100000000, 0x0000000100000000)
  eden space 130048K, 0% used [0x00000000eab00000,0x00000000eab00000,0x00000000f2a00000)
  from space 77312K, 75% used [0x00000000fb480000,0x00000000fedcd9a8,0x0000000100000000)
  to   space 109568K, 0% used [0x00000000f2a00000,0x00000000f2a00000,0x00000000f9500000)
 ParOldGen       total 164864K, used 164531K [0x00000000c0000000, 0x00000000ca100000, 0x00000000eab00000)
  object space 164864K, 99% used [0x00000000c0000000,0x00000000ca0acfd8,0x00000000ca100000)
 Metaspace       used 6569K, capacity 7320K, committed 7680K, reserved 1056768K
  class space    used 616K, capacity 656K, committed 768K, reserved 1048576K
GC Heap History (10 events):
Event: 5.585 GC heap after
Heap after GC invocations=12 (full 2):
 PSYoungGen      total 233984K, used 15790K [0x00000000eab00000, 0x0000000100000000, 0x0000000100000000)
  eden space 214528K, 0% used [0x00000000eab00000,0x00000000eab00000,0x00000000f7c80000)
  from space 19456K, 81% used [0x00000000faf80000,0x00000000fbeeb890,0x00000000fc280000)
  to   space 52224K, 0% used [0x00000000f7c80000,0x00000000f7c80000,0x00000000faf80000)
 ParOldGen       total 164864K, used 93455K [0x00000000c0000000, 0x00000000ca100000, 0x00000000eab00000)
  object space 164864K, 56% used [0x00000000c0000000,0x00000000c5b43e50,0x00000000ca100000)
 Metaspace       used 6533K, capacity 7320K, committed 7680K, reserved 1056768K
  class space    used 616K, capacity 656K, committed 768K, reserved 1048576K
}
Event: 6.380 GC heap before
{Heap before GC invocations=13 (full 2):
 PSYoungGen      total 233984K, used 230318K [0x00000000eab00000, 0x0000000100000000, 0x0000000100000000)
  eden space 214528K, 100% used [0x00000000eab00000,0x00000000f7c80000,0x00000000f7c80000)
  from space 19456K, 81% used [0x00000000faf80000,0x00000000fbeeb890,0x00000000fc280000)
  to   space 52224K, 0% used [0x00000000f7c80000,0x00000000f7c80000,0x00000000faf80000)
 ParOldGen       total 164864K, used 93455K [0x00000000c0000000, 0x00000000ca100000, 0x00000000eab00000)
  object space 164864K, 56% used [0x00000000c0000000,0x00000000c5b43e50,0x00000000ca100000)
 Metaspace       used 6543K, capacity 7320K, committed 7680K, reserved 1056768K
  class space    used 616K, capacity 656K, committed 768K, reserved 1048576K
Event: 6.511 GC heap after
Heap after GC invocations=13 (full 2):
 PSYoungGen      total 266752K, used 46893K [0x00000000eab00000, 0x0000000100000000, 0x0000000100000000)
  eden space 214528K, 0% used [0x00000000eab00000,0x00000000eab00000,0x00000000f7c80000)
  from space 52224K, 89% used [0x00000000f7c80000,0x00000000faa4b760,0x00000000faf80000)
  to   space 59392K, 0% used [0x00000000fc600000,0x00000000fc600000,0x0000000100000000)
 ParOldGen       total 164864K, used 94349K [0x00000000c0000000, 0x00000000ca100000, 0x00000000eab00000)
  object space 164864K, 57% used [0x00000000c0000000,0x00000000c5c235f8,0x00000000ca100000)
 Metaspace       used 6543K, capacity 7320K, committed 7680K, reserved 1056768K
  class space    used 616K, capacity 656K, committed 768K, reserved 1048576K
}
Event: 7.215 GC heap before
{Heap before GC invocations=14 (full 2):
 PSYoungGen      total 266752K, used 261421K [0x00000000eab00000, 0x0000000100000000, 0x0000000100000000)
  eden space 214528K, 100% used [0x00000000eab00000,0x00000000f7c80000,0x00000000f7c80000)
  from space 52224K, 89% used [0x00000000f7c80000,0x00000000faa4b760,0x00000000faf80000)
  to   space 59392K, 0% used [0x00000000fc600000,0x00000000fc600000,0x0000000100000000)
 ParOldGen       total 164864K, used 94349K [0x00000000c0000000, 0x00000000ca100000, 0x00000000eab00000)
  object space 164864K, 57% used [0x00000000c0000000,0x00000000c5c235f8,0x00000000ca100000)
 Metaspace       used 6549K, capacity 7320K, committed 7680K, reserved 1056768K
  class space    used 616K, capacity 656K, committed 768K, reserved 1048576K
Event: 7.343 GC heap after
Heap after GC invocations=14 (full 2):
 PSYoungGen      total 256000K, used 59386K [0x00000000eab00000, 0x0000000100000000, 0x0000000100000000)
  eden space 196608K, 0% used [0x00000000eab00000,0x00000000eab00000,0x00000000f6b00000)
  from space 59392K, 99% used [0x00000000fc600000,0x00000000ffffead8,0x0000000100000000)
  to   space 76288K, 0% used [0x00000000f6b00000,0x00000000f6b00000,0x00000000fb580000)
 ParOldGen       total 164864K, used 111884K [0x00000000c0000000, 0x00000000ca100000, 0x00000000eab00000)
  object space 164864K, 67% used [0x00000000c0000000,0x00000000c6d430d0,0x00000000ca100000)
 Metaspace       used 6549K, capacity 7320K, committed 7680K, reserved 1056768K
  class space    used 616K, capacity 656K, committed 768K, reserved 1048576K
}
Event: 7.854 GC heap before
{Heap before GC invocations=15 (full 2):
 PSYoungGen      total 256000K, used 255994K [0x00000000eab00000, 0x0000000100000000, 0x0000000100000000)
  eden space 196608K, 100% used [0x00000000eab00000,0x00000000f6b00000,0x00000000f6b00000)
  from space 59392K, 99% used [0x00000000fc600000,0x00000000ffffead8,0x0000000100000000)
  to   space 76288K, 0% used [0x00000000f6b00000,0x00000000f6b00000,0x00000000fb580000)
 ParOldGen       total 164864K, used 111884K [0x00000000c0000000, 0x00000000ca100000, 0x00000000eab00000)
  object space 164864K, 67% used [0x00000000c0000000,0x00000000c6d430d0,0x00000000ca100000)
 Metaspace       used 6561K, capacity 7320K, committed 7680K, reserved 1056768K
  class space    used 616K, capacity 656K, committed 768K, reserved 1048576K
Event: 8.006 GC heap after
Heap after GC invocations=15 (full 2):
 PSYoungGen      total 271872K, used 75251K [0x00000000eab00000, 0x0000000100000000, 0x0000000100000000)
  eden space 196608K, 0% used [0x00000000eab00000,0x00000000eab00000,0x00000000f6b00000)
  from space 75264K, 99% used [0x00000000f6b00000,0x00000000fb47cd98,0x00000000fb480000)
  to   space 77312K, 0% used [0x00000000fb480000,0x00000000fb480000,0x0000000100000000)
 ParOldGen       total 164864K, used 124989K [0x00000000c0000000, 0x00000000ca100000, 0x00000000eab00000)
  object space 164864K, 75% used [0x00000000c0000000,0x00000000c7a0f650,0x00000000ca100000)
 Metaspace       used 6561K, capacity 7320K, committed 7680K, reserved 1056768K
  class space    used 616K, capacity 656K, committed 768K, reserved 1048576K
}
Event: 8.640 GC heap before
{Heap before GC invocations=16 (full 2):
 PSYoungGen      total 271872K, used 271859K [0x00000000eab00000, 0x0000000100000000, 0x0000000100000000)
  eden space 196608K, 100% used [0x00000000eab00000,0x00000000f6b00000,0x00000000f6b00000)
  from space 75264K, 99% used [0x00000000f6b00000,0x00000000fb47cd98,0x00000000fb480000)
  to   space 77312K, 0% used [0x00000000fb480000,0x00000000fb480000,0x0000000100000000)
 ParOldGen       total 164864K, used 124989K [0x00000000c0000000, 0x00000000ca100000, 0x00000000eab00000)
  object space 164864K, 75% used [0x00000000c0000000,0x00000000c7a0f650,0x00000000ca100000)
 Metaspace       used 6569K, capacity 7320K, committed 7680K, reserved 1056768K
  class space    used 616K, capacity 656K, committed 768K, reserved 1048576K
Event: 8.793 GC heap after
Heap after GC invocations=16 (full 2):
 PSYoungGen      total 207360K, used 77294K [0x00000000eab00000, 0x0000000100000000, 0x0000000100000000)
  eden space 130048K, 0% used [0x00000000eab00000,0x00000000eab00000,0x00000000f2a00000)
  from space 77312K, 99% used [0x00000000fb480000,0x00000000ffffbb60,0x0000000100000000)
  to   space 109568K, 0% used [0x00000000f2a00000,0x00000000f2a00000,0x00000000f9500000)
 ParOldGen       total 164864K, used 149914K [0x00000000c0000000, 0x00000000ca100000, 0x00000000eab00000)
  object space 164864K, 90% used [0x00000000c0000000,0x00000000c9266910,0x00000000ca100000)
 Metaspace       used 6569K, capacity 7320K, committed 7680K, reserved 1056768K
  class space    used 616K, capacity 656K, committed 768K, reserved 1048576K
}
Event: 8.799 GC heap before
{Heap before GC invocations=17 (full 3):
 PSYoungGen      total 207360K, used 77294K [0x00000000eab00000, 0x0000000100000000, 0x0000000100000000)
  eden space 130048K, 0% used [0x00000000eab00000,0x00000000eab00000,0x00000000f2a00000)
  from space 77312K, 99% used [0x00000000fb480000,0x00000000ffffbb60,0x0000000100000000)
  to   space 109568K, 0% used [0x00000000f2a00000,0x00000000f2a00000,0x00000000f9500000)
 ParOldGen       total 164864K, used 149914K [0x00000000c0000000, 0x00000000ca100000, 0x00000000eab00000)
  object space 164864K, 90% used [0x00000000c0000000,0x00000000c9266910,0x00000000ca100000)
 Metaspace       used 6569K, capacity 7320K, committed 7680K, reserved 1056768K
  class space    used 616K, capacity 656K, committed 768K, reserved 1048576K

