# JRE version: Java(TM) SE Runtime Environment (8.0_72-b15) (build 1.8.0_72-b15)
# Java VM: Java HotSpot(TM) 64-Bit Server VM (25.72-b15 mixed mode linux-amd64 compressed oops)
Heap:
 PSYoungGen      total 272896K, used 10797K [0x00000000eab00000, 0x0000000100000000, 0x0000000100000000)
  eden space 237568K, 0% used [0x00000000eab00000,0x00000000eab00000,0x00000000f9300000)
  from space 35328K, 30% used [0x00000000f9300000,0x00000000f9d8b698,0x00000000fb580000)
  to   space 57856K, 0% used [0x00000000fc780000,0x00000000fc780000,0x0000000100000000)
 ParOldGen       total 139264K, used 138769K [0x00000000c0000000, 0x00000000c8800000, 0x00000000eab00000)
  object space 139264K, 99% used [0x00000000c0000000,0x00000000c87845e8,0x00000000c8800000)
 Metaspace       used 6557K, capacity 7320K, committed 7680K, reserved 1056768K
  class space    used 615K, capacity 656K, committed 768K, reserved 1048576K
GC Heap History (10 events):
Event: 5.958 GC heap after
Heap after GC invocations=9 (full 1):
 PSYoungGen      total 219648K, used 18329K [0x00000000eab00000, 0x00000000fca80000, 0x0000000100000000)
  eden space 201216K, 0% used [0x00000000eab00000,0x00000000eab00000,0x00000000f6f80000)
  from space 18432K, 99% used [0x00000000fb880000,0x00000000fca667d0,0x00000000fca80000)
  to   space 28672K, 0% used [0x00000000f9280000,0x00000000f9280000,0x00000000fae80000)
 ParOldGen       total 78848K, used 42168K [0x00000000c0000000, 0x00000000c4d00000, 0x00000000eab00000)
  object space 78848K, 53% used [0x00000000c0000000,0x00000000c292e050,0x00000000c4d00000)
 Metaspace       used 6373K, capacity 7192K, committed 7424K, reserved 1056768K
  class space    used 614K, capacity 656K, committed 768K, reserved 1048576K
}
Event: 6.555 GC heap before
{Heap before GC invocations=10 (full 1):
 PSYoungGen      total 219648K, used 219545K [0x00000000eab00000, 0x00000000fca80000, 0x0000000100000000)
  eden space 201216K, 100% used [0x00000000eab00000,0x00000000f6f80000,0x00000000f6f80000)
  from space 18432K, 99% used [0x00000000fb880000,0x00000000fca667d0,0x00000000fca80000)
  to   space 28672K, 0% used [0x00000000f9280000,0x00000000f9280000,0x00000000fae80000)
 ParOldGen       total 78848K, used 42168K [0x00000000c0000000, 0x00000000c4d00000, 0x00000000eab00000)
  object space 78848K, 53% used [0x00000000c0000000,0x00000000c292e050,0x00000000c4d00000)
 Metaspace       used 6511K, capacity 7256K, committed 7424K, reserved 1056768K
  class space    used 615K, capacity 656K, committed 768K, reserved 1048576K
Event: 6.629 GC heap after
Heap after GC invocations=10 (full 1):
 PSYoungGen      total 265728K, used 28640K [0x00000000eab00000, 0x0000000100000000, 0x0000000100000000)
  eden space 237056K, 0% used [0x00000000eab00000,0x00000000eab00000,0x00000000f9280000)
  from space 28672K, 99% used [0x00000000f9280000,0x00000000fae78190,0x00000000fae80000)
  to   space 39936K, 0% used [0x00000000fd900000,0x00000000fd900000,0x0000000100000000)
 ParOldGen       total 78848K, used 57336K [0x00000000c0000000, 0x00000000c4d00000, 0x00000000eab00000)
  object space 78848K, 72% used [0x00000000c0000000,0x00000000c37fe270,0x00000000c4d00000)
 Metaspace       used 6511K, capacity 7256K, committed 7424K, reserved 1056768K
  class space    used 615K, capacity 656K, committed 768K, reserved 1048576K
}
Event: 7.525 GC heap before
{Heap before GC invocations=11 (full 1):
 PSYoungGen      total 265728K, used 265696K [0x00000000eab00000, 0x0000000100000000, 0x0000000100000000)
  eden space 237056K, 100% used [0x00000000eab00000,0x00000000f9280000,0x00000000f9280000)
  from space 28672K, 99% used [0x00000000f9280000,0x00000000fae78190,0x00000000fae80000)
  to   space 39936K, 0% used [0x00000000fd900000,0x00000000fd900000,0x0000000100000000)
 ParOldGen       total 78848K, used 57336K [0x00000000c0000000, 0x00000000c4d00000, 0x00000000eab00000)
  object space 78848K, 72% used [0x00000000c0000000,0x00000000c37fe270,0x00000000c4d00000)
 Metaspace       used 6547K, capacity 7320K, committed 7680K, reserved 1056768K
  class space    used 615K, capacity 656K, committed 768K, reserved 1048576K
Event: 7.680 GC heap after
Heap after GC invocations=11 (full 1):
 PSYoungGen      total 277504K, used 39908K [0x00000000eab00000, 0x0000000100000000, 0x0000000100000000)
  eden space 237568K, 0% used [0x00000000eab00000,0x00000000eab00000,0x00000000f9300000)
  from space 39936K, 99% used [0x00000000fd900000,0x00000000ffff90c0,0x0000000100000000)
  to   space 55808K, 0% used [0x00000000f9300000,0x00000000f9300000,0x00000000fc980000)
 ParOldGen       total 81920K, used 81602K [0x00000000c0000000, 0x00000000c5000000, 0x00000000eab00000)
  object space 81920K, 99% used [0x00000000c0000000,0x00000000c4fb0a50,0x00000000c5000000)
 Metaspace       used 6547K, capacity 7320K, committed 7680K, reserved 1056768K
  class space    used 615K, capacity 656K, committed 768K, reserved 1048576K
}
Event: 7.693 GC heap before
{Heap before GC invocations=12 (full 2):
 PSYoungGen      total 277504K, used 39908K [0x00000000eab00000, 0x0000000100000000, 0x0000000100000000)
  eden space 237568K, 0% used [0x00000000eab00000,0x00000000eab00000,0x00000000f9300000)
  from space 39936K, 99% used [0x00000000fd900000,0x00000000ffff90c0,0x0000000100000000)
  to   space 55808K, 0% used [0x00000000f9300000,0x00000000f9300000,0x00000000fc980000)
 ParOldGen       total 81920K, used 81602K [0x00000000c0000000, 0x00000000c5000000, 0x00000000eab00000)
  object space 81920K, 99% used [0x00000000c0000000,0x00000000c4fb0a50,0x00000000c5000000)
 Metaspace       used 6547K, capacity 7320K, committed 7680K, reserved 1056768K
  class space    used 615K, capacity 656K, committed 768K, reserved 1048576K
Event: 8.278 GC heap after
Heap after GC invocations=12 (full 2):
 PSYoungGen      total 277504K, used 35181K [0x00000000eab00000, 0x0000000100000000, 0x0000000100000000)
  eden space 237568K, 0% used [0x00000000eab00000,0x00000000eab00000,0x00000000f9300000)
  from space 39936K, 88% used [0x00000000fd900000,0x00000000ffb5b758,0x0000000100000000)
  to   space 55808K, 0% used [0x00000000f9300000,0x00000000f9300000,0x00000000fc980000)
 ParOldGen       total 139264K, used 81491K [0x00000000c0000000, 0x00000000c8800000, 0x00000000eab00000)
  object space 139264K, 58% used [0x00000000c0000000,0x00000000c4f94c88,0x00000000c8800000)
 Metaspace       used 6547K, capacity 7320K, committed 7680K, reserved 1056768K
  class space    used 615K, capacity 656K, committed 768K, reserved 1048576K
}
Event: 9.200 GC heap before
{Heap before GC invocations=13 (full 2):
 PSYoungGen      total 277504K, used 272749K [0x00000000eab00000, 0x0000000100000000, 0x0000000100000000)
  eden space 237568K, 100% used [0x00000000eab00000,0x00000000f9300000,0x00000000f9300000)
  from space 39936K, 88% used [0x00000000fd900000,0x00000000ffb5b758,0x0000000100000000)
  to   space 55808K, 0% used [0x00000000f9300000,0x00000000f9300000,0x00000000fc980000)
 ParOldGen       total 139264K, used 81491K [0x00000000c0000000, 0x00000000c8800000, 0x00000000eab00000)
  object space 139264K, 58% used [0x00000000c0000000,0x00000000c4f94c88,0x00000000c8800000)
 Metaspace       used 6557K, capacity 7320K, committed 7680K, reserved 1056768K
  class space    used 615K, capacity 656K, committed 768K, reserved 1048576K
Event: 9.389 GC heap after
Heap after GC invocations=13 (full 2):
 PSYoungGen      total 272896K, used 35033K [0x00000000eab00000, 0x0000000100000000, 0x0000000100000000)
  eden space 237568K, 0% used [0x00000000eab00000,0x00000000eab00000,0x00000000f9300000)
  from space 35328K, 99% used [0x00000000f9300000,0x00000000fb536440,0x00000000fb580000)
  to   space 57856K, 0% used [0x00000000fc780000,0x00000000fc780000,0x0000000100000000)
 ParOldGen       total 139264K, used 117013K [0x00000000c0000000, 0x00000000c8800000, 0x00000000eab00000)
  object space 139264K, 84% used [0x00000000c0000000,0x00000000c7245578,0x00000000c8800000)
 Metaspace       used 6557K, capacity 7320K, committed 7680K, reserved 1056768K
  class space    used 615K, capacity 656K, committed 768K, reserved 1048576K
}
Event: 9.390 GC heap before
{Heap before GC invocations=14 (full 3):
 PSYoungGen      total 272896K, used 35033K [0x00000000eab00000, 0x0000000100000000, 0x0000000100000000)
  eden space 237568K, 0% used [0x00000000eab00000,0x00000000eab00000,0x00000000f9300000)
  from space 35328K, 99% used [0x00000000f9300000,0x00000000fb536440,0x00000000fb580000)
  to   space 57856K, 0% used [0x00000000fc780000,0x00000000fc780000,0x0000000100000000)
 ParOldGen       total 139264K, used 117013K [0x00000000c0000000, 0x00000000c8800000, 0x00000000eab00000)
  object space 139264K, 84% used [0x00000000c0000000,0x00000000c7245578,0x00000000c8800000)
 Metaspace       used 6557K, capacity 7320K, committed 7680K, reserved 1056768K
  class space    used 615K, capacity 656K, committed 768K, reserved 1048576K

