# JRE version: Java(TM) SE Runtime Environment (8.0_72-b15) (build 1.8.0_72-b15)
# Java VM: Java HotSpot(TM) 64-Bit Server VM (25.72-b15 mixed mode linux-amd64 compressed oops)
Heap:
 PSYoungGen      total 275968K, used 29241K [0x00000000eab00000, 0x0000000100000000, 0x0000000100000000)
  eden space 242688K, 0% used [0x00000000eab00000,0x00000000eab00000,0x00000000f9800000)
  from space 33280K, 87% used [0x00000000f9800000,0x00000000fb48e500,0x00000000fb880000)
  to   space 55296K, 0% used [0x00000000fca00000,0x00000000fca00000,0x0000000100000000)
 ParOldGen       total 120832K, used 120537K [0x00000000c0000000, 0x00000000c7600000, 0x00000000eab00000)
  object space 120832K, 99% used [0x00000000c0000000,0x00000000c75b64b8,0x00000000c7600000)
 Metaspace       used 6496K, capacity 7256K, committed 7424K, reserved 1056768K
  class space    used 614K, capacity 656K, committed 768K, reserved 1048576K
GC Heap History (10 events):
Event: 239.043 GC heap after
Heap after GC invocations=9 (full 1):
 PSYoungGen      total 261120K, used 11228K [0x00000000eab00000, 0x00000000fd700000, 0x0000000100000000)
  eden space 238080K, 0% used [0x00000000eab00000,0x00000000eab00000,0x00000000f9380000)
  from space 23040K, 48% used [0x00000000fb180000,0x00000000fbc77250,0x00000000fc800000)
  to   space 30720K, 0% used [0x00000000f9380000,0x00000000f9380000,0x00000000fb180000)
 ParOldGen       total 71168K, used 42069K [0x00000000c0000000, 0x00000000c4580000, 0x00000000eab00000)
  object space 71168K, 59% used [0x00000000c0000000,0x00000000c2915518,0x00000000c4580000)
 Metaspace       used 6282K, capacity 7152K, committed 7296K, reserved 1056768K
  class space    used 594K, capacity 616K, committed 640K, reserved 1048576K
}
Event: 240.113 GC heap before
{Heap before GC invocations=10 (full 1):
 PSYoungGen      total 261120K, used 249308K [0x00000000eab00000, 0x00000000fd700000, 0x0000000100000000)
  eden space 238080K, 100% used [0x00000000eab00000,0x00000000f9380000,0x00000000f9380000)
  from space 23040K, 48% used [0x00000000fb180000,0x00000000fbc77250,0x00000000fc800000)
  to   space 30720K, 0% used [0x00000000f9380000,0x00000000f9380000,0x00000000fb180000)
 ParOldGen       total 71168K, used 42069K [0x00000000c0000000, 0x00000000c4580000, 0x00000000eab00000)
  object space 71168K, 59% used [0x00000000c0000000,0x00000000c2915518,0x00000000c4580000)
 Metaspace       used 6472K, capacity 7256K, committed 7424K, reserved 1056768K
  class space    used 614K, capacity 656K, committed 768K, reserved 1048576K
Event: 240.634 GC heap after
Heap after GC invocations=10 (full 1):
 PSYoungGen      total 268800K, used 30689K [0x00000000eab00000, 0x0000000100000000, 0x0000000100000000)
  eden space 238080K, 0% used [0x00000000eab00000,0x00000000eab00000,0x00000000f9380000)
  from space 30720K, 99% used [0x00000000f9380000,0x00000000fb1786d0,0x00000000fb180000)
  to   space 43008K, 0% used [0x00000000fd600000,0x00000000fd600000,0x0000000100000000)
 ParOldGen       total 71168K, used 57882K [0x00000000c0000000, 0x00000000c4580000, 0x00000000eab00000)
  object space 71168K, 81% used [0x00000000c0000000,0x00000000c38868c0,0x00000000c4580000)
 Metaspace       used 6472K, capacity 7256K, committed 7424K, reserved 1056768K
  class space    used 614K, capacity 656K, committed 768K, reserved 1048576K
}
Event: 240.653 GC heap before
{Heap before GC invocations=11 (full 2):
 PSYoungGen      total 268800K, used 30689K [0x00000000eab00000, 0x0000000100000000, 0x0000000100000000)
  eden space 238080K, 0% used [0x00000000eab00000,0x00000000eab00000,0x00000000f9380000)
  from space 30720K, 99% used [0x00000000f9380000,0x00000000fb1786d0,0x00000000fb180000)
  to   space 43008K, 0% used [0x00000000fd600000,0x00000000fd600000,0x0000000100000000)
 ParOldGen       total 71168K, used 57882K [0x00000000c0000000, 0x00000000c4580000, 0x00000000eab00000)
  object space 71168K, 81% used [0x00000000c0000000,0x00000000c38868c0,0x00000000c4580000)
 Metaspace       used 6472K, capacity 7256K, committed 7424K, reserved 1056768K
  class space    used 614K, capacity 656K, committed 768K, reserved 1048576K
Event: 241.055 GC heap after
Heap after GC invocations=11 (full 2):
 PSYoungGen      total 268800K, used 15779K [0x00000000eab00000, 0x0000000100000000, 0x0000000100000000)
  eden space 238080K, 0% used [0x00000000eab00000,0x00000000eab00000,0x00000000f9380000)
  from space 30720K, 51% used [0x00000000f9380000,0x00000000fa2e8f70,0x00000000fb180000)
  to   space 43008K, 0% used [0x00000000fd600000,0x00000000fd600000,0x0000000100000000)
 ParOldGen       total 110080K, used 70776K [0x00000000c0000000, 0x00000000c6b80000, 0x00000000eab00000)
  object space 110080K, 64% used [0x00000000c0000000,0x00000000c451e398,0x00000000c6b80000)
 Metaspace       used 6472K, capacity 7256K, committed 7424K, reserved 1056768K
  class space    used 614K, capacity 656K, committed 768K, reserved 1048576K
}
Event: 242.114 GC heap before
{Heap before GC invocations=12 (full 2):
 PSYoungGen      total 268800K, used 253859K [0x00000000eab00000, 0x0000000100000000, 0x0000000100000000)
  eden space 238080K, 100% used [0x00000000eab00000,0x00000000f9380000,0x00000000f9380000)
  from space 30720K, 51% used [0x00000000f9380000,0x00000000fa2e8f70,0x00000000fb180000)
  to   space 43008K, 0% used [0x00000000fd600000,0x00000000fd600000,0x0000000100000000)
 ParOldGen       total 110080K, used 70776K [0x00000000c0000000, 0x00000000c6b80000, 0x00000000eab00000)
  object space 110080K, 64% used [0x00000000c0000000,0x00000000c451e398,0x00000000c6b80000)
 Metaspace       used 6485K, capacity 7256K, committed 7424K, reserved 1056768K
  class space    used 614K, capacity 656K, committed 768K, reserved 1048576K
Event: 242.260 GC heap after
Heap after GC invocations=12 (full 2):
 PSYoungGen      total 285696K, used 42984K [0x00000000eab00000, 0x0000000100000000, 0x0000000100000000)
  eden space 242688K, 0% used [0x00000000eab00000,0x00000000eab00000,0x00000000f9800000)
  from space 43008K, 99% used [0x00000000fd600000,0x00000000ffffa170,0x0000000100000000)
  to   space 53248K, 0% used [0x00000000f9800000,0x00000000f9800000,0x00000000fcc00000)
 ParOldGen       total 110080K, used 77448K [0x00000000c0000000, 0x00000000c6b80000, 0x00000000eab00000)
  object space 110080K, 70% used [0x00000000c0000000,0x00000000c4ba2170,0x00000000c6b80000)
 Metaspace       used 6485K, capacity 7256K, committed 7424K, reserved 1056768K
  class space    used 614K, capacity 656K, committed 768K, reserved 1048576K
}
Event: 243.043 GC heap before
{Heap before GC invocations=13 (full 2):
 PSYoungGen      total 285696K, used 285672K [0x00000000eab00000, 0x0000000100000000, 0x0000000100000000)
  eden space 242688K, 100% used [0x00000000eab00000,0x00000000f9800000,0x00000000f9800000)
  from space 43008K, 99% used [0x00000000fd600000,0x00000000ffffa170,0x0000000100000000)
  to   space 53248K, 0% used [0x00000000f9800000,0x00000000f9800000,0x00000000fcc00000)
 ParOldGen       total 110080K, used 77448K [0x00000000c0000000, 0x00000000c6b80000, 0x00000000eab00000)
  object space 110080K, 70% used [0x00000000c0000000,0x00000000c4ba2170,0x00000000c6b80000)
 Metaspace       used 6496K, capacity 7256K, committed 7424K, reserved 1056768K
  class space    used 614K, capacity 656K, committed 768K, reserved 1048576K
Event: 243.236 GC heap after
Heap after GC invocations=13 (full 2):
 PSYoungGen      total 275968K, used 33044K [0x00000000eab00000, 0x0000000100000000, 0x0000000100000000)
  eden space 242688K, 0% used [0x00000000eab00000,0x00000000eab00000,0x00000000f9800000)
  from space 33280K, 99% used [0x00000000f9800000,0x00000000fb845310,0x00000000fb880000)
  to   space 55296K, 0% used [0x00000000fca00000,0x00000000fca00000,0x0000000100000000)
 ParOldGen       total 120832K, used 120481K [0x00000000c0000000, 0x00000000c7600000, 0x00000000eab00000)
  object space 120832K, 99% used [0x00000000c0000000,0x00000000c75a84e0,0x00000000c7600000)
 Metaspace       used 6496K, capacity 7256K, committed 7424K, reserved 1056768K
  class space    used 614K, capacity 656K, committed 768K, reserved 1048576K
}
Event: 243.236 GC heap before
{Heap before GC invocations=14 (full 3):
 PSYoungGen      total 275968K, used 33044K [0x00000000eab00000, 0x0000000100000000, 0x0000000100000000)
  eden space 242688K, 0% used [0x00000000eab00000,0x00000000eab00000,0x00000000f9800000)
  from space 33280K, 99% used [0x00000000f9800000,0x00000000fb845310,0x00000000fb880000)
  to   space 55296K, 0% used [0x00000000fca00000,0x00000000fca00000,0x0000000100000000)
 ParOldGen       total 120832K, used 120481K [0x00000000c0000000, 0x00000000c7600000, 0x00000000eab00000)
  object space 120832K, 99% used [0x00000000c0000000,0x00000000c75a84e0,0x00000000c7600000)
 Metaspace       used 6496K, capacity 7256K, committed 7424K, reserved 1056768K
  class space    used 614K, capacity 656K, committed 768K, reserved 1048576K

