# JRE version: Java(TM) SE Runtime Environment (8.0_74-b02) (build 1.8.0_74-b02)
# Java VM: Java HotSpot(TM) 64-Bit Server VM (25.74-b02 mixed mode linux-amd64 compressed oops)
Heap:
 PSYoungGen      total 191488K, used 31056K [0x00000000eab00000, 0x0000000100000000, 0x0000000100000000)
  eden space 118784K, 0% used [0x00000000eab00000,0x00000000eab00000,0x00000000f1f00000)
  from space 72704K, 42% used [0x00000000f1f00000,0x00000000f3d54268,0x00000000f6600000)
  to   space 116224K, 0% used [0x00000000f8e80000,0x00000000f8e80000,0x0000000100000000)
 ParOldGen       total 262656K, used 262327K [0x00000000c0000000, 0x00000000d0080000, 0x00000000eab00000)
  object space 262656K, 99% used [0x00000000c0000000,0x00000000d002df70,0x00000000d0080000)
 Metaspace       used 6579K, capacity 7320K, committed 7680K, reserved 1056768K
  class space    used 615K, capacity 656K, committed 768K, reserved 1048576K
GC Heap History (10 events):
Event: 7.496 GC heap after
Heap after GC invocations=16 (full 2):
 PSYoungGen      total 237568K, used 59253K [0x00000000eab00000, 0x0000000100000000, 0x0000000100000000)
  eden space 177152K, 0% used [0x00000000eab00000,0x00000000eab00000,0x00000000f5800000)
  from space 60416K, 98% used [0x00000000fc500000,0x00000000ffedd6b0,0x0000000100000000)
  to   space 86016K, 0% used [0x00000000f5800000,0x00000000f5800000,0x00000000fac00000)
 ParOldGen       total 167936K, used 167745K [0x00000000c0000000, 0x00000000ca400000, 0x00000000eab00000)
  object space 167936K, 99% used [0x00000000c0000000,0x00000000ca3d0710,0x00000000ca400000)
 Metaspace       used 6570K, capacity 7320K, committed 7680K, reserved 1056768K
  class space    used 615K, capacity 656K, committed 768K, reserved 1048576K
}
Event: 7.496 GC heap before
{Heap before GC invocations=17 (full 3):
 PSYoungGen      total 237568K, used 59253K [0x00000000eab00000, 0x0000000100000000, 0x0000000100000000)
  eden space 177152K, 0% used [0x00000000eab00000,0x00000000eab00000,0x00000000f5800000)
  from space 60416K, 98% used [0x00000000fc500000,0x00000000ffedd6b0,0x0000000100000000)
  to   space 86016K, 0% used [0x00000000f5800000,0x00000000f5800000,0x00000000fac00000)
 ParOldGen       total 167936K, used 167745K [0x00000000c0000000, 0x00000000ca400000, 0x00000000eab00000)
  object space 167936K, 99% used [0x00000000c0000000,0x00000000ca3d0710,0x00000000ca400000)
 Metaspace       used 6570K, capacity 7320K, committed 7680K, reserved 1056768K
  class space    used 615K, capacity 656K, committed 768K, reserved 1048576K
Event: 8.526 GC heap after
Heap after GC invocations=17 (full 3):
 PSYoungGen      total 237568K, used 52218K [0x00000000eab00000, 0x0000000100000000, 0x0000000100000000)
  eden space 177152K, 0% used [0x00000000eab00000,0x00000000eab00000,0x00000000f5800000)
  from space 60416K, 86% used [0x00000000fc500000,0x00000000ff7fe930,0x0000000100000000)
  to   space 86016K, 0% used [0x00000000f5800000,0x00000000f5800000,0x00000000fac00000)
 ParOldGen       total 262656K, used 167799K [0x00000000c0000000, 0x00000000d0080000, 0x00000000eab00000)
  object space 262656K, 63% used [0x00000000c0000000,0x00000000ca3dde08,0x00000000d0080000)
 Metaspace       used 6570K, capacity 7320K, committed 7680K, reserved 1056768K
  class space    used 615K, capacity 656K, committed 768K, reserved 1048576K
}
Event: 9.051 GC heap before
{Heap before GC invocations=18 (full 3):
 PSYoungGen      total 237568K, used 229370K [0x00000000eab00000, 0x0000000100000000, 0x0000000100000000)
  eden space 177152K, 100% used [0x00000000eab00000,0x00000000f5800000,0x00000000f5800000)
  from space 60416K, 86% used [0x00000000fc500000,0x00000000ff7fe930,0x0000000100000000)
  to   space 86016K, 0% used [0x00000000f5800000,0x00000000f5800000,0x00000000fac00000)
 ParOldGen       total 262656K, used 167799K [0x00000000c0000000, 0x00000000d0080000, 0x00000000eab00000)
  object space 262656K, 63% used [0x00000000c0000000,0x00000000ca3dde08,0x00000000d0080000)
 Metaspace       used 6578K, capacity 7320K, committed 7680K, reserved 1056768K
  class space    used 615K, capacity 656K, committed 768K, reserved 1048576K
Event: 9.180 GC heap after
Heap after GC invocations=18 (full 3):
 PSYoungGen      total 252928K, used 75620K [0x00000000eab00000, 0x0000000100000000, 0x0000000100000000)
  eden space 177152K, 0% used [0x00000000eab00000,0x00000000eab00000,0x00000000f5800000)
  from space 75776K, 99% used [0x00000000f5800000,0x00000000fa1d9210,0x00000000fa200000)
  to   space 96256K, 0% used [0x00000000fa200000,0x00000000fa200000,0x0000000100000000)
 ParOldGen       total 262656K, used 167799K [0x00000000c0000000, 0x00000000d0080000, 0x00000000eab00000)
  object space 262656K, 63% used [0x00000000c0000000,0x00000000ca3dde08,0x00000000d0080000)
 Metaspace       used 6578K, capacity 7320K, committed 7680K, reserved 1056768K
  class space    used 615K, capacity 656K, committed 768K, reserved 1048576K
}
Event: 9.705 GC heap before
{Heap before GC invocations=19 (full 3):
 PSYoungGen      total 252928K, used 252772K [0x00000000eab00000, 0x0000000100000000, 0x0000000100000000)
  eden space 177152K, 100% used [0x00000000eab00000,0x00000000f5800000,0x00000000f5800000)
  from space 75776K, 99% used [0x00000000f5800000,0x00000000fa1d9210,0x00000000fa200000)
  to   space 96256K, 0% used [0x00000000fa200000,0x00000000fa200000,0x0000000100000000)
 ParOldGen       total 262656K, used 167799K [0x00000000c0000000, 0x00000000d0080000, 0x00000000eab00000)
  object space 262656K, 63% used [0x00000000c0000000,0x00000000ca3dde08,0x00000000d0080000)
 Metaspace       used 6578K, capacity 7320K, committed 7680K, reserved 1056768K
  class space    used 615K, capacity 656K, committed 768K, reserved 1048576K
Event: 9.858 GC heap after
Heap after GC invocations=19 (full 3):
 PSYoungGen      total 215040K, used 96230K [0x00000000eab00000, 0x0000000100000000, 0x0000000100000000)
  eden space 118784K, 0% used [0x00000000eab00000,0x00000000eab00000,0x00000000f1f00000)
  from space 96256K, 99% used [0x00000000fa200000,0x00000000ffff9978,0x0000000100000000)
  to   space 115200K, 0% used [0x00000000f1f00000,0x00000000f1f00000,0x00000000f8f80000)
 ParOldGen       total 262656K, used 173230K [0x00000000c0000000, 0x00000000d0080000, 0x00000000eab00000)
  object space 262656K, 65% used [0x00000000c0000000,0x00000000ca92b828,0x00000000d0080000)
 Metaspace       used 6578K, capacity 7320K, committed 7680K, reserved 1056768K
  class space    used 615K, capacity 656K, committed 768K, reserved 1048576K
}
Event: 10.507 GC heap before
{Heap before GC invocations=20 (full 3):
 PSYoungGen      total 215040K, used 215014K [0x00000000eab00000, 0x0000000100000000, 0x0000000100000000)
  eden space 118784K, 100% used [0x00000000eab00000,0x00000000f1f00000,0x00000000f1f00000)
  from space 96256K, 99% used [0x00000000fa200000,0x00000000ffff9978,0x0000000100000000)
  to   space 115200K, 0% used [0x00000000f1f00000,0x00000000f1f00000,0x00000000f8f80000)
 ParOldGen       total 262656K, used 173230K [0x00000000c0000000, 0x00000000d0080000, 0x00000000eab00000)
  object space 262656K, 65% used [0x00000000c0000000,0x00000000ca92b828,0x00000000d0080000)
 Metaspace       used 6579K, capacity 7320K, committed 7680K, reserved 1056768K
  class space    used 615K, capacity 656K, committed 768K, reserved 1048576K
Event: 10.687 GC heap after
Heap after GC invocations=20 (full 3):
 PSYoungGen      total 191488K, used 72683K [0x00000000eab00000, 0x0000000100000000, 0x0000000100000000)
  eden space 118784K, 0% used [0x00000000eab00000,0x00000000eab00000,0x00000000f1f00000)
  from space 72704K, 99% used [0x00000000f1f00000,0x00000000f65fafa0,0x00000000f6600000)
  to   space 116224K, 0% used [0x00000000f8e80000,0x00000000f8e80000,0x0000000100000000)
 ParOldGen       total 262656K, used 222856K [0x00000000c0000000, 0x00000000d0080000, 0x00000000eab00000)
  object space 262656K, 84% used [0x00000000c0000000,0x00000000cd9a20b8,0x00000000d0080000)
 Metaspace       used 6579K, capacity 7320K, committed 7680K, reserved 1056768K
  class space    used 615K, capacity 656K, committed 768K, reserved 1048576K
}
Event: 10.687 GC heap before
{Heap before GC invocations=21 (full 4):
 PSYoungGen      total 191488K, used 72683K [0x00000000eab00000, 0x0000000100000000, 0x0000000100000000)
  eden space 118784K, 0% used [0x00000000eab00000,0x00000000eab00000,0x00000000f1f00000)
  from space 72704K, 99% used [0x00000000f1f00000,0x00000000f65fafa0,0x00000000f6600000)
  to   space 116224K, 0% used [0x00000000f8e80000,0x00000000f8e80000,0x0000000100000000)
 ParOldGen       total 262656K, used 222856K [0x00000000c0000000, 0x00000000d0080000, 0x00000000eab00000)
  object space 262656K, 84% used [0x00000000c0000000,0x00000000cd9a20b8,0x00000000d0080000)
 Metaspace       used 6579K, capacity 7320K, committed 7680K, reserved 1056768K
  class space    used 615K, capacity 656K, committed 768K, reserved 1048576K

