# JRE version: Java(TM) SE Runtime Environment (8.0_72-b15) (build 1.8.0_72-b15)
# Java VM: Java HotSpot(TM) 64-Bit Server VM (25.72-b15 mixed mode linux-amd64 compressed oops)
Heap:
 PSYoungGen      total 294912K, used 30338K [0x00000000eab00000, 0x0000000100000000, 0x0000000100000000)
  eden space 244736K, 0% used [0x00000000eab00000,0x00000000eab00000,0x00000000f9a00000)
  from space 50176K, 60% used [0x00000000fcf00000,0x00000000feca08d8,0x0000000100000000)
  to   space 52224K, 0% used [0x00000000f9a00000,0x00000000f9a00000,0x00000000fcd00000)
 ParOldGen       total 142336K, used 141940K [0x00000000c0000000, 0x00000000c8b00000, 0x00000000eab00000)
  object space 142336K, 99% used [0x00000000c0000000,0x00000000c8a9d0e0,0x00000000c8b00000)
 Metaspace       used 6533K, capacity 7256K, committed 7424K, reserved 1056768K
  class space    used 616K, capacity 656K, committed 768K, reserved 1048576K
GC Heap History (10 events):
Event: 5.539 GC heap after
Heap after GC invocations=12 (full 1):
 PSYoungGen      total 219136K, used 24606K [0x00000000eab00000, 0x00000000fd480000, 0x0000000100000000)
  eden space 187392K, 0% used [0x00000000eab00000,0x00000000eab00000,0x00000000f6200000)
  from space 31744K, 77% used [0x00000000f6200000,0x00000000f7a07b48,0x00000000f8100000)
  to   space 34816K, 0% used [0x00000000fb280000,0x00000000fb280000,0x00000000fd480000)
 ParOldGen       total 79360K, used 62158K [0x00000000c0000000, 0x00000000c4d80000, 0x00000000eab00000)
  object space 79360K, 78% used [0x00000000c0000000,0x00000000c3cb3b10,0x00000000c4d80000)
 Metaspace       used 6477K, capacity 7256K, committed 7424K, reserved 1056768K
  class space    used 616K, capacity 656K, committed 768K, reserved 1048576K
}
Event: 6.347 GC heap before
{Heap before GC invocations=13 (full 1):
 PSYoungGen      total 219136K, used 211998K [0x00000000eab00000, 0x00000000fd480000, 0x0000000100000000)
  eden space 187392K, 100% used [0x00000000eab00000,0x00000000f6200000,0x00000000f6200000)
  from space 31744K, 77% used [0x00000000f6200000,0x00000000f7a07b48,0x00000000f8100000)
  to   space 34816K, 0% used [0x00000000fb280000,0x00000000fb280000,0x00000000fd480000)
 ParOldGen       total 79360K, used 62158K [0x00000000c0000000, 0x00000000c4d80000, 0x00000000eab00000)
  object space 79360K, 78% used [0x00000000c0000000,0x00000000c3cb3b10,0x00000000c4d80000)
 Metaspace       used 6518K, capacity 7256K, committed 7424K, reserved 1056768K
  class space    used 616K, capacity 656K, committed 768K, reserved 1048576K
Event: 6.479 GC heap after
Heap after GC invocations=13 (full 1):
 PSYoungGen      total 258048K, used 34797K [0x00000000eab00000, 0x00000000fef00000, 0x0000000100000000)
  eden space 223232K, 0% used [0x00000000eab00000,0x00000000eab00000,0x00000000f8500000)
  from space 34816K, 99% used [0x00000000fb280000,0x00000000fd47b468,0x00000000fd480000)
  to   space 46592K, 0% used [0x00000000f8500000,0x00000000f8500000,0x00000000fb280000)
 ParOldGen       total 79360K, used 78657K [0x00000000c0000000, 0x00000000c4d80000, 0x00000000eab00000)
  object space 79360K, 99% used [0x00000000c0000000,0x00000000c4cd05b0,0x00000000c4d80000)
 Metaspace       used 6518K, capacity 7256K, committed 7424K, reserved 1056768K
  class space    used 616K, capacity 656K, committed 768K, reserved 1048576K
}
Event: 6.481 GC heap before
{Heap before GC invocations=14 (full 2):
 PSYoungGen      total 258048K, used 34797K [0x00000000eab00000, 0x00000000fef00000, 0x0000000100000000)
  eden space 223232K, 0% used [0x00000000eab00000,0x00000000eab00000,0x00000000f8500000)
  from space 34816K, 99% used [0x00000000fb280000,0x00000000fd47b468,0x00000000fd480000)
  to   space 46592K, 0% used [0x00000000f8500000,0x00000000f8500000,0x00000000fb280000)
 ParOldGen       total 79360K, used 78657K [0x00000000c0000000, 0x00000000c4d80000, 0x00000000eab00000)
  object space 79360K, 99% used [0x00000000c0000000,0x00000000c4cd05b0,0x00000000c4d80000)
 Metaspace       used 6518K, capacity 7256K, committed 7424K, reserved 1056768K
  class space    used 616K, capacity 656K, committed 768K, reserved 1048576K
Event: 7.196 GC heap after
Heap after GC invocations=14 (full 2):
 PSYoungGen      total 258048K, used 31122K [0x00000000eab00000, 0x00000000fef00000, 0x0000000100000000)
  eden space 223232K, 0% used [0x00000000eab00000,0x00000000eab00000,0x00000000f8500000)
  from space 34816K, 89% used [0x00000000fb280000,0x00000000fd0e4958,0x00000000fd480000)
  to   space 46592K, 0% used [0x00000000f8500000,0x00000000f8500000,0x00000000fb280000)
 ParOldGen       total 141824K, used 78990K [0x00000000c0000000, 0x00000000c8a80000, 0x00000000eab00000)
  object space 141824K, 55% used [0x00000000c0000000,0x00000000c4d23a98,0x00000000c8a80000)
 Metaspace       used 6518K, capacity 7256K, committed 7424K, reserved 1056768K
  class space    used 616K, capacity 656K, committed 768K, reserved 1048576K
}
Event: 8.217 GC heap before
{Heap before GC invocations=15 (full 2):
 PSYoungGen      total 258048K, used 254354K [0x00000000eab00000, 0x00000000fef00000, 0x0000000100000000)
  eden space 223232K, 100% used [0x00000000eab00000,0x00000000f8500000,0x00000000f8500000)
  from space 34816K, 89% used [0x00000000fb280000,0x00000000fd0e4958,0x00000000fd480000)
  to   space 46592K, 0% used [0x00000000f8500000,0x00000000f8500000,0x00000000fb280000)
 ParOldGen       total 141824K, used 78990K [0x00000000c0000000, 0x00000000c8a80000, 0x00000000eab00000)
  object space 141824K, 55% used [0x00000000c0000000,0x00000000c4d23a98,0x00000000c8a80000)
 Metaspace       used 6527K, capacity 7256K, committed 7424K, reserved 1056768K
  class space    used 616K, capacity 656K, committed 768K, reserved 1048576K
Event: 10.986 GC heap after
Heap after GC invocations=15 (full 2):
 PSYoungGen      total 269824K, used 33496K [0x00000000eab00000, 0x0000000100000000, 0x0000000100000000)
  eden space 223232K, 0% used [0x00000000eab00000,0x00000000eab00000,0x00000000f8500000)
  from space 46592K, 71% used [0x00000000f8500000,0x00000000fa5b6170,0x00000000fb280000)
  to   space 50176K, 0% used [0x00000000fcf00000,0x00000000fcf00000,0x0000000100000000)
 ParOldGen       total 141824K, used 110267K [0x00000000c0000000, 0x00000000c8a80000, 0x00000000eab00000)
  object space 141824K, 77% used [0x00000000c0000000,0x00000000c6baef58,0x00000000c8a80000)
 Metaspace       used 6527K, capacity 7256K, committed 7424K, reserved 1056768K
  class space    used 616K, capacity 656K, committed 768K, reserved 1048576K
}
Event: 12.046 GC heap before
{Heap before GC invocations=16 (full 2):
 PSYoungGen      total 269824K, used 256728K [0x00000000eab00000, 0x0000000100000000, 0x0000000100000000)
  eden space 223232K, 100% used [0x00000000eab00000,0x00000000f8500000,0x00000000f8500000)
  from space 46592K, 71% used [0x00000000f8500000,0x00000000fa5b6170,0x00000000fb280000)
  to   space 50176K, 0% used [0x00000000fcf00000,0x00000000fcf00000,0x0000000100000000)
 ParOldGen       total 141824K, used 110267K [0x00000000c0000000, 0x00000000c8a80000, 0x00000000eab00000)
  object space 141824K, 77% used [0x00000000c0000000,0x00000000c6baef58,0x00000000c8a80000)
 Metaspace       used 6533K, capacity 7256K, committed 7424K, reserved 1056768K
  class space    used 616K, capacity 656K, committed 768K, reserved 1048576K
Event: 12.226 GC heap after
Heap after GC invocations=16 (full 2):
 PSYoungGen      total 294912K, used 33076K [0x00000000eab00000, 0x0000000100000000, 0x0000000100000000)
  eden space 244736K, 0% used [0x00000000eab00000,0x00000000eab00000,0x00000000f9a00000)
  from space 50176K, 65% used [0x00000000fcf00000,0x00000000fef4d078,0x0000000100000000)
  to   space 52224K, 0% used [0x00000000f9a00000,0x00000000f9a00000,0x00000000fcd00000)
 ParOldGen       total 142336K, used 141934K [0x00000000c0000000, 0x00000000c8b00000, 0x00000000eab00000)
  object space 142336K, 99% used [0x00000000c0000000,0x00000000c8a9b828,0x00000000c8b00000)
 Metaspace       used 6533K, capacity 7256K, committed 7424K, reserved 1056768K
  class space    used 616K, capacity 656K, committed 768K, reserved 1048576K
}
Event: 12.231 GC heap before
{Heap before GC invocations=17 (full 3):
 PSYoungGen      total 294912K, used 33076K [0x00000000eab00000, 0x0000000100000000, 0x0000000100000000)
  eden space 244736K, 0% used [0x00000000eab00000,0x00000000eab00000,0x00000000f9a00000)
  from space 50176K, 65% used [0x00000000fcf00000,0x00000000fef4d078,0x0000000100000000)
  to   space 52224K, 0% used [0x00000000f9a00000,0x00000000f9a00000,0x00000000fcd00000)
 ParOldGen       total 142336K, used 141934K [0x00000000c0000000, 0x00000000c8b00000, 0x00000000eab00000)
  object space 142336K, 99% used [0x00000000c0000000,0x00000000c8a9b828,0x00000000c8b00000)
 Metaspace       used 6533K, capacity 7256K, committed 7424K, reserved 1056768K
  class space    used 616K, capacity 656K, committed 768K, reserved 1048576K

