# JRE version: Java(TM) SE Runtime Environment (8.0_72-b15) (build 1.8.0_72-b15)
# Java VM: Java HotSpot(TM) 64-Bit Server VM (25.72-b15 mixed mode linux-amd64 compressed oops)
Heap:
 PSYoungGen      total 219136K, used 25941K [0x00000000eab00000, 0x00000000fae00000, 0x0000000100000000)
  eden space 181760K, 0% used [0x00000000eab00000,0x00000000eab00000,0x00000000f5c80000)
  from space 37376K, 69% used [0x00000000f5c80000,0x00000000f75d56b0,0x00000000f8100000)
  to   space 28672K, 0% used [0x00000000f8100000,0x00000000f8100000,0x00000000f9d00000)
 ParOldGen       total 72192K, used 65441K [0x00000000c0000000, 0x00000000c4680000, 0x00000000eab00000)
  object space 72192K, 90% used [0x00000000c0000000,0x00000000c3fe84a0,0x00000000c4680000)
 Metaspace       used 6504K, capacity 7256K, committed 7424K, reserved 1056768K
  class space    used 614K, capacity 656K, committed 768K, reserved 1048576K
GC Heap History (10 events):
Event: 24.520 GC heap after
Heap after GC invocations=7 (full 0):
 PSYoungGen      total 72192K, used 10225K [0x00000000eab00000, 0x00000000f4200000, 0x0000000100000000)
  eden space 61952K, 0% used [0x00000000eab00000,0x00000000eab00000,0x00000000ee780000)
  from space 10240K, 99% used [0x00000000ee780000,0x00000000ef17c7b8,0x00000000ef180000)
  to   space 15360K, 0% used [0x00000000f3300000,0x00000000f3300000,0x00000000f4200000)
 ParOldGen       total 42496K, used 14435K [0x00000000c0000000, 0x00000000c2980000, 0x00000000eab00000)
  object space 42496K, 33% used [0x00000000c0000000,0x00000000c0e18ef8,0x00000000c2980000)
 Metaspace       used 6156K, capacity 7088K, committed 7296K, reserved 1056768K
  class space    used 594K, capacity 616K, committed 640K, reserved 1048576K
}
Event: 24.767 GC heap before
{Heap before GC invocations=8 (full 0):
 PSYoungGen      total 72192K, used 72177K [0x00000000eab00000, 0x00000000f4200000, 0x0000000100000000)
  eden space 61952K, 100% used [0x00000000eab00000,0x00000000ee780000,0x00000000ee780000)
  from space 10240K, 99% used [0x00000000ee780000,0x00000000ef17c7b8,0x00000000ef180000)
  to   space 15360K, 0% used [0x00000000f3300000,0x00000000f3300000,0x00000000f4200000)
 ParOldGen       total 42496K, used 14435K [0x00000000c0000000, 0x00000000c2980000, 0x00000000eab00000)
  object space 42496K, 33% used [0x00000000c0000000,0x00000000c0e18ef8,0x00000000c2980000)
 Metaspace       used 6162K, capacity 7088K, committed 7296K, reserved 1056768K
  class space    used 594K, capacity 616K, committed 640K, reserved 1048576K
Event: 24.824 GC heap after
Heap after GC invocations=8 (full 0):
 PSYoungGen      total 134144K, used 15351K [0x00000000eab00000, 0x00000000f4c00000, 0x0000000100000000)
  eden space 118784K, 0% used [0x00000000eab00000,0x00000000eab00000,0x00000000f1f00000)
  from space 15360K, 99% used [0x00000000f3300000,0x00000000f41fdc50,0x00000000f4200000)
  to   space 20480K, 0% used [0x00000000f1f00000,0x00000000f1f00000,0x00000000f3300000)
 ParOldGen       total 42496K, used 18639K [0x00000000c0000000, 0x00000000c2980000, 0x00000000eab00000)
  object space 42496K, 43% used [0x00000000c0000000,0x00000000c1233f00,0x00000000c2980000)
 Metaspace       used 6162K, capacity 7088K, committed 7296K, reserved 1056768K
  class space    used 594K, capacity 616K, committed 640K, reserved 1048576K
}
Event: 25.508 GC heap before
{Heap before GC invocations=9 (full 0):
 PSYoungGen      total 134144K, used 134135K [0x00000000eab00000, 0x00000000f4c00000, 0x0000000100000000)
  eden space 118784K, 100% used [0x00000000eab00000,0x00000000f1f00000,0x00000000f1f00000)
  from space 15360K, 99% used [0x00000000f3300000,0x00000000f41fdc50,0x00000000f4200000)
  to   space 20480K, 0% used [0x00000000f1f00000,0x00000000f1f00000,0x00000000f3300000)
 ParOldGen       total 42496K, used 18639K [0x00000000c0000000, 0x00000000c2980000, 0x00000000eab00000)
  object space 42496K, 43% used [0x00000000c0000000,0x00000000c1233f00,0x00000000c2980000)
 Metaspace       used 6296K, capacity 7152K, committed 7296K, reserved 1056768K
  class space    used 594K, capacity 616K, committed 640K, reserved 1048576K
Event: 25.606 GC heap after
Heap after GC invocations=9 (full 0):
 PSYoungGen      total 139264K, used 20458K [0x00000000eab00000, 0x00000000f9d00000, 0x0000000100000000)
  eden space 118784K, 0% used [0x00000000eab00000,0x00000000eab00000,0x00000000f1f00000)
  from space 20480K, 99% used [0x00000000f1f00000,0x00000000f32fa808,0x00000000f3300000)
  to   space 28672K, 0% used [0x00000000f8100000,0x00000000f8100000,0x00000000f9d00000)
 ParOldGen       total 42496K, used 30247K [0x00000000c0000000, 0x00000000c2980000, 0x00000000eab00000)
  object space 42496K, 71% used [0x00000000c0000000,0x00000000c1d89f00,0x00000000c2980000)
 Metaspace       used 6296K, capacity 7152K, committed 7296K, reserved 1056768K
  class space    used 594K, capacity 616K, committed 640K, reserved 1048576K
}
Event: 26.208 GC heap before
{Heap before GC invocations=10 (full 0):
 PSYoungGen      total 139264K, used 139242K [0x00000000eab00000, 0x00000000f9d00000, 0x0000000100000000)
  eden space 118784K, 100% used [0x00000000eab00000,0x00000000f1f00000,0x00000000f1f00000)
  from space 20480K, 99% used [0x00000000f1f00000,0x00000000f32fa808,0x00000000f3300000)
  to   space 28672K, 0% used [0x00000000f8100000,0x00000000f8100000,0x00000000f9d00000)
 ParOldGen       total 42496K, used 30247K [0x00000000c0000000, 0x00000000c2980000, 0x00000000eab00000)
  object space 42496K, 71% used [0x00000000c0000000,0x00000000c1d89f00,0x00000000c2980000)
 Metaspace       used 6480K, capacity 7256K, committed 7424K, reserved 1056768K
  class space    used 614K, capacity 656K, committed 768K, reserved 1048576K
Event: 26.268 GC heap after
Heap after GC invocations=10 (full 0):
 PSYoungGen      total 210432K, used 28656K [0x00000000eab00000, 0x00000000fae00000, 0x0000000100000000)
  eden space 181760K, 0% used [0x00000000eab00000,0x00000000eab00000,0x00000000f5c80000)
  from space 28672K, 99% used [0x00000000f8100000,0x00000000f9cfc3c0,0x00000000f9d00000)
  to   space 37376K, 0% used [0x00000000f5c80000,0x00000000f5c80000,0x00000000f8100000)
 ParOldGen       total 42496K, used 40574K [0x00000000c0000000, 0x00000000c2980000, 0x00000000eab00000)
  object space 42496K, 95% used [0x00000000c0000000,0x00000000c279fbd0,0x00000000c2980000)
 Metaspace       used 6480K, capacity 7256K, committed 7424K, reserved 1056768K
  class space    used 614K, capacity 656K, committed 768K, reserved 1048576K
}
Event: 26.268 GC heap before
{Heap before GC invocations=11 (full 1):
 PSYoungGen      total 210432K, used 28656K [0x00000000eab00000, 0x00000000fae00000, 0x0000000100000000)
  eden space 181760K, 0% used [0x00000000eab00000,0x00000000eab00000,0x00000000f5c80000)
  from space 28672K, 99% used [0x00000000f8100000,0x00000000f9cfc3c0,0x00000000f9d00000)
  to   space 37376K, 0% used [0x00000000f5c80000,0x00000000f5c80000,0x00000000f8100000)
 ParOldGen       total 42496K, used 40574K [0x00000000c0000000, 0x00000000c2980000, 0x00000000eab00000)
  object space 42496K, 95% used [0x00000000c0000000,0x00000000c279fbd0,0x00000000c2980000)
 Metaspace       used 6480K, capacity 7256K, committed 7424K, reserved 1056768K
  class space    used 614K, capacity 656K, committed 768K, reserved 1048576K
Event: 26.718 GC heap after
Heap after GC invocations=11 (full 1):
 PSYoungGen      total 210432K, used 24415K [0x00000000eab00000, 0x00000000fae00000, 0x0000000100000000)
  eden space 181760K, 0% used [0x00000000eab00000,0x00000000eab00000,0x00000000f5c80000)
  from space 28672K, 85% used [0x00000000f8100000,0x00000000f98d7d80,0x00000000f9d00000)
  to   space 37376K, 0% used [0x00000000f5c80000,0x00000000f5c80000,0x00000000f8100000)
 ParOldGen       total 72192K, used 41590K [0x00000000c0000000, 0x00000000c4680000, 0x00000000eab00000)
  object space 72192K, 57% used [0x00000000c0000000,0x00000000c289db00,0x00000000c4680000)
 Metaspace       used 6480K, capacity 7256K, committed 7424K, reserved 1056768K
  class space    used 614K, capacity 656K, committed 768K, reserved 1048576K
}
Event: 27.559 GC heap before
{Heap before GC invocations=12 (full 1):
 PSYoungGen      total 210432K, used 206175K [0x00000000eab00000, 0x00000000fae00000, 0x0000000100000000)
  eden space 181760K, 100% used [0x00000000eab00000,0x00000000f5c80000,0x00000000f5c80000)
  from space 28672K, 85% used [0x00000000f8100000,0x00000000f98d7d80,0x00000000f9d00000)
  to   space 37376K, 0% used [0x00000000f5c80000,0x00000000f5c80000,0x00000000f8100000)
 ParOldGen       total 72192K, used 41590K [0x00000000c0000000, 0x00000000c4680000, 0x00000000eab00000)
  object space 72192K, 57% used [0x00000000c0000000,0x00000000c289db00,0x00000000c4680000)
 Metaspace       used 6504K, capacity 7256K, committed 7424K, reserved 1056768K
  class space    used 614K, capacity 656K, committed 768K, reserved 1048576K

