# JRE version: Java(TM) SE Runtime Environment (8.0_72-b15) (build 1.8.0_72-b15)
# Java VM: Java HotSpot(TM) 64-Bit Server VM (25.72-b15 mixed mode linux-amd64 compressed oops)
Heap:
 PSYoungGen      total 271360K, used 33662K [0x00000000eab00000, 0x0000000100000000, 0x0000000100000000)
  eden space 221184K, 0% used [0x00000000eab00000,0x00000000eab00000,0x00000000f8300000)
  from space 50176K, 67% used [0x00000000fcf00000,0x00000000fefdf810,0x0000000100000000)
  to   space 64000K, 0% used [0x00000000f8300000,0x00000000f8300000,0x00000000fc180000)
 ParOldGen       total 138752K, used 138531K [0x00000000c0000000, 0x00000000c8780000, 0x00000000eab00000)
  object space 138752K, 99% used [0x00000000c0000000,0x00000000c8748cf0,0x00000000c8780000)
 Metaspace       used 6559K, capacity 7320K, committed 7680K, reserved 1056768K
  class space    used 616K, capacity 656K, committed 768K, reserved 1048576K
GC Heap History (10 events):
Event: 4.279 GC heap after
Heap after GC invocations=12 (full 1):
 PSYoungGen      total 220672K, used 23682K [0x00000000eab00000, 0x00000000fdb80000, 0x0000000100000000)
  eden space 187392K, 0% used [0x00000000eab00000,0x00000000eab00000,0x00000000f6200000)
  from space 33280K, 71% used [0x00000000f6200000,0x00000000f7920bf0,0x00000000f8280000)
  to   space 35840K, 0% used [0x00000000fb880000,0x00000000fb880000,0x00000000fdb80000)
 ParOldGen       total 79360K, used 62111K [0x00000000c0000000, 0x00000000c4d80000, 0x00000000eab00000)
  object space 79360K, 78% used [0x00000000c0000000,0x00000000c3ca7d30,0x00000000c4d80000)
 Metaspace       used 6519K, capacity 7256K, committed 7424K, reserved 1056768K
  class space    used 616K, capacity 656K, committed 768K, reserved 1048576K
}
Event: 5.068 GC heap before
{Heap before GC invocations=13 (full 1):
 PSYoungGen      total 220672K, used 211074K [0x00000000eab00000, 0x00000000fdb80000, 0x0000000100000000)
  eden space 187392K, 100% used [0x00000000eab00000,0x00000000f6200000,0x00000000f6200000)
  from space 33280K, 71% used [0x00000000f6200000,0x00000000f7920bf0,0x00000000f8280000)
  to   space 35840K, 0% used [0x00000000fb880000,0x00000000fb880000,0x00000000fdb80000)
 ParOldGen       total 79360K, used 62111K [0x00000000c0000000, 0x00000000c4d80000, 0x00000000eab00000)
  object space 79360K, 78% used [0x00000000c0000000,0x00000000c3ca7d30,0x00000000c4d80000)
 Metaspace       used 6543K, capacity 7320K, committed 7680K, reserved 1056768K
  class space    used 616K, capacity 656K, committed 768K, reserved 1048576K
Event: 5.171 GC heap after
Heap after GC invocations=13 (full 1):
 PSYoungGen      total 264704K, used 35825K [0x00000000eab00000, 0x00000000ff400000, 0x0000000100000000)
  eden space 228864K, 0% used [0x00000000eab00000,0x00000000eab00000,0x00000000f8a80000)
  from space 35840K, 99% used [0x00000000fb880000,0x00000000fdb7c6f8,0x00000000fdb80000)
  to   space 47104K, 0% used [0x00000000f8a80000,0x00000000f8a80000,0x00000000fb880000)
 ParOldGen       total 79360K, used 76858K [0x00000000c0000000, 0x00000000c4d80000, 0x00000000eab00000)
  object space 79360K, 96% used [0x00000000c0000000,0x00000000c4b0ea18,0x00000000c4d80000)
 Metaspace       used 6543K, capacity 7320K, committed 7680K, reserved 1056768K
  class space    used 616K, capacity 656K, committed 768K, reserved 1048576K
}
Event: 5.171 GC heap before
{Heap before GC invocations=14 (full 2):
 PSYoungGen      total 264704K, used 35825K [0x00000000eab00000, 0x00000000ff400000, 0x0000000100000000)
  eden space 228864K, 0% used [0x00000000eab00000,0x00000000eab00000,0x00000000f8a80000)
  from space 35840K, 99% used [0x00000000fb880000,0x00000000fdb7c6f8,0x00000000fdb80000)
  to   space 47104K, 0% used [0x00000000f8a80000,0x00000000f8a80000,0x00000000fb880000)
 ParOldGen       total 79360K, used 76858K [0x00000000c0000000, 0x00000000c4d80000, 0x00000000eab00000)
  object space 79360K, 96% used [0x00000000c0000000,0x00000000c4b0ea18,0x00000000c4d80000)
 Metaspace       used 6543K, capacity 7320K, committed 7680K, reserved 1056768K
  class space    used 616K, capacity 656K, committed 768K, reserved 1048576K
Event: 5.614 GC heap after
Heap after GC invocations=14 (full 2):
 PSYoungGen      total 264704K, used 31115K [0x00000000eab00000, 0x00000000ff400000, 0x0000000100000000)
  eden space 228864K, 0% used [0x00000000eab00000,0x00000000eab00000,0x00000000f8a80000)
  from space 35840K, 86% used [0x00000000fb880000,0x00000000fd6e2e80,0x00000000fdb80000)
  to   space 47104K, 0% used [0x00000000f8a80000,0x00000000f8a80000,0x00000000fb880000)
 ParOldGen       total 138752K, used 78940K [0x00000000c0000000, 0x00000000c8780000, 0x00000000eab00000)
  object space 138752K, 56% used [0x00000000c0000000,0x00000000c4d173c0,0x00000000c8780000)
 Metaspace       used 6543K, capacity 7320K, committed 7680K, reserved 1056768K
  class space    used 616K, capacity 656K, committed 768K, reserved 1048576K
}
Event: 6.418 GC heap before
{Heap before GC invocations=15 (full 2):
 PSYoungGen      total 264704K, used 259979K [0x00000000eab00000, 0x00000000ff400000, 0x0000000100000000)
  eden space 228864K, 100% used [0x00000000eab00000,0x00000000f8a80000,0x00000000f8a80000)
  from space 35840K, 86% used [0x00000000fb880000,0x00000000fd6e2e80,0x00000000fdb80000)
  to   space 47104K, 0% used [0x00000000f8a80000,0x00000000f8a80000,0x00000000fb880000)
 ParOldGen       total 138752K, used 78940K [0x00000000c0000000, 0x00000000c8780000, 0x00000000eab00000)
  object space 138752K, 56% used [0x00000000c0000000,0x00000000c4d173c0,0x00000000c8780000)
 Metaspace       used 6548K, capacity 7320K, committed 7680K, reserved 1056768K
  class space    used 616K, capacity 656K, committed 768K, reserved 1048576K
Event: 6.539 GC heap after
Heap after GC invocations=15 (full 2):
 PSYoungGen      total 275968K, used 33510K [0x00000000eab00000, 0x0000000100000000, 0x0000000100000000)
  eden space 228864K, 0% used [0x00000000eab00000,0x00000000eab00000,0x00000000f8a80000)
  from space 47104K, 71% used [0x00000000f8a80000,0x00000000fab39b70,0x00000000fb880000)
  to   space 50176K, 0% used [0x00000000fcf00000,0x00000000fcf00000,0x0000000100000000)
 ParOldGen       total 138752K, used 110361K [0x00000000c0000000, 0x00000000c8780000, 0x00000000eab00000)
  object space 138752K, 79% used [0x00000000c0000000,0x00000000c6bc65a8,0x00000000c8780000)
 Metaspace       used 6548K, capacity 7320K, committed 7680K, reserved 1056768K
  class space    used 616K, capacity 656K, committed 768K, reserved 1048576K
}
Event: 7.185 GC heap before
{Heap before GC invocations=16 (full 2):
 PSYoungGen      total 275968K, used 262374K [0x00000000eab00000, 0x0000000100000000, 0x0000000100000000)
  eden space 228864K, 100% used [0x00000000eab00000,0x00000000f8a80000,0x00000000f8a80000)
  from space 47104K, 71% used [0x00000000f8a80000,0x00000000fab39b70,0x00000000fb880000)
  to   space 50176K, 0% used [0x00000000fcf00000,0x00000000fcf00000,0x0000000100000000)
 ParOldGen       total 138752K, used 110361K [0x00000000c0000000, 0x00000000c8780000, 0x00000000eab00000)
  object space 138752K, 79% used [0x00000000c0000000,0x00000000c6bc65a8,0x00000000c8780000)
 Metaspace       used 6559K, capacity 7320K, committed 7680K, reserved 1056768K
  class space    used 616K, capacity 656K, committed 768K, reserved 1048576K
Event: 7.353 GC heap after
Heap after GC invocations=16 (full 2):
 PSYoungGen      total 271360K, used 50145K [0x00000000eab00000, 0x0000000100000000, 0x0000000100000000)
  eden space 221184K, 0% used [0x00000000eab00000,0x00000000eab00000,0x00000000f8300000)
  from space 50176K, 99% used [0x00000000fcf00000,0x00000000ffff8730,0x0000000100000000)
  to   space 64000K, 0% used [0x00000000f8300000,0x00000000f8300000,0x00000000fc180000)
 ParOldGen       total 138752K, used 124785K [0x00000000c0000000, 0x00000000c8780000, 0x00000000eab00000)
  object space 138752K, 89% used [0x00000000c0000000,0x00000000c79dc720,0x00000000c8780000)
 Metaspace       used 6559K, capacity 7320K, committed 7680K, reserved 1056768K
  class space    used 616K, capacity 656K, committed 768K, reserved 1048576K
}
Event: 7.361 GC heap before
{Heap before GC invocations=17 (full 3):
 PSYoungGen      total 271360K, used 50145K [0x00000000eab00000, 0x0000000100000000, 0x0000000100000000)
  eden space 221184K, 0% used [0x00000000eab00000,0x00000000eab00000,0x00000000f8300000)
  from space 50176K, 99% used [0x00000000fcf00000,0x00000000ffff8730,0x0000000100000000)
  to   space 64000K, 0% used [0x00000000f8300000,0x00000000f8300000,0x00000000fc180000)
 ParOldGen       total 138752K, used 124785K [0x00000000c0000000, 0x00000000c8780000, 0x00000000eab00000)
  object space 138752K, 89% used [0x00000000c0000000,0x00000000c79dc720,0x00000000c8780000)
 Metaspace       used 6559K, capacity 7320K, committed 7680K, reserved 1056768K
  class space    used 616K, capacity 656K, committed 768K, reserved 1048576K

