# JRE version: Java(TM) SE Runtime Environment (8.0_72-b15) (build 1.8.0_72-b15)
# Java VM: Java HotSpot(TM) 64-Bit Server VM (25.72-b15 mixed mode linux-amd64 compressed oops)
Heap:
 PSYoungGen      total 297472K, used 17064K [0x00000000eab00000, 0x0000000100000000, 0x0000000100000000)
  eden space 256000K, 0% used [0x00000000eab00000,0x00000000eab00000,0x00000000fa500000)
  from space 41472K, 41% used [0x00000000fd780000,0x00000000fe82a3f0,0x0000000100000000)
  to   space 46592K, 0% used [0x00000000fa500000,0x00000000fa500000,0x00000000fd280000)
 ParOldGen       total 134144K, used 133777K [0x00000000c0000000, 0x00000000c8300000, 0x00000000eab00000)
  object space 134144K, 99% used [0x00000000c0000000,0x00000000c82a4778,0x00000000c8300000)
 Metaspace       used 6537K, capacity 7320K, committed 7680K, reserved 1056768K
  class space    used 617K, capacity 656K, committed 768K, reserved 1048576K
GC Heap History (10 events):
Event: 4.230 GC heap after
Heap after GC invocations=12 (full 1):
 PSYoungGen      total 220160K, used 24445K [0x00000000eab00000, 0x00000000fe400000, 0x0000000100000000)
  eden space 187392K, 0% used [0x00000000eab00000,0x00000000eab00000,0x00000000f6200000)
  from space 32768K, 74% used [0x00000000f6200000,0x00000000f79df6d8,0x00000000f8200000)
  to   space 35328K, 0% used [0x00000000fc180000,0x00000000fc180000,0x00000000fe400000)
 ParOldGen       total 78336K, used 62845K [0x00000000c0000000, 0x00000000c4c80000, 0x00000000eab00000)
  object space 78336K, 80% used [0x00000000c0000000,0x00000000c3d5f760,0x00000000c4c80000)
 Metaspace       used 6490K, capacity 7256K, committed 7424K, reserved 1056768K
  class space    used 617K, capacity 656K, committed 768K, reserved 1048576K
}
Event: 4.253 GC heap before
{Heap before GC invocations=13 (full 2):
 PSYoungGen      total 220160K, used 24445K [0x00000000eab00000, 0x00000000fe400000, 0x0000000100000000)
  eden space 187392K, 0% used [0x00000000eab00000,0x00000000eab00000,0x00000000f6200000)
  from space 32768K, 74% used [0x00000000f6200000,0x00000000f79df6d8,0x00000000f8200000)
  to   space 35328K, 0% used [0x00000000fc180000,0x00000000fc180000,0x00000000fe400000)
 ParOldGen       total 78336K, used 62845K [0x00000000c0000000, 0x00000000c4c80000, 0x00000000eab00000)
  object space 78336K, 80% used [0x00000000c0000000,0x00000000c3d5f760,0x00000000c4c80000)
 Metaspace       used 6490K, capacity 7256K, committed 7424K, reserved 1056768K
  class space    used 617K, capacity 656K, committed 768K, reserved 1048576K
Event: 4.586 GC heap after
Heap after GC invocations=13 (full 2):
 PSYoungGen      total 220160K, used 5779K [0x00000000eab00000, 0x00000000fe400000, 0x0000000100000000)
  eden space 187392K, 0% used [0x00000000eab00000,0x00000000eab00000,0x00000000f6200000)
  from space 32768K, 17% used [0x00000000f6200000,0x00000000f67a4d90,0x00000000f8200000)
  to   space 35328K, 0% used [0x00000000fc180000,0x00000000fc180000,0x00000000fe400000)
 ParOldGen       total 134144K, used 78279K [0x00000000c0000000, 0x00000000c8300000, 0x00000000eab00000)
  object space 134144K, 58% used [0x00000000c0000000,0x00000000c4c71f08,0x00000000c8300000)
 Metaspace       used 6490K, capacity 7256K, committed 7424K, reserved 1056768K
  class space    used 617K, capacity 656K, committed 768K, reserved 1048576K
}
Event: 4.599 GC heap before
{Heap before GC invocations=14 (full 2):
 PSYoungGen      total 220160K, used 8857K [0x00000000eab00000, 0x00000000fe400000, 0x0000000100000000)
  eden space 187392K, 1% used [0x00000000eab00000,0x00000000eae01778,0x00000000f6200000)
  from space 32768K, 17% used [0x00000000f6200000,0x00000000f67a4d90,0x00000000f8200000)
  to   space 35328K, 0% used [0x00000000fc180000,0x00000000fc180000,0x00000000fe400000)
 ParOldGen       total 134144K, used 78279K [0x00000000c0000000, 0x00000000c8300000, 0x00000000eab00000)
  object space 134144K, 58% used [0x00000000c0000000,0x00000000c4c71f08,0x00000000c8300000)
 Metaspace       used 6490K, capacity 7256K, committed 7424K, reserved 1056768K
  class space    used 617K, capacity 656K, committed 768K, reserved 1048576K
Event: 4.648 GC heap after
Heap after GC invocations=14 (full 2):
 PSYoungGen      total 249344K, used 384K [0x00000000eab00000, 0x00000000fd280000, 0x0000000100000000)
  eden space 231936K, 0% used [0x00000000eab00000,0x00000000eab00000,0x00000000f8d80000)
  from space 17408K, 2% used [0x00000000fc180000,0x00000000fc1e0000,0x00000000fd280000)
  to   space 35328K, 0% used [0x00000000f8d80000,0x00000000f8d80000,0x00000000fb000000)
 ParOldGen       total 134144K, used 84198K [0x00000000c0000000, 0x00000000c8300000, 0x00000000eab00000)
  object space 134144K, 62% used [0x00000000c0000000,0x00000000c5239b30,0x00000000c8300000)
 Metaspace       used 6490K, capacity 7256K, committed 7424K, reserved 1056768K
  class space    used 617K, capacity 656K, committed 768K, reserved 1048576K
}
Event: 5.606 GC heap before
{Heap before GC invocations=15 (full 2):
 PSYoungGen      total 249344K, used 232320K [0x00000000eab00000, 0x00000000fd280000, 0x0000000100000000)
  eden space 231936K, 100% used [0x00000000eab00000,0x00000000f8d80000,0x00000000f8d80000)
  from space 17408K, 2% used [0x00000000fc180000,0x00000000fc1e0000,0x00000000fd280000)
  to   space 35328K, 0% used [0x00000000f8d80000,0x00000000f8d80000,0x00000000fb000000)
 ParOldGen       total 134144K, used 84198K [0x00000000c0000000, 0x00000000c8300000, 0x00000000eab00000)
  object space 134144K, 62% used [0x00000000c0000000,0x00000000c5239b30,0x00000000c8300000)
 Metaspace       used 6532K, capacity 7320K, committed 7680K, reserved 1056768K
  class space    used 617K, capacity 656K, committed 768K, reserved 1048576K
Event: 5.679 GC heap after
Heap after GC invocations=15 (full 2):
 PSYoungGen      total 267264K, used 35326K [0x00000000eab00000, 0x0000000100000000, 0x0000000100000000)
  eden space 231936K, 0% used [0x00000000eab00000,0x00000000eab00000,0x00000000f8d80000)
  from space 35328K, 99% used [0x00000000f8d80000,0x00000000fafffb40,0x00000000fb000000)
  to   space 41472K, 0% used [0x00000000fd780000,0x00000000fd780000,0x0000000100000000)
 ParOldGen       total 134144K, used 84488K [0x00000000c0000000, 0x00000000c8300000, 0x00000000eab00000)
  object space 134144K, 62% used [0x00000000c0000000,0x00000000c5282288,0x00000000c8300000)
 Metaspace       used 6532K, capacity 7320K, committed 7680K, reserved 1056768K
  class space    used 617K, capacity 656K, committed 768K, reserved 1048576K
}
Event: 6.432 GC heap before
{Heap before GC invocations=16 (full 2):
 PSYoungGen      total 267264K, used 267262K [0x00000000eab00000, 0x0000000100000000, 0x0000000100000000)
  eden space 231936K, 100% used [0x00000000eab00000,0x00000000f8d80000,0x00000000f8d80000)
  from space 35328K, 99% used [0x00000000f8d80000,0x00000000fafffb40,0x00000000fb000000)
  to   space 41472K, 0% used [0x00000000fd780000,0x00000000fd780000,0x0000000100000000)
 ParOldGen       total 134144K, used 84488K [0x00000000c0000000, 0x00000000c8300000, 0x00000000eab00000)
  object space 134144K, 62% used [0x00000000c0000000,0x00000000c5282288,0x00000000c8300000)
 Metaspace       used 6537K, capacity 7320K, committed 7680K, reserved 1056768K
  class space    used 617K, capacity 656K, committed 768K, reserved 1048576K
Event: 6.571 GC heap after
Heap after GC invocations=16 (full 2):
 PSYoungGen      total 297472K, used 35179K [0x00000000eab00000, 0x0000000100000000, 0x0000000100000000)
  eden space 256000K, 0% used [0x00000000eab00000,0x00000000eab00000,0x00000000fa500000)
  from space 41472K, 84% used [0x00000000fd780000,0x00000000ff9dae58,0x0000000100000000)
  to   space 46592K, 0% used [0x00000000fa500000,0x00000000fa500000,0x00000000fd280000)
 ParOldGen       total 134144K, used 118408K [0x00000000c0000000, 0x00000000c8300000, 0x00000000eab00000)
  object space 134144K, 88% used [0x00000000c0000000,0x00000000c73a22b8,0x00000000c8300000)
 Metaspace       used 6537K, capacity 7320K, committed 7680K, reserved 1056768K
  class space    used 617K, capacity 656K, committed 768K, reserved 1048576K
}
Event: 6.588 GC heap before
{Heap before GC invocations=17 (full 3):
 PSYoungGen      total 297472K, used 35179K [0x00000000eab00000, 0x0000000100000000, 0x0000000100000000)
  eden space 256000K, 0% used [0x00000000eab00000,0x00000000eab00000,0x00000000fa500000)
  from space 41472K, 84% used [0x00000000fd780000,0x00000000ff9dae58,0x0000000100000000)
  to   space 46592K, 0% used [0x00000000fa500000,0x00000000fa500000,0x00000000fd280000)
 ParOldGen       total 134144K, used 118408K [0x00000000c0000000, 0x00000000c8300000, 0x00000000eab00000)
  object space 134144K, 88% used [0x00000000c0000000,0x00000000c73a22b8,0x00000000c8300000)
 Metaspace       used 6537K, capacity 7320K, committed 7680K, reserved 1056768K
  class space    used 617K, capacity 656K, committed 768K, reserved 1048576K

