# JRE version: Java(TM) SE Runtime Environment (8.0_72-b15) (build 1.8.0_72-b15)
# Java VM: Java HotSpot(TM) 64-Bit Server VM (25.72-b15 mixed mode linux-amd64 compressed oops)
Heap:
 PSYoungGen      total 192512K, used 22168K [0x00000000eab00000, 0x00000000f9a00000, 0x0000000100000000)
  eden space 160256K, 0% used [0x00000000eab00000,0x00000000eab00000,0x00000000f4780000)
  from space 32256K, 68% used [0x00000000f5b00000,0x00000000f70a6040,0x00000000f7a80000)
  to   space 23552K, 0% used [0x00000000f8300000,0x00000000f8300000,0x00000000f9a00000)
 ParOldGen       total 75776K, used 66059K [0x00000000c0000000, 0x00000000c4a00000, 0x00000000eab00000)
  object space 75776K, 87% used [0x00000000c0000000,0x00000000c4082f10,0x00000000c4a00000)
 Metaspace       used 6469K, capacity 7256K, committed 7424K, reserved 1056768K
  class space    used 614K, capacity 656K, committed 768K, reserved 1048576K
GC Heap History (10 events):
Event: 2.186 GC heap after
Heap after GC invocations=7 (full 0):
 PSYoungGen      total 72192K, used 10234K [0x00000000eab00000, 0x00000000f4300000, 0x0000000100000000)
  eden space 61952K, 0% used [0x00000000eab00000,0x00000000eab00000,0x00000000ee780000)
  from space 10240K, 99% used [0x00000000ee780000,0x00000000ef17eac8,0x00000000ef180000)
  to   space 15872K, 0% used [0x00000000f3380000,0x00000000f3380000,0x00000000f4300000)
 ParOldGen       total 42496K, used 15479K [0x00000000c0000000, 0x00000000c2980000, 0x00000000eab00000)
  object space 42496K, 36% used [0x00000000c0000000,0x00000000c0f1dc70,0x00000000c2980000)
 Metaspace       used 6007K, capacity 6960K, committed 7040K, reserved 1056768K
  class space    used 594K, capacity 616K, committed 640K, reserved 1048576K
}
Event: 2.538 GC heap before
{Heap before GC invocations=8 (full 0):
 PSYoungGen      total 72192K, used 72186K [0x00000000eab00000, 0x00000000f4300000, 0x0000000100000000)
  eden space 61952K, 100% used [0x00000000eab00000,0x00000000ee780000,0x00000000ee780000)
  from space 10240K, 99% used [0x00000000ee780000,0x00000000ef17eac8,0x00000000ef180000)
  to   space 15872K, 0% used [0x00000000f3380000,0x00000000f3380000,0x00000000f4300000)
 ParOldGen       total 42496K, used 15479K [0x00000000c0000000, 0x00000000c2980000, 0x00000000eab00000)
  object space 42496K, 36% used [0x00000000c0000000,0x00000000c0f1dc70,0x00000000c2980000)
 Metaspace       used 6042K, capacity 7024K, committed 7296K, reserved 1056768K
  class space    used 594K, capacity 616K, committed 640K, reserved 1048576K
Event: 2.599 GC heap after
Heap after GC invocations=8 (full 0):
 PSYoungGen      total 135680K, used 15842K [0x00000000eab00000, 0x00000000f4b00000, 0x0000000100000000)
  eden space 119808K, 0% used [0x00000000eab00000,0x00000000eab00000,0x00000000f2000000)
  from space 15872K, 99% used [0x00000000f3380000,0x00000000f42f8b78,0x00000000f4300000)
  to   space 19968K, 0% used [0x00000000f2000000,0x00000000f2000000,0x00000000f3380000)
 ParOldGen       total 42496K, used 18448K [0x00000000c0000000, 0x00000000c2980000, 0x00000000eab00000)
  object space 42496K, 43% used [0x00000000c0000000,0x00000000c1204110,0x00000000c2980000)
 Metaspace       used 6042K, capacity 7024K, committed 7296K, reserved 1056768K
  class space    used 594K, capacity 616K, committed 640K, reserved 1048576K
}
Event: 3.445 GC heap before
{Heap before GC invocations=9 (full 0):
 PSYoungGen      total 135680K, used 135650K [0x00000000eab00000, 0x00000000f4b00000, 0x0000000100000000)
  eden space 119808K, 100% used [0x00000000eab00000,0x00000000f2000000,0x00000000f2000000)
  from space 15872K, 99% used [0x00000000f3380000,0x00000000f42f8b78,0x00000000f4300000)
  to   space 19968K, 0% used [0x00000000f2000000,0x00000000f2000000,0x00000000f3380000)
 ParOldGen       total 42496K, used 18448K [0x00000000c0000000, 0x00000000c2980000, 0x00000000eab00000)
  object space 42496K, 43% used [0x00000000c0000000,0x00000000c1204110,0x00000000c2980000)
 Metaspace       used 6246K, capacity 7152K, committed 7296K, reserved 1056768K
  class space    used 594K, capacity 616K, committed 640K, reserved 1048576K
Event: 3.918 GC heap after
Heap after GC invocations=9 (full 0):
 PSYoungGen      total 139776K, used 19950K [0x00000000eab00000, 0x00000000f9f80000, 0x0000000100000000)
  eden space 119808K, 0% used [0x00000000eab00000,0x00000000eab00000,0x00000000f2000000)
  from space 19968K, 99% used [0x00000000f2000000,0x00000000f337bba0,0x00000000f3380000)
  to   space 29184K, 0% used [0x00000000f8300000,0x00000000f8300000,0x00000000f9f80000)
 ParOldGen       total 42496K, used 32160K [0x00000000c0000000, 0x00000000c2980000, 0x00000000eab00000)
  object space 42496K, 75% used [0x00000000c0000000,0x00000000c1f682b8,0x00000000c2980000)
 Metaspace       used 6246K, capacity 7152K, committed 7296K, reserved 1056768K
  class space    used 594K, capacity 616K, committed 640K, reserved 1048576K
}
Event: 3.931 GC heap before
{Heap before GC invocations=10 (full 1):
 PSYoungGen      total 139776K, used 19950K [0x00000000eab00000, 0x00000000f9f80000, 0x0000000100000000)
  eden space 119808K, 0% used [0x00000000eab00000,0x00000000eab00000,0x00000000f2000000)
  from space 19968K, 99% used [0x00000000f2000000,0x00000000f337bba0,0x00000000f3380000)
  to   space 29184K, 0% used [0x00000000f8300000,0x00000000f8300000,0x00000000f9f80000)
 ParOldGen       total 42496K, used 32160K [0x00000000c0000000, 0x00000000c2980000, 0x00000000eab00000)
  object space 42496K, 75% used [0x00000000c0000000,0x00000000c1f682b8,0x00000000c2980000)
 Metaspace       used 6246K, capacity 7152K, committed 7296K, reserved 1056768K
  class space    used 594K, capacity 616K, committed 640K, reserved 1048576K
Event: 4.248 GC heap after
Heap after GC invocations=10 (full 1):
 PSYoungGen      total 139776K, used 6624K [0x00000000eab00000, 0x00000000f9f80000, 0x0000000100000000)
  eden space 119808K, 0% used [0x00000000eab00000,0x00000000eab00000,0x00000000f2000000)
  from space 19968K, 33% used [0x00000000f2000000,0x00000000f2678040,0x00000000f3380000)
  to   space 29184K, 0% used [0x00000000f8300000,0x00000000f8300000,0x00000000f9f80000)
 ParOldGen       total 75776K, used 42063K [0x00000000c0000000, 0x00000000c4a00000, 0x00000000eab00000)
  object space 75776K, 55% used [0x00000000c0000000,0x00000000c2913e50,0x00000000c4a00000)
 Metaspace       used 6246K, capacity 7152K, committed 7296K, reserved 1056768K
  class space    used 594K, capacity 616K, committed 640K, reserved 1048576K
}
Event: 4.916 GC heap before
{Heap before GC invocations=11 (full 1):
 PSYoungGen      total 139776K, used 126432K [0x00000000eab00000, 0x00000000f9f80000, 0x0000000100000000)
  eden space 119808K, 100% used [0x00000000eab00000,0x00000000f2000000,0x00000000f2000000)
  from space 19968K, 33% used [0x00000000f2000000,0x00000000f2678040,0x00000000f3380000)
  to   space 29184K, 0% used [0x00000000f8300000,0x00000000f8300000,0x00000000f9f80000)
 ParOldGen       total 75776K, used 42063K [0x00000000c0000000, 0x00000000c4a00000, 0x00000000eab00000)
  object space 75776K, 55% used [0x00000000c0000000,0x00000000c2913e50,0x00000000c4a00000)
 Metaspace       used 6450K, capacity 7256K, committed 7424K, reserved 1056768K
  class space    used 614K, capacity 656K, committed 768K, reserved 1048576K
Event: 4.978 GC heap after
Heap after GC invocations=11 (full 1):
 PSYoungGen      total 183808K, used 23269K [0x00000000eab00000, 0x00000000f9a00000, 0x0000000100000000)
  eden space 160256K, 0% used [0x00000000eab00000,0x00000000eab00000,0x00000000f4780000)
  from space 23552K, 98% used [0x00000000f8300000,0x00000000f99b97e0,0x00000000f9a00000)
  to   space 32256K, 0% used [0x00000000f5b00000,0x00000000f5b00000,0x00000000f7a80000)
 ParOldGen       total 75776K, used 43895K [0x00000000c0000000, 0x00000000c4a00000, 0x00000000eab00000)
  object space 75776K, 57% used [0x00000000c0000000,0x00000000c2adde50,0x00000000c4a00000)
 Metaspace       used 6450K, capacity 7256K, committed 7424K, reserved 1056768K
  class space    used 614K, capacity 656K, committed 768K, reserved 1048576K
}
Event: 5.916 GC heap before
{Heap before GC invocations=12 (full 1):
 PSYoungGen      total 183808K, used 183525K [0x00000000eab00000, 0x00000000f9a00000, 0x0000000100000000)
  eden space 160256K, 100% used [0x00000000eab00000,0x00000000f4780000,0x00000000f4780000)
  from space 23552K, 98% used [0x00000000f8300000,0x00000000f99b97e0,0x00000000f9a00000)
  to   space 32256K, 0% used [0x00000000f5b00000,0x00000000f5b00000,0x00000000f7a80000)
 ParOldGen       total 75776K, used 43895K [0x00000000c0000000, 0x00000000c4a00000, 0x00000000eab00000)
  object space 75776K, 57% used [0x00000000c0000000,0x00000000c2adde50,0x00000000c4a00000)
 Metaspace       used 6469K, capacity 7256K, committed 7424K, reserved 1056768K
  class space    used 614K, capacity 656K, committed 768K, reserved 1048576K

