# JRE version: Java(TM) SE Runtime Environment (8.0_72-b15) (build 1.8.0_72-b15)
# Java VM: Java HotSpot(TM) 64-Bit Server VM (25.72-b15 mixed mode linux-amd64 compressed oops)
Heap:
 PSYoungGen      total 250880K, used 34187K [0x00000000eab00000, 0x0000000100000000, 0x0000000100000000)
  eden space 211456K, 0% used [0x00000000eab00000,0x00000000eab00000,0x00000000f7980000)
  from space 39424K, 86% used [0x00000000fb080000,0x00000000fd1e2e90,0x00000000fd700000)
  to   space 56320K, 0% used [0x00000000f7980000,0x00000000f7980000,0x00000000fb080000)
 ParOldGen       total 82432K, used 82170K [0x00000000c0000000, 0x00000000c5080000, 0x00000000eab00000)
  object space 82432K, 99% used [0x00000000c0000000,0x00000000c503e988,0x00000000c5080000)
 Metaspace       used 6502K, capacity 7256K, committed 7424K, reserved 1056768K
  class space    used 614K, capacity 656K, committed 768K, reserved 1048576K
GC Heap History (10 events):
Event: 3.224 GC heap after
Heap after GC invocations=7 (full 0):
 PSYoungGen      total 140800K, used 16365K [0x00000000eab00000, 0x00000000fd300000, 0x0000000100000000)
  eden space 124416K, 0% used [0x00000000eab00000,0x00000000eab00000,0x00000000f2480000)
  from space 16384K, 99% used [0x00000000f2480000,0x00000000f347b648,0x00000000f3480000)
  to   space 27136K, 0% used [0x00000000fb880000,0x00000000fb880000,0x00000000fd300000)
 ParOldGen       total 42496K, used 31520K [0x00000000c0000000, 0x00000000c2980000, 0x00000000eab00000)
  object space 42496K, 74% used [0x00000000c0000000,0x00000000c1ec8348,0x00000000c2980000)
 Metaspace       used 6156K, capacity 7088K, committed 7296K, reserved 1056768K
  class space    used 594K, capacity 616K, committed 640K, reserved 1048576K
}
Event: 3.224 GC heap before
{Heap before GC invocations=8 (full 1):
 PSYoungGen      total 140800K, used 16365K [0x00000000eab00000, 0x00000000fd300000, 0x0000000100000000)
  eden space 124416K, 0% used [0x00000000eab00000,0x00000000eab00000,0x00000000f2480000)
  from space 16384K, 99% used [0x00000000f2480000,0x00000000f347b648,0x00000000f3480000)
  to   space 27136K, 0% used [0x00000000fb880000,0x00000000fb880000,0x00000000fd300000)
 ParOldGen       total 42496K, used 31520K [0x00000000c0000000, 0x00000000c2980000, 0x00000000eab00000)
  object space 42496K, 74% used [0x00000000c0000000,0x00000000c1ec8348,0x00000000c2980000)
 Metaspace       used 6156K, capacity 7088K, committed 7296K, reserved 1056768K
  class space    used 594K, capacity 616K, committed 640K, reserved 1048576K
Event: 3.565 GC heap after
Heap after GC invocations=8 (full 1):
 PSYoungGen      total 140800K, used 2533K [0x00000000eab00000, 0x00000000fd300000, 0x0000000100000000)
  eden space 124416K, 0% used [0x00000000eab00000,0x00000000eab00000,0x00000000f2480000)
  from space 16384K, 15% used [0x00000000f2480000,0x00000000f26f9790,0x00000000f3480000)
  to   space 27136K, 0% used [0x00000000fb880000,0x00000000fb880000,0x00000000fd300000)
 ParOldGen       total 82432K, used 42398K [0x00000000c0000000, 0x00000000c5080000, 0x00000000eab00000)
  object space 82432K, 51% used [0x00000000c0000000,0x00000000c2967b28,0x00000000c5080000)
 Metaspace       used 6156K, capacity 7088K, committed 7296K, reserved 1056768K
  class space    used 594K, capacity 616K, committed 640K, reserved 1048576K
}
Event: 4.289 GC heap before
{Heap before GC invocations=9 (full 1):
 PSYoungGen      total 140800K, used 126949K [0x00000000eab00000, 0x00000000fd300000, 0x0000000100000000)
  eden space 124416K, 100% used [0x00000000eab00000,0x00000000f2480000,0x00000000f2480000)
  from space 16384K, 15% used [0x00000000f2480000,0x00000000f26f9790,0x00000000f3480000)
  to   space 27136K, 0% used [0x00000000fb880000,0x00000000fb880000,0x00000000fd300000)
 ParOldGen       total 82432K, used 42398K [0x00000000c0000000, 0x00000000c5080000, 0x00000000eab00000)
  object space 82432K, 51% used [0x00000000c0000000,0x00000000c2967b28,0x00000000c5080000)
 Metaspace       used 6431K, capacity 7256K, committed 7424K, reserved 1056768K
  class space    used 614K, capacity 656K, committed 768K, reserved 1048576K
Event: 4.370 GC heap after
Heap after GC invocations=9 (full 1):
 PSYoungGen      total 197120K, used 21526K [0x00000000eab00000, 0x00000000fce00000, 0x0000000100000000)
  eden space 175104K, 0% used [0x00000000eab00000,0x00000000eab00000,0x00000000f5600000)
  from space 22016K, 97% used [0x00000000fb880000,0x00000000fcd85b60,0x00000000fce00000)
  to   space 30208K, 0% used [0x00000000f9300000,0x00000000f9300000,0x00000000fb080000)
 ParOldGen       total 82432K, used 42398K [0x00000000c0000000, 0x00000000c5080000, 0x00000000eab00000)
  object space 82432K, 51% used [0x00000000c0000000,0x00000000c2967b28,0x00000000c5080000)
 Metaspace       used 6431K, capacity 7256K, committed 7424K, reserved 1056768K
  class space    used 614K, capacity 656K, committed 768K, reserved 1048576K
}
Event: 5.171 GC heap before
{Heap before GC invocations=10 (full 1):
 PSYoungGen      total 197120K, used 196630K [0x00000000eab00000, 0x00000000fce00000, 0x0000000100000000)
  eden space 175104K, 100% used [0x00000000eab00000,0x00000000f5600000,0x00000000f5600000)
  from space 22016K, 97% used [0x00000000fb880000,0x00000000fcd85b60,0x00000000fce00000)
  to   space 30208K, 0% used [0x00000000f9300000,0x00000000f9300000,0x00000000fb080000)
 ParOldGen       total 82432K, used 42398K [0x00000000c0000000, 0x00000000c5080000, 0x00000000eab00000)
  object space 82432K, 51% used [0x00000000c0000000,0x00000000c2967b28,0x00000000c5080000)
 Metaspace       used 6489K, capacity 7256K, committed 7424K, reserved 1056768K
  class space    used 614K, capacity 656K, committed 768K, reserved 1048576K
Event: 5.299 GC heap after
Heap after GC invocations=10 (full 1):
 PSYoungGen      total 254464K, used 30186K [0x00000000eab00000, 0x00000000fd700000, 0x0000000100000000)
  eden space 224256K, 0% used [0x00000000eab00000,0x00000000eab00000,0x00000000f8600000)
  from space 30208K, 99% used [0x00000000f9300000,0x00000000fb07a950,0x00000000fb080000)
  to   space 39424K, 0% used [0x00000000fb080000,0x00000000fb080000,0x00000000fd700000)
 ParOldGen       total 82432K, used 57333K [0x00000000c0000000, 0x00000000c5080000, 0x00000000eab00000)
  object space 82432K, 69% used [0x00000000c0000000,0x00000000c37fd778,0x00000000c5080000)
 Metaspace       used 6489K, capacity 7256K, committed 7424K, reserved 1056768K
  class space    used 614K, capacity 656K, committed 768K, reserved 1048576K
}
Event: 6.401 GC heap before
{Heap before GC invocations=11 (full 1):
 PSYoungGen      total 254464K, used 254442K [0x00000000eab00000, 0x00000000fd700000, 0x0000000100000000)
  eden space 224256K, 100% used [0x00000000eab00000,0x00000000f8600000,0x00000000f8600000)
  from space 30208K, 99% used [0x00000000f9300000,0x00000000fb07a950,0x00000000fb080000)
  to   space 39424K, 0% used [0x00000000fb080000,0x00000000fb080000,0x00000000fd700000)
 ParOldGen       total 82432K, used 57333K [0x00000000c0000000, 0x00000000c5080000, 0x00000000eab00000)
  object space 82432K, 69% used [0x00000000c0000000,0x00000000c37fd778,0x00000000c5080000)
 Metaspace       used 6502K, capacity 7256K, committed 7424K, reserved 1056768K
  class space    used 614K, capacity 656K, committed 768K, reserved 1048576K
Event: 6.621 GC heap after
Heap after GC invocations=11 (full 1):
 PSYoungGen      total 250880K, used 39420K [0x00000000eab00000, 0x0000000100000000, 0x0000000100000000)
  eden space 211456K, 0% used [0x00000000eab00000,0x00000000eab00000,0x00000000f7980000)
  from space 39424K, 99% used [0x00000000fb080000,0x00000000fd6ff150,0x00000000fd700000)
  to   space 56320K, 0% used [0x00000000f7980000,0x00000000f7980000,0x00000000fb080000)
 ParOldGen       total 82432K, used 80092K [0x00000000c0000000, 0x00000000c5080000, 0x00000000eab00000)
  object space 82432K, 97% used [0x00000000c0000000,0x00000000c4e37248,0x00000000c5080000)
 Metaspace       used 6502K, capacity 7256K, committed 7424K, reserved 1056768K
  class space    used 614K, capacity 656K, committed 768K, reserved 1048576K
}
Event: 6.621 GC heap before
{Heap before GC invocations=12 (full 2):
 PSYoungGen      total 250880K, used 39420K [0x00000000eab00000, 0x0000000100000000, 0x0000000100000000)
  eden space 211456K, 0% used [0x00000000eab00000,0x00000000eab00000,0x00000000f7980000)
  from space 39424K, 99% used [0x00000000fb080000,0x00000000fd6ff150,0x00000000fd700000)
  to   space 56320K, 0% used [0x00000000f7980000,0x00000000f7980000,0x00000000fb080000)
 ParOldGen       total 82432K, used 80092K [0x00000000c0000000, 0x00000000c5080000, 0x00000000eab00000)
  object space 82432K, 97% used [0x00000000c0000000,0x00000000c4e37248,0x00000000c5080000)
 Metaspace       used 6502K, capacity 7256K, committed 7424K, reserved 1056768K
  class space    used 614K, capacity 656K, committed 768K, reserved 1048576K

