# JRE version: Java(TM) SE Runtime Environment (8.0_72-b15) (build 1.8.0_72-b15)
# Java VM: Java HotSpot(TM) 64-Bit Server VM (25.72-b15 mixed mode linux-amd64 compressed oops)
Heap:
 PSYoungGen      total 219648K, used 60744K [0x00000000eab00000, 0x0000000100000000, 0x0000000100000000)
  eden space 134144K, 0% used [0x00000000eab00000,0x00000000eab00000,0x00000000f2e00000)
  from space 85504K, 71% used [0x00000000fac80000,0x00000000fe7d23e0,0x0000000100000000)
  to   space 107520K, 0% used [0x00000000f2e00000,0x00000000f2e00000,0x00000000f9700000)
 ParOldGen       total 159744K, used 159235K [0x00000000c0000000, 0x00000000c9c00000, 0x00000000eab00000)
  object space 159744K, 99% used [0x00000000c0000000,0x00000000c9b80fb0,0x00000000c9c00000)
 Metaspace       used 6560K, capacity 7320K, committed 7680K, reserved 1056768K
  class space    used 615K, capacity 656K, committed 768K, reserved 1048576K
GC Heap History (10 events):
Event: 5.002 GC heap after
Heap after GC invocations=12 (full 2):
 PSYoungGen      total 238080K, used 19851K [0x00000000eab00000, 0x0000000100000000, 0x0000000100000000)
  eden space 214016K, 0% used [0x00000000eab00000,0x00000000eab00000,0x00000000f7c00000)
  from space 24064K, 82% used [0x00000000faf80000,0x00000000fc2e2e90,0x00000000fc700000)
  to   space 52736K, 0% used [0x00000000f7c00000,0x00000000f7c00000,0x00000000faf80000)
 ParOldGen       total 159744K, used 89712K [0x00000000c0000000, 0x00000000c9c00000, 0x00000000eab00000)
  object space 159744K, 56% used [0x00000000c0000000,0x00000000c579c000,0x00000000c9c00000)
 Metaspace       used 6525K, capacity 7256K, committed 7424K, reserved 1056768K
  class space    used 615K, capacity 656K, committed 768K, reserved 1048576K
}
Event: 5.724 GC heap before
{Heap before GC invocations=13 (full 2):
 PSYoungGen      total 238080K, used 233867K [0x00000000eab00000, 0x0000000100000000, 0x0000000100000000)
  eden space 214016K, 100% used [0x00000000eab00000,0x00000000f7c00000,0x00000000f7c00000)
  from space 24064K, 82% used [0x00000000faf80000,0x00000000fc2e2e90,0x00000000fc700000)
  to   space 52736K, 0% used [0x00000000f7c00000,0x00000000f7c00000,0x00000000faf80000)
 ParOldGen       total 159744K, used 89712K [0x00000000c0000000, 0x00000000c9c00000, 0x00000000eab00000)
  object space 159744K, 56% used [0x00000000c0000000,0x00000000c579c000,0x00000000c9c00000)
 Metaspace       used 6533K, capacity 7256K, committed 7424K, reserved 1056768K
  class space    used 615K, capacity 656K, committed 768K, reserved 1048576K
Event: 5.817 GC heap after
Heap after GC invocations=13 (full 2):
 PSYoungGen      total 266752K, used 50564K [0x00000000eab00000, 0x0000000100000000, 0x0000000100000000)
  eden space 214016K, 0% used [0x00000000eab00000,0x00000000eab00000,0x00000000f7c00000)
  from space 52736K, 95% used [0x00000000f7c00000,0x00000000fad610b0,0x00000000faf80000)
  to   space 60928K, 0% used [0x00000000fc480000,0x00000000fc480000,0x0000000100000000)
 ParOldGen       total 159744K, used 90276K [0x00000000c0000000, 0x00000000c9c00000, 0x00000000eab00000)
  object space 159744K, 56% used [0x00000000c0000000,0x00000000c58291a8,0x00000000c9c00000)
 Metaspace       used 6533K, capacity 7256K, committed 7424K, reserved 1056768K
  class space    used 615K, capacity 656K, committed 768K, reserved 1048576K
}
Event: 6.459 GC heap before
{Heap before GC invocations=14 (full 2):
 PSYoungGen      total 266752K, used 264580K [0x00000000eab00000, 0x0000000100000000, 0x0000000100000000)
  eden space 214016K, 100% used [0x00000000eab00000,0x00000000f7c00000,0x00000000f7c00000)
  from space 52736K, 95% used [0x00000000f7c00000,0x00000000fad610b0,0x00000000faf80000)
  to   space 60928K, 0% used [0x00000000fc480000,0x00000000fc480000,0x0000000100000000)
 ParOldGen       total 159744K, used 90276K [0x00000000c0000000, 0x00000000c9c00000, 0x00000000eab00000)
  object space 159744K, 56% used [0x00000000c0000000,0x00000000c58291a8,0x00000000c9c00000)
 Metaspace       used 6541K, capacity 7256K, committed 7424K, reserved 1056768K
  class space    used 615K, capacity 656K, committed 768K, reserved 1048576K
Event: 6.592 GC heap after
Heap after GC invocations=14 (full 2):
 PSYoungGen      total 253440K, used 60925K [0x00000000eab00000, 0x0000000100000000, 0x0000000100000000)
  eden space 192512K, 0% used [0x00000000eab00000,0x00000000eab00000,0x00000000f6700000)
  from space 60928K, 99% used [0x00000000fc480000,0x00000000fffff408,0x0000000100000000)
  to   space 78336K, 0% used [0x00000000f6700000,0x00000000f6700000,0x00000000fb380000)
 ParOldGen       total 159744K, used 108830K [0x00000000c0000000, 0x00000000c9c00000, 0x00000000eab00000)
  object space 159744K, 68% used [0x00000000c0000000,0x00000000c6a47980,0x00000000c9c00000)
 Metaspace       used 6541K, capacity 7256K, committed 7424K, reserved 1056768K
  class space    used 615K, capacity 656K, committed 768K, reserved 1048576K
}
Event: 7.132 GC heap before
{Heap before GC invocations=15 (full 2):
 PSYoungGen      total 253440K, used 253437K [0x00000000eab00000, 0x0000000100000000, 0x0000000100000000)
  eden space 192512K, 100% used [0x00000000eab00000,0x00000000f6700000,0x00000000f6700000)
  from space 60928K, 99% used [0x00000000fc480000,0x00000000fffff408,0x0000000100000000)
  to   space 78336K, 0% used [0x00000000f6700000,0x00000000f6700000,0x00000000fb380000)
 ParOldGen       total 159744K, used 108830K [0x00000000c0000000, 0x00000000c9c00000, 0x00000000eab00000)
  object space 159744K, 68% used [0x00000000c0000000,0x00000000c6a47980,0x00000000c9c00000)
 Metaspace       used 6543K, capacity 7256K, committed 7424K, reserved 1056768K
  class space    used 615K, capacity 656K, committed 768K, reserved 1048576K
Event: 7.232 GC heap after
Heap after GC invocations=15 (full 2):
 PSYoungGen      total 263680K, used 70900K [0x00000000eab00000, 0x0000000100000000, 0x0000000100000000)
  eden space 192512K, 0% used [0x00000000eab00000,0x00000000eab00000,0x00000000f6700000)
  from space 71168K, 99% used [0x00000000f6700000,0x00000000fac3d3f0,0x00000000fac80000)
  to   space 85504K, 0% used [0x00000000fac80000,0x00000000fac80000,0x0000000100000000)
 ParOldGen       total 159744K, used 127209K [0x00000000c0000000, 0x00000000c9c00000, 0x00000000eab00000)
  object space 159744K, 79% used [0x00000000c0000000,0x00000000c7c3a7e8,0x00000000c9c00000)
 Metaspace       used 6543K, capacity 7256K, committed 7424K, reserved 1056768K
  class space    used 615K, capacity 656K, committed 768K, reserved 1048576K
}
Event: 7.850 GC heap before
{Heap before GC invocations=16 (full 2):
 PSYoungGen      total 263680K, used 263412K [0x00000000eab00000, 0x0000000100000000, 0x0000000100000000)
  eden space 192512K, 100% used [0x00000000eab00000,0x00000000f6700000,0x00000000f6700000)
  from space 71168K, 99% used [0x00000000f6700000,0x00000000fac3d3f0,0x00000000fac80000)
  to   space 85504K, 0% used [0x00000000fac80000,0x00000000fac80000,0x0000000100000000)
 ParOldGen       total 159744K, used 127209K [0x00000000c0000000, 0x00000000c9c00000, 0x00000000eab00000)
  object space 159744K, 79% used [0x00000000c0000000,0x00000000c7c3a7e8,0x00000000c9c00000)
 Metaspace       used 6560K, capacity 7320K, committed 7680K, reserved 1056768K
  class space    used 615K, capacity 656K, committed 768K, reserved 1048576K
Event: 7.969 GC heap after
Heap after GC invocations=16 (full 2):
 PSYoungGen      total 219648K, used 85499K [0x00000000eab00000, 0x0000000100000000, 0x0000000100000000)
  eden space 134144K, 0% used [0x00000000eab00000,0x00000000eab00000,0x00000000f2e00000)
  from space 85504K, 99% used [0x00000000fac80000,0x00000000ffffee28,0x0000000100000000)
  to   space 107520K, 0% used [0x00000000f2e00000,0x00000000f2e00000,0x00000000f9700000)
 ParOldGen       total 159744K, used 138144K [0x00000000c0000000, 0x00000000c9c00000, 0x00000000eab00000)
  object space 159744K, 86% used [0x00000000c0000000,0x00000000c86e80d8,0x00000000c9c00000)
 Metaspace       used 6560K, capacity 7320K, committed 7680K, reserved 1056768K
  class space    used 615K, capacity 656K, committed 768K, reserved 1048576K
}
Event: 7.970 GC heap before
{Heap before GC invocations=17 (full 3):
 PSYoungGen      total 219648K, used 85499K [0x00000000eab00000, 0x0000000100000000, 0x0000000100000000)
  eden space 134144K, 0% used [0x00000000eab00000,0x00000000eab00000,0x00000000f2e00000)
  from space 85504K, 99% used [0x00000000fac80000,0x00000000ffffee28,0x0000000100000000)
  to   space 107520K, 0% used [0x00000000f2e00000,0x00000000f2e00000,0x00000000f9700000)
 ParOldGen       total 159744K, used 138144K [0x00000000c0000000, 0x00000000c9c00000, 0x00000000eab00000)
  object space 159744K, 86% used [0x00000000c0000000,0x00000000c86e80d8,0x00000000c9c00000)
 Metaspace       used 6560K, capacity 7320K, committed 7680K, reserved 1056768K
  class space    used 615K, capacity 656K, committed 768K, reserved 1048576K

