# JRE version: Java(TM) SE Runtime Environment (8.0_72-b15) (build 1.8.0_72-b15)
# Java VM: Java HotSpot(TM) 64-Bit Server VM (25.72-b15 mixed mode linux-amd64 compressed oops)
Heap:
 PSYoungGen      total 257024K, used 0K [0x00000000eab00000, 0x0000000100000000, 0x0000000100000000)
  eden space 164864K, 0% used [0x00000000eab00000,0x00000000eab00000,0x00000000f4c00000)
  from space 92160K, 0% used [0x00000000f4c00000,0x00000000f4c00000,0x00000000fa600000)
  to   space 88064K, 0% used [0x00000000faa00000,0x00000000faa00000,0x0000000100000000)
 ParOldGen       total 271360K, used 250519K [0x00000000c0000000, 0x00000000d0900000, 0x00000000eab00000)
  object space 271360K, 92% used [0x00000000c0000000,0x00000000cf4a5f20,0x00000000d0900000)
 Metaspace       used 6530K, capacity 7256K, committed 7424K, reserved 1056768K
  class space    used 614K, capacity 656K, committed 768K, reserved 1048576K
GC Heap History (10 events):
Event: 34.921 GC heap after
Heap after GC invocations=14 (full 2):
 PSYoungGen      total 268800K, used 56816K [0x00000000eab00000, 0x0000000100000000, 0x0000000100000000)
  eden space 211968K, 0% used [0x00000000eab00000,0x00000000eab00000,0x00000000f7a00000)
  from space 56832K, 99% used [0x00000000fc880000,0x00000000ffffc3b0,0x0000000100000000)
  to   space 68608K, 0% used [0x00000000f7a00000,0x00000000f7a00000,0x00000000fbd00000)
 ParOldGen       total 178176K, used 113280K [0x00000000c0000000, 0x00000000cae00000, 0x00000000eab00000)
  object space 178176K, 63% used [0x00000000c0000000,0x00000000c6ea03b0,0x00000000cae00000)
 Metaspace       used 6505K, capacity 7256K, committed 7424K, reserved 1056768K
  class space    used 614K, capacity 656K, committed 768K, reserved 1048576K
}
Event: 35.678 GC heap before
{Heap before GC invocations=15 (full 2):
 PSYoungGen      total 268800K, used 268784K [0x00000000eab00000, 0x0000000100000000, 0x0000000100000000)
  eden space 211968K, 100% used [0x00000000eab00000,0x00000000f7a00000,0x00000000f7a00000)
  from space 56832K, 99% used [0x00000000fc880000,0x00000000ffffc3b0,0x0000000100000000)
  to   space 68608K, 0% used [0x00000000f7a00000,0x00000000f7a00000,0x00000000fbd00000)
 ParOldGen       total 178176K, used 113280K [0x00000000c0000000, 0x00000000cae00000, 0x00000000eab00000)
  object space 178176K, 63% used [0x00000000c0000000,0x00000000c6ea03b0,0x00000000cae00000)
 Metaspace       used 6508K, capacity 7256K, committed 7424K, reserved 1056768K
  class space    used 614K, capacity 656K, committed 768K, reserved 1048576K
Event: 35.868 GC heap after
Heap after GC invocations=15 (full 2):
 PSYoungGen      total 280576K, used 68578K [0x00000000eab00000, 0x0000000100000000, 0x0000000100000000)
  eden space 211968K, 0% used [0x00000000eab00000,0x00000000eab00000,0x00000000f7a00000)
  from space 68608K, 99% used [0x00000000f7a00000,0x00000000fbcf8900,0x00000000fbd00000)
  to   space 68608K, 0% used [0x00000000fbd00000,0x00000000fbd00000,0x0000000100000000)
 ParOldGen       total 178176K, used 132467K [0x00000000c0000000, 0x00000000cae00000, 0x00000000eab00000)
  object space 178176K, 74% used [0x00000000c0000000,0x00000000c815cc10,0x00000000cae00000)
 Metaspace       used 6508K, capacity 7256K, committed 7424K, reserved 1056768K
  class space    used 614K, capacity 656K, committed 768K, reserved 1048576K
}
Event: 36.587 GC heap before
{Heap before GC invocations=16 (full 2):
 PSYoungGen      total 280576K, used 280546K [0x00000000eab00000, 0x0000000100000000, 0x0000000100000000)
  eden space 211968K, 100% used [0x00000000eab00000,0x00000000f7a00000,0x00000000f7a00000)
  from space 68608K, 99% used [0x00000000f7a00000,0x00000000fbcf8900,0x00000000fbd00000)
  to   space 68608K, 0% used [0x00000000fbd00000,0x00000000fbd00000,0x0000000100000000)
 ParOldGen       total 178176K, used 132467K [0x00000000c0000000, 0x00000000cae00000, 0x00000000eab00000)
  object space 178176K, 74% used [0x00000000c0000000,0x00000000c815cc10,0x00000000cae00000)
 Metaspace       used 6528K, capacity 7256K, committed 7424K, reserved 1056768K
  class space    used 614K, capacity 656K, committed 768K, reserved 1048576K
Event: 36.838 GC heap after
Heap after GC invocations=16 (full 2):
 PSYoungGen      total 233472K, used 59026K [0x00000000eab00000, 0x0000000100000000, 0x0000000100000000)
  eden space 164864K, 0% used [0x00000000eab00000,0x00000000eab00000,0x00000000f4c00000)
  from space 68608K, 86% used [0x00000000fbd00000,0x00000000ff6a4b18,0x0000000100000000)
  to   space 92160K, 0% used [0x00000000f4c00000,0x00000000f4c00000,0x00000000fa600000)
 ParOldGen       total 178176K, used 175165K [0x00000000c0000000, 0x00000000cae00000, 0x00000000eab00000)
  object space 178176K, 98% used [0x00000000c0000000,0x00000000cab0f490,0x00000000cae00000)
 Metaspace       used 6528K, capacity 7256K, committed 7424K, reserved 1056768K
  class space    used 614K, capacity 656K, committed 768K, reserved 1048576K
}
Event: 36.875 GC heap before
{Heap before GC invocations=17 (full 3):
 PSYoungGen      total 233472K, used 59026K [0x00000000eab00000, 0x0000000100000000, 0x0000000100000000)
  eden space 164864K, 0% used [0x00000000eab00000,0x00000000eab00000,0x00000000f4c00000)
  from space 68608K, 86% used [0x00000000fbd00000,0x00000000ff6a4b18,0x0000000100000000)
  to   space 92160K, 0% used [0x00000000f4c00000,0x00000000f4c00000,0x00000000fa600000)
 ParOldGen       total 178176K, used 175165K [0x00000000c0000000, 0x00000000cae00000, 0x00000000eab00000)
  object space 178176K, 98% used [0x00000000c0000000,0x00000000cab0f490,0x00000000cae00000)
 Metaspace       used 6528K, capacity 7256K, committed 7424K, reserved 1056768K
  class space    used 614K, capacity 656K, committed 768K, reserved 1048576K
Event: 37.928 GC heap after
Heap after GC invocations=17 (full 3):
 PSYoungGen      total 233472K, used 51590K [0x00000000eab00000, 0x0000000100000000, 0x0000000100000000)
  eden space 164864K, 0% used [0x00000000eab00000,0x00000000eab00000,0x00000000f4c00000)
  from space 68608K, 75% used [0x00000000fbd00000,0x00000000fef61af8,0x0000000100000000)
  to   space 92160K, 0% used [0x00000000f4c00000,0x00000000f4c00000,0x00000000fa600000)
 ParOldGen       total 271360K, used 178008K [0x00000000c0000000, 0x00000000d0900000, 0x00000000eab00000)
  object space 271360K, 65% used [0x00000000c0000000,0x00000000cadd6068,0x00000000d0900000)
 Metaspace       used 6528K, capacity 7256K, committed 7424K, reserved 1056768K
  class space    used 614K, capacity 656K, committed 768K, reserved 1048576K
}
Event: 38.410 GC heap before
{Heap before GC invocations=18 (full 3):
 PSYoungGen      total 233472K, used 216454K [0x00000000eab00000, 0x0000000100000000, 0x0000000100000000)
  eden space 164864K, 100% used [0x00000000eab00000,0x00000000f4c00000,0x00000000f4c00000)
  from space 68608K, 75% used [0x00000000fbd00000,0x00000000fef61af8,0x0000000100000000)
  to   space 92160K, 0% used [0x00000000f4c00000,0x00000000f4c00000,0x00000000fa600000)
 ParOldGen       total 271360K, used 178008K [0x00000000c0000000, 0x00000000d0900000, 0x00000000eab00000)
  object space 271360K, 65% used [0x00000000c0000000,0x00000000cadd6068,0x00000000d0900000)
 Metaspace       used 6530K, capacity 7256K, committed 7424K, reserved 1056768K
  class space    used 614K, capacity 656K, committed 768K, reserved 1048576K
Event: 38.537 GC heap after
Heap after GC invocations=18 (full 3):
 PSYoungGen      total 257024K, used 23088K [0x00000000eab00000, 0x0000000100000000, 0x0000000100000000)
  eden space 164864K, 0% used [0x00000000eab00000,0x00000000eab00000,0x00000000f4c00000)
  from space 92160K, 25% used [0x00000000f4c00000,0x00000000f628c060,0x00000000fa600000)
  to   space 88064K, 0% used [0x00000000faa00000,0x00000000faa00000,0x0000000100000000)
 ParOldGen       total 271360K, used 228302K [0x00000000c0000000, 0x00000000d0900000, 0x00000000eab00000)
  object space 271360K, 84% used [0x00000000c0000000,0x00000000cdef3900,0x00000000d0900000)
 Metaspace       used 6530K, capacity 7256K, committed 7424K, reserved 1056768K
  class space    used 614K, capacity 656K, committed 768K, reserved 1048576K
}
Event: 38.537 GC heap before
{Heap before GC invocations=19 (full 4):
 PSYoungGen      total 257024K, used 23088K [0x00000000eab00000, 0x0000000100000000, 0x0000000100000000)
  eden space 164864K, 0% used [0x00000000eab00000,0x00000000eab00000,0x00000000f4c00000)
  from space 92160K, 25% used [0x00000000f4c00000,0x00000000f628c060,0x00000000fa600000)
  to   space 88064K, 0% used [0x00000000faa00000,0x00000000faa00000,0x0000000100000000)
 ParOldGen       total 271360K, used 228302K [0x00000000c0000000, 0x00000000d0900000, 0x00000000eab00000)
  object space 271360K, 84% used [0x00000000c0000000,0x00000000cdef3900,0x00000000d0900000)
 Metaspace       used 6530K, capacity 7256K, committed 7424K, reserved 1056768K
  class space    used 614K, capacity 656K, committed 768K, reserved 1048576K

