# JRE version: Java(TM) SE Runtime Environment (8.0_72-b15) (build 1.8.0_72-b15)
# Java VM: Java HotSpot(TM) 64-Bit Server VM (25.72-b15 mixed mode linux-amd64 compressed oops)
Heap:
 PSYoungGen      total 273920K, used 54623K [0x00000000eab00000, 0x0000000100000000, 0x0000000100000000)
  eden space 198656K, 0% used [0x00000000eab00000,0x00000000eab00000,0x00000000f6d00000)
  from space 75264K, 72% used [0x00000000f6d00000,0x00000000fa257ca8,0x00000000fb680000)
  to   space 75264K, 0% used [0x00000000fb680000,0x00000000fb680000,0x0000000100000000)
 ParOldGen       total 145920K, used 145673K [0x00000000c0000000, 0x00000000c8e80000, 0x00000000eab00000)
  object space 145920K, 99% used [0x00000000c0000000,0x00000000c8e42610,0x00000000c8e80000)
 Metaspace       used 6591K, capacity 7320K, committed 7680K, reserved 1056768K
  class space    used 619K, capacity 656K, committed 768K, reserved 1048576K
GC Heap History (10 events):
Event: 4.221 GC heap after
Heap after GC invocations=11 (full 1):
 PSYoungGen      total 249856K, used 37345K [0x00000000eab00000, 0x0000000100000000, 0x0000000100000000)
  eden space 212480K, 0% used [0x00000000eab00000,0x00000000eab00000,0x00000000f7a80000)
  from space 37376K, 99% used [0x00000000faf80000,0x00000000fd3f84e0,0x00000000fd400000)
  to   space 54272K, 0% used [0x00000000f7a80000,0x00000000f7a80000,0x00000000faf80000)
 ParOldGen       total 81920K, used 79612K [0x00000000c0000000, 0x00000000c5000000, 0x00000000eab00000)
  object space 81920K, 97% used [0x00000000c0000000,0x00000000c4dbf0c8,0x00000000c5000000)
 Metaspace       used 6563K, capacity 7320K, committed 7680K, reserved 1056768K
  class space    used 619K, capacity 656K, committed 768K, reserved 1048576K
}
Event: 4.222 GC heap before
{Heap before GC invocations=12 (full 2):
 PSYoungGen      total 249856K, used 37345K [0x00000000eab00000, 0x0000000100000000, 0x0000000100000000)
  eden space 212480K, 0% used [0x00000000eab00000,0x00000000eab00000,0x00000000f7a80000)
  from space 37376K, 99% used [0x00000000faf80000,0x00000000fd3f84e0,0x00000000fd400000)
  to   space 54272K, 0% used [0x00000000f7a80000,0x00000000f7a80000,0x00000000faf80000)
 ParOldGen       total 81920K, used 79612K [0x00000000c0000000, 0x00000000c5000000, 0x00000000eab00000)
  object space 81920K, 97% used [0x00000000c0000000,0x00000000c4dbf0c8,0x00000000c5000000)
 Metaspace       used 6563K, capacity 7320K, committed 7680K, reserved 1056768K
  class space    used 619K, capacity 656K, committed 768K, reserved 1048576K
Event: 4.838 GC heap after
Heap after GC invocations=12 (full 2):
 PSYoungGen      total 249856K, used 30893K [0x00000000eab00000, 0x0000000100000000, 0x0000000100000000)
  eden space 212480K, 0% used [0x00000000eab00000,0x00000000eab00000,0x00000000f7a80000)
  from space 37376K, 82% used [0x00000000faf80000,0x00000000fcdab460,0x00000000fd400000)
  to   space 54272K, 0% used [0x00000000f7a80000,0x00000000f7a80000,0x00000000faf80000)
 ParOldGen       total 145920K, used 81708K [0x00000000c0000000, 0x00000000c8e80000, 0x00000000eab00000)
  object space 145920K, 55% used [0x00000000c0000000,0x00000000c4fcb048,0x00000000c8e80000)
 Metaspace       used 6563K, capacity 7320K, committed 7680K, reserved 1056768K
  class space    used 619K, capacity 656K, committed 768K, reserved 1048576K
}
Event: 5.689 GC heap before
{Heap before GC invocations=13 (full 2):
 PSYoungGen      total 249856K, used 243373K [0x00000000eab00000, 0x0000000100000000, 0x0000000100000000)
  eden space 212480K, 100% used [0x00000000eab00000,0x00000000f7a80000,0x00000000f7a80000)
  from space 37376K, 82% used [0x00000000faf80000,0x00000000fcdab460,0x00000000fd400000)
  to   space 54272K, 0% used [0x00000000f7a80000,0x00000000f7a80000,0x00000000faf80000)
 ParOldGen       total 145920K, used 81708K [0x00000000c0000000, 0x00000000c8e80000, 0x00000000eab00000)
  object space 145920K, 55% used [0x00000000c0000000,0x00000000c4fcb048,0x00000000c8e80000)
 Metaspace       used 6567K, capacity 7320K, committed 7680K, reserved 1056768K
  class space    used 619K, capacity 656K, committed 768K, reserved 1048576K
Event: 5.803 GC heap after
Heap after GC invocations=13 (full 2):
 PSYoungGen      total 266752K, used 54245K [0x00000000eab00000, 0x0000000100000000, 0x0000000100000000)
  eden space 212480K, 0% used [0x00000000eab00000,0x00000000eab00000,0x00000000f7a80000)
  from space 54272K, 99% used [0x00000000f7a80000,0x00000000faf794c0,0x00000000faf80000)
  to   space 66560K, 0% used [0x00000000fbf00000,0x00000000fbf00000,0x0000000100000000)
 ParOldGen       total 145920K, used 90081K [0x00000000c0000000, 0x00000000c8e80000, 0x00000000eab00000)
  object space 145920K, 61% used [0x00000000c0000000,0x00000000c57f8410,0x00000000c8e80000)
 Metaspace       used 6567K, capacity 7320K, committed 7680K, reserved 1056768K
  class space    used 619K, capacity 656K, committed 768K, reserved 1048576K
}
Event: 6.392 GC heap before
{Heap before GC invocations=14 (full 2):
 PSYoungGen      total 266752K, used 266725K [0x00000000eab00000, 0x0000000100000000, 0x0000000100000000)
  eden space 212480K, 100% used [0x00000000eab00000,0x00000000f7a80000,0x00000000f7a80000)
  from space 54272K, 99% used [0x00000000f7a80000,0x00000000faf794c0,0x00000000faf80000)
  to   space 66560K, 0% used [0x00000000fbf00000,0x00000000fbf00000,0x0000000100000000)
 ParOldGen       total 145920K, used 90081K [0x00000000c0000000, 0x00000000c8e80000, 0x00000000eab00000)
  object space 145920K, 61% used [0x00000000c0000000,0x00000000c57f8410,0x00000000c8e80000)
 Metaspace       used 6578K, capacity 7320K, committed 7680K, reserved 1056768K
  class space    used 619K, capacity 656K, committed 768K, reserved 1048576K
Event: 6.518 GC heap after
Heap after GC invocations=14 (full 2):
 PSYoungGen      total 265216K, used 58542K [0x00000000eab00000, 0x0000000100000000, 0x0000000100000000)
  eden space 198656K, 0% used [0x00000000eab00000,0x00000000eab00000,0x00000000f6d00000)
  from space 66560K, 87% used [0x00000000fbf00000,0x00000000ff82b800,0x0000000100000000)
  to   space 75264K, 0% used [0x00000000f6d00000,0x00000000f6d00000,0x00000000fb680000)
 ParOldGen       total 145920K, used 117174K [0x00000000c0000000, 0x00000000c8e80000, 0x00000000eab00000)
  object space 145920K, 80% used [0x00000000c0000000,0x00000000c726dbf8,0x00000000c8e80000)
 Metaspace       used 6578K, capacity 7320K, committed 7680K, reserved 1056768K
  class space    used 619K, capacity 656K, committed 768K, reserved 1048576K
}
Event: 6.988 GC heap before
{Heap before GC invocations=15 (full 2):
 PSYoungGen      total 265216K, used 257198K [0x00000000eab00000, 0x0000000100000000, 0x0000000100000000)
  eden space 198656K, 100% used [0x00000000eab00000,0x00000000f6d00000,0x00000000f6d00000)
  from space 66560K, 87% used [0x00000000fbf00000,0x00000000ff82b800,0x0000000100000000)
  to   space 75264K, 0% used [0x00000000f6d00000,0x00000000f6d00000,0x00000000fb680000)
 ParOldGen       total 145920K, used 117174K [0x00000000c0000000, 0x00000000c8e80000, 0x00000000eab00000)
  object space 145920K, 80% used [0x00000000c0000000,0x00000000c726dbf8,0x00000000c8e80000)
 Metaspace       used 6591K, capacity 7320K, committed 7680K, reserved 1056768K
  class space    used 619K, capacity 656K, committed 768K, reserved 1048576K
Event: 7.084 GC heap after
Heap after GC invocations=15 (full 2):
 PSYoungGen      total 273920K, used 75238K [0x00000000eab00000, 0x0000000100000000, 0x0000000100000000)
  eden space 198656K, 0% used [0x00000000eab00000,0x00000000eab00000,0x00000000f6d00000)
  from space 75264K, 99% used [0x00000000f6d00000,0x00000000fb6799a8,0x00000000fb680000)
  to   space 75264K, 0% used [0x00000000fb680000,0x00000000fb680000,0x0000000100000000)
 ParOldGen       total 145920K, used 129510K [0x00000000c0000000, 0x00000000c8e80000, 0x00000000eab00000)
  object space 145920K, 88% used [0x00000000c0000000,0x00000000c7e79a78,0x00000000c8e80000)
 Metaspace       used 6591K, capacity 7320K, committed 7680K, reserved 1056768K
  class space    used 619K, capacity 656K, committed 768K, reserved 1048576K
}
Event: 7.084 GC heap before
{Heap before GC invocations=16 (full 3):
 PSYoungGen      total 273920K, used 75238K [0x00000000eab00000, 0x0000000100000000, 0x0000000100000000)
  eden space 198656K, 0% used [0x00000000eab00000,0x00000000eab00000,0x00000000f6d00000)
  from space 75264K, 99% used [0x00000000f6d00000,0x00000000fb6799a8,0x00000000fb680000)
  to   space 75264K, 0% used [0x00000000fb680000,0x00000000fb680000,0x0000000100000000)
 ParOldGen       total 145920K, used 129510K [0x00000000c0000000, 0x00000000c8e80000, 0x00000000eab00000)
  object space 145920K, 88% used [0x00000000c0000000,0x00000000c7e79a78,0x00000000c8e80000)
 Metaspace       used 6591K, capacity 7320K, committed 7680K, reserved 1056768K
  class space    used 619K, capacity 656K, committed 768K, reserved 1048576K

