# JRE version: Java(TM) SE Runtime Environment (8.0_72-b15) (build 1.8.0_72-b15)
# Java VM: Java HotSpot(TM) 64-Bit Server VM (25.72-b15 mixed mode linux-amd64 compressed oops)
Heap:
 PSYoungGen      total 272896K, used 11535K [0x00000000eab00000, 0x0000000100000000, 0x0000000100000000)
  eden space 237568K, 0% used [0x00000000eab00000,0x00000000eab00000,0x00000000f9300000)
  from space 35328K, 32% used [0x00000000f9300000,0x00000000f9e43cf0,0x00000000fb580000)
  to   space 57856K, 0% used [0x00000000fc780000,0x00000000fc780000,0x0000000100000000)
 ParOldGen       total 139264K, used 138863K [0x00000000c0000000, 0x00000000c8800000, 0x00000000eab00000)
  object space 139264K, 99% used [0x00000000c0000000,0x00000000c879bca0,0x00000000c8800000)
 Metaspace       used 6542K, capacity 7320K, committed 7680K, reserved 1056768K
  class space    used 616K, capacity 656K, committed 768K, reserved 1048576K
GC Heap History (10 events):
Event: 3.797 GC heap after
Heap after GC invocations=9 (full 1):
 PSYoungGen      total 223232K, used 19337K [0x00000000eab00000, 0x00000000fcb00000, 0x0000000100000000)
  eden space 203776K, 0% used [0x00000000eab00000,0x00000000eab00000,0x00000000f7200000)
  from space 19456K, 99% used [0x00000000fb800000,0x00000000fcae2658,0x00000000fcb00000)
  to   space 28160K, 0% used [0x00000000f9400000,0x00000000f9400000,0x00000000faf80000)
 ParOldGen       total 77312K, used 42065K [0x00000000c0000000, 0x00000000c4b80000, 0x00000000eab00000)
  object space 77312K, 54% used [0x00000000c0000000,0x00000000c29147e8,0x00000000c4b80000)
 Metaspace       used 6388K, capacity 7256K, committed 7424K, reserved 1056768K
  class space    used 615K, capacity 656K, committed 768K, reserved 1048576K
}
Event: 4.521 GC heap before
{Heap before GC invocations=10 (full 1):
 PSYoungGen      total 223232K, used 223113K [0x00000000eab00000, 0x00000000fcb00000, 0x0000000100000000)
  eden space 203776K, 100% used [0x00000000eab00000,0x00000000f7200000,0x00000000f7200000)
  from space 19456K, 99% used [0x00000000fb800000,0x00000000fcae2658,0x00000000fcb00000)
  to   space 28160K, 0% used [0x00000000f9400000,0x00000000f9400000,0x00000000faf80000)
 ParOldGen       total 77312K, used 42065K [0x00000000c0000000, 0x00000000c4b80000, 0x00000000eab00000)
  object space 77312K, 54% used [0x00000000c0000000,0x00000000c29147e8,0x00000000c4b80000)
 Metaspace       used 6516K, capacity 7256K, committed 7424K, reserved 1056768K
  class space    used 616K, capacity 656K, committed 768K, reserved 1048576K
Event: 4.626 GC heap after
Heap after GC invocations=10 (full 1):
 PSYoungGen      total 266752K, used 28158K [0x00000000eab00000, 0x0000000100000000, 0x0000000100000000)
  eden space 238592K, 0% used [0x00000000eab00000,0x00000000eab00000,0x00000000f9400000)
  from space 28160K, 99% used [0x00000000f9400000,0x00000000faf7fa38,0x00000000faf80000)
  to   space 39936K, 0% used [0x00000000fd900000,0x00000000fd900000,0x0000000100000000)
 ParOldGen       total 77312K, used 59170K [0x00000000c0000000, 0x00000000c4b80000, 0x00000000eab00000)
  object space 77312K, 76% used [0x00000000c0000000,0x00000000c39c89c0,0x00000000c4b80000)
 Metaspace       used 6516K, capacity 7256K, committed 7424K, reserved 1056768K
  class space    used 616K, capacity 656K, committed 768K, reserved 1048576K
}
Event: 5.724 GC heap before
{Heap before GC invocations=11 (full 1):
 PSYoungGen      total 266752K, used 266750K [0x00000000eab00000, 0x0000000100000000, 0x0000000100000000)
  eden space 238592K, 100% used [0x00000000eab00000,0x00000000f9400000,0x00000000f9400000)
  from space 28160K, 99% used [0x00000000f9400000,0x00000000faf7fa38,0x00000000faf80000)
  to   space 39936K, 0% used [0x00000000fd900000,0x00000000fd900000,0x0000000100000000)
 ParOldGen       total 77312K, used 59170K [0x00000000c0000000, 0x00000000c4b80000, 0x00000000eab00000)
  object space 77312K, 76% used [0x00000000c0000000,0x00000000c39c89c0,0x00000000c4b80000)
 Metaspace       used 6534K, capacity 7320K, committed 7680K, reserved 1056768K
  class space    used 616K, capacity 656K, committed 768K, reserved 1048576K
Event: 5.983 GC heap after
Heap after GC invocations=11 (full 1):
 PSYoungGen      total 277504K, used 39921K [0x00000000eab00000, 0x0000000100000000, 0x0000000100000000)
  eden space 237568K, 0% used [0x00000000eab00000,0x00000000eab00000,0x00000000f9300000)
  from space 39936K, 99% used [0x00000000fd900000,0x00000000ffffc700,0x0000000100000000)
  to   space 55808K, 0% used [0x00000000f9300000,0x00000000f9300000,0x00000000fc980000)
 ParOldGen       total 83456K, used 82654K [0x00000000c0000000, 0x00000000c5180000, 0x00000000eab00000)
  object space 83456K, 99% used [0x00000000c0000000,0x00000000c50b78d8,0x00000000c5180000)
 Metaspace       used 6534K, capacity 7320K, committed 7680K, reserved 1056768K
  class space    used 616K, capacity 656K, committed 768K, reserved 1048576K
}
Event: 5.983 GC heap before
{Heap before GC invocations=12 (full 2):
 PSYoungGen      total 277504K, used 39921K [0x00000000eab00000, 0x0000000100000000, 0x0000000100000000)
  eden space 237568K, 0% used [0x00000000eab00000,0x00000000eab00000,0x00000000f9300000)
  from space 39936K, 99% used [0x00000000fd900000,0x00000000ffffc700,0x0000000100000000)
  to   space 55808K, 0% used [0x00000000f9300000,0x00000000f9300000,0x00000000fc980000)
 ParOldGen       total 83456K, used 82654K [0x00000000c0000000, 0x00000000c5180000, 0x00000000eab00000)
  object space 83456K, 99% used [0x00000000c0000000,0x00000000c50b78d8,0x00000000c5180000)
 Metaspace       used 6534K, capacity 7320K, committed 7680K, reserved 1056768K
  class space    used 616K, capacity 656K, committed 768K, reserved 1048576K
Event: 6.729 GC heap after
Heap after GC invocations=12 (full 2):
 PSYoungGen      total 277504K, used 34200K [0x00000000eab00000, 0x0000000100000000, 0x0000000100000000)
  eden space 237568K, 0% used [0x00000000eab00000,0x00000000eab00000,0x00000000f9300000)
  from space 39936K, 85% used [0x00000000fd900000,0x00000000ffa66068,0x0000000100000000)
  to   space 55808K, 0% used [0x00000000f9300000,0x00000000f9300000,0x00000000fc980000)
 ParOldGen       total 139264K, used 83066K [0x00000000c0000000, 0x00000000c8800000, 0x00000000eab00000)
  object space 139264K, 59% used [0x00000000c0000000,0x00000000c511eac8,0x00000000c8800000)
 Metaspace       used 6534K, capacity 7320K, committed 7680K, reserved 1056768K
  class space    used 616K, capacity 656K, committed 768K, reserved 1048576K
}
Event: 7.576 GC heap before
{Heap before GC invocations=13 (full 2):
 PSYoungGen      total 277504K, used 271768K [0x00000000eab00000, 0x0000000100000000, 0x0000000100000000)
  eden space 237568K, 100% used [0x00000000eab00000,0x00000000f9300000,0x00000000f9300000)
  from space 39936K, 85% used [0x00000000fd900000,0x00000000ffa66068,0x0000000100000000)
  to   space 55808K, 0% used [0x00000000f9300000,0x00000000f9300000,0x00000000fc980000)
 ParOldGen       total 139264K, used 83066K [0x00000000c0000000, 0x00000000c8800000, 0x00000000eab00000)
  object space 139264K, 59% used [0x00000000c0000000,0x00000000c511eac8,0x00000000c8800000)
 Metaspace       used 6542K, capacity 7320K, committed 7680K, reserved 1056768K
  class space    used 616K, capacity 656K, committed 768K, reserved 1048576K
Event: 7.801 GC heap after
Heap after GC invocations=13 (full 2):
 PSYoungGen      total 272896K, used 35281K [0x00000000eab00000, 0x0000000100000000, 0x0000000100000000)
  eden space 237568K, 0% used [0x00000000eab00000,0x00000000eab00000,0x00000000f9300000)
  from space 35328K, 99% used [0x00000000f9300000,0x00000000fb574518,0x00000000fb580000)
  to   space 57856K, 0% used [0x00000000fc780000,0x00000000fc780000,0x0000000100000000)
 ParOldGen       total 139264K, used 117644K [0x00000000c0000000, 0x00000000c8800000, 0x00000000eab00000)
  object space 139264K, 84% used [0x00000000c0000000,0x00000000c72e32b8,0x00000000c8800000)
 Metaspace       used 6542K, capacity 7320K, committed 7680K, reserved 1056768K
  class space    used 616K, capacity 656K, committed 768K, reserved 1048576K
}
Event: 7.821 GC heap before
{Heap before GC invocations=14 (full 3):
 PSYoungGen      total 272896K, used 35281K [0x00000000eab00000, 0x0000000100000000, 0x0000000100000000)
  eden space 237568K, 0% used [0x00000000eab00000,0x00000000eab00000,0x00000000f9300000)
  from space 35328K, 99% used [0x00000000f9300000,0x00000000fb574518,0x00000000fb580000)
  to   space 57856K, 0% used [0x00000000fc780000,0x00000000fc780000,0x0000000100000000)
 ParOldGen       total 139264K, used 117644K [0x00000000c0000000, 0x00000000c8800000, 0x00000000eab00000)
  object space 139264K, 84% used [0x00000000c0000000,0x00000000c72e32b8,0x00000000c8800000)
 Metaspace       used 6542K, capacity 7320K, committed 7680K, reserved 1056768K
  class space    used 616K, capacity 656K, committed 768K, reserved 1048576K

