# JRE version: Java(TM) SE Runtime Environment (8.0_72-b15) (build 1.8.0_72-b15)
# Java VM: Java HotSpot(TM) 64-Bit Server VM (25.72-b15 mixed mode linux-amd64 compressed oops)
Heap:
 PSYoungGen      total 276992K, used 46479K [0x00000000eab00000, 0x0000000100000000, 0x0000000100000000)
  eden space 204800K, 0% used [0x00000000eab00000,0x00000000eab00000,0x00000000f7300000)
  from space 72192K, 64% used [0x00000000f7300000,0x00000000fa063fe0,0x00000000fb980000)
  to   space 72192K, 0% used [0x00000000fb980000,0x00000000fb980000,0x0000000100000000)
 ParOldGen       total 152064K, used 151821K [0x00000000c0000000, 0x00000000c9480000, 0x00000000eab00000)
  object space 152064K, 99% used [0x00000000c0000000,0x00000000c9443510,0x00000000c9480000)
 Metaspace       used 6546K, capacity 7256K, committed 7424K, reserved 1056768K
  class space    used 616K, capacity 656K, committed 768K, reserved 1048576K
GC Heap History (10 events):
Event: 4.423 GC heap after
Heap after GC invocations=11 (full 1):
 PSYoungGen      total 244224K, used 29667K [0x00000000eab00000, 0x0000000100000000, 0x0000000100000000)
  eden space 214528K, 0% used [0x00000000eab00000,0x00000000eab00000,0x00000000f7c80000)
  from space 29696K, 99% used [0x00000000faf00000,0x00000000fcbf8fb8,0x00000000fcc00000)
  to   space 51712K, 0% used [0x00000000f7c80000,0x00000000f7c80000,0x00000000faf00000)
 ParOldGen       total 85504K, used 84998K [0x00000000c0000000, 0x00000000c5380000, 0x00000000eab00000)
  object space 85504K, 99% used [0x00000000c0000000,0x00000000c5301848,0x00000000c5380000)
 Metaspace       used 6518K, capacity 7256K, committed 7424K, reserved 1056768K
  class space    used 616K, capacity 656K, committed 768K, reserved 1048576K
}
Event: 4.423 GC heap before
{Heap before GC invocations=12 (full 2):
 PSYoungGen      total 244224K, used 29667K [0x00000000eab00000, 0x0000000100000000, 0x0000000100000000)
  eden space 214528K, 0% used [0x00000000eab00000,0x00000000eab00000,0x00000000f7c80000)
  from space 29696K, 99% used [0x00000000faf00000,0x00000000fcbf8fb8,0x00000000fcc00000)
  to   space 51712K, 0% used [0x00000000f7c80000,0x00000000f7c80000,0x00000000faf00000)
 ParOldGen       total 85504K, used 84998K [0x00000000c0000000, 0x00000000c5380000, 0x00000000eab00000)
  object space 85504K, 99% used [0x00000000c0000000,0x00000000c5301848,0x00000000c5380000)
 Metaspace       used 6518K, capacity 7256K, committed 7424K, reserved 1056768K
  class space    used 616K, capacity 656K, committed 768K, reserved 1048576K
Event: 4.956 GC heap after
Heap after GC invocations=12 (full 2):
 PSYoungGen      total 244224K, used 25514K [0x00000000eab00000, 0x0000000100000000, 0x0000000100000000)
  eden space 214528K, 0% used [0x00000000eab00000,0x00000000eab00000,0x00000000f7c80000)
  from space 29696K, 85% used [0x00000000faf00000,0x00000000fc7eab18,0x00000000fcc00000)
  to   space 51712K, 0% used [0x00000000f7c80000,0x00000000f7c80000,0x00000000faf00000)
 ParOldGen       total 152064K, used 85312K [0x00000000c0000000, 0x00000000c9480000, 0x00000000eab00000)
  object space 152064K, 56% used [0x00000000c0000000,0x00000000c5350210,0x00000000c9480000)
 Metaspace       used 6518K, capacity 7256K, committed 7424K, reserved 1056768K
  class space    used 616K, capacity 656K, committed 768K, reserved 1048576K
}
Event: 5.613 GC heap before
{Heap before GC invocations=13 (full 2):
 PSYoungGen      total 244224K, used 240042K [0x00000000eab00000, 0x0000000100000000, 0x0000000100000000)
  eden space 214528K, 100% used [0x00000000eab00000,0x00000000f7c80000,0x00000000f7c80000)
  from space 29696K, 85% used [0x00000000faf00000,0x00000000fc7eab18,0x00000000fcc00000)
  to   space 51712K, 0% used [0x00000000f7c80000,0x00000000f7c80000,0x00000000faf00000)
 ParOldGen       total 152064K, used 85312K [0x00000000c0000000, 0x00000000c9480000, 0x00000000eab00000)
  object space 152064K, 56% used [0x00000000c0000000,0x00000000c5350210,0x00000000c9480000)
 Metaspace       used 6522K, capacity 7256K, committed 7424K, reserved 1056768K
  class space    used 616K, capacity 656K, committed 768K, reserved 1048576K
Event: 5.708 GC heap after
Heap after GC invocations=13 (full 2):
 PSYoungGen      total 266240K, used 51708K [0x00000000eab00000, 0x0000000100000000, 0x0000000100000000)
  eden space 214528K, 0% used [0x00000000eab00000,0x00000000eab00000,0x00000000f7c80000)
  from space 51712K, 99% used [0x00000000f7c80000,0x00000000faeff120,0x00000000faf00000)
  to   space 62976K, 0% used [0x00000000fc280000,0x00000000fc280000,0x0000000100000000)
 ParOldGen       total 152064K, used 90611K [0x00000000c0000000, 0x00000000c9480000, 0x00000000eab00000)
  object space 152064K, 59% used [0x00000000c0000000,0x00000000c587ce18,0x00000000c9480000)
 Metaspace       used 6522K, capacity 7256K, committed 7424K, reserved 1056768K
  class space    used 616K, capacity 656K, committed 768K, reserved 1048576K
}
Event: 6.308 GC heap before
{Heap before GC invocations=14 (full 2):
 PSYoungGen      total 266240K, used 266236K [0x00000000eab00000, 0x0000000100000000, 0x0000000100000000)
  eden space 214528K, 100% used [0x00000000eab00000,0x00000000f7c80000,0x00000000f7c80000)
  from space 51712K, 99% used [0x00000000f7c80000,0x00000000faeff120,0x00000000faf00000)
  to   space 62976K, 0% used [0x00000000fc280000,0x00000000fc280000,0x0000000100000000)
 ParOldGen       total 152064K, used 90611K [0x00000000c0000000, 0x00000000c9480000, 0x00000000eab00000)
  object space 152064K, 59% used [0x00000000c0000000,0x00000000c587ce18,0x00000000c9480000)
 Metaspace       used 6528K, capacity 7256K, committed 7424K, reserved 1056768K
  class space    used 616K, capacity 656K, committed 768K, reserved 1048576K
Event: 6.419 GC heap after
Heap after GC invocations=14 (full 2):
 PSYoungGen      total 267776K, used 58332K [0x00000000eab00000, 0x0000000100000000, 0x0000000100000000)
  eden space 204800K, 0% used [0x00000000eab00000,0x00000000eab00000,0x00000000f7300000)
  from space 62976K, 92% used [0x00000000fc280000,0x00000000ffb77220,0x0000000100000000)
  to   space 72192K, 0% used [0x00000000f7300000,0x00000000f7300000,0x00000000fb980000)
 ParOldGen       total 152064K, used 115153K [0x00000000c0000000, 0x00000000c9480000, 0x00000000eab00000)
  object space 152064K, 75% used [0x00000000c0000000,0x00000000c7074440,0x00000000c9480000)
 Metaspace       used 6528K, capacity 7256K, committed 7424K, reserved 1056768K
  class space    used 616K, capacity 656K, committed 768K, reserved 1048576K
}
Event: 6.936 GC heap before
{Heap before GC invocations=15 (full 2):
 PSYoungGen      total 267776K, used 263132K [0x00000000eab00000, 0x0000000100000000, 0x0000000100000000)
  eden space 204800K, 100% used [0x00000000eab00000,0x00000000f7300000,0x00000000f7300000)
  from space 62976K, 92% used [0x00000000fc280000,0x00000000ffb77220,0x0000000100000000)
  to   space 72192K, 0% used [0x00000000f7300000,0x00000000f7300000,0x00000000fb980000)
 ParOldGen       total 152064K, used 115153K [0x00000000c0000000, 0x00000000c9480000, 0x00000000eab00000)
  object space 152064K, 75% used [0x00000000c0000000,0x00000000c7074440,0x00000000c9480000)
 Metaspace       used 6546K, capacity 7256K, committed 7424K, reserved 1056768K
  class space    used 616K, capacity 656K, committed 768K, reserved 1048576K
Event: 7.084 GC heap after
Heap after GC invocations=15 (full 2):
 PSYoungGen      total 276992K, used 72184K [0x00000000eab00000, 0x0000000100000000, 0x0000000100000000)
  eden space 204800K, 0% used [0x00000000eab00000,0x00000000eab00000,0x00000000f7300000)
  from space 72192K, 99% used [0x00000000f7300000,0x00000000fb97e1d8,0x00000000fb980000)
  to   space 72192K, 0% used [0x00000000fb980000,0x00000000fb980000,0x0000000100000000)
 ParOldGen       total 152064K, used 130446K [0x00000000c0000000, 0x00000000c9480000, 0x00000000eab00000)
  object space 152064K, 85% used [0x00000000c0000000,0x00000000c7f63968,0x00000000c9480000)
 Metaspace       used 6546K, capacity 7256K, committed 7424K, reserved 1056768K
  class space    used 616K, capacity 656K, committed 768K, reserved 1048576K
}
Event: 7.108 GC heap before
{Heap before GC invocations=16 (full 3):
 PSYoungGen      total 276992K, used 72184K [0x00000000eab00000, 0x0000000100000000, 0x0000000100000000)
  eden space 204800K, 0% used [0x00000000eab00000,0x00000000eab00000,0x00000000f7300000)
  from space 72192K, 99% used [0x00000000f7300000,0x00000000fb97e1d8,0x00000000fb980000)
  to   space 72192K, 0% used [0x00000000fb980000,0x00000000fb980000,0x0000000100000000)
 ParOldGen       total 152064K, used 130446K [0x00000000c0000000, 0x00000000c9480000, 0x00000000eab00000)
  object space 152064K, 85% used [0x00000000c0000000,0x00000000c7f63968,0x00000000c9480000)
 Metaspace       used 6546K, capacity 7256K, committed 7424K, reserved 1056768K
  class space    used 616K, capacity 656K, committed 768K, reserved 1048576K

