# JRE version: Java(TM) SE Runtime Environment (8.0_72-b15) (build 1.8.0_72-b15)
# Java VM: Java HotSpot(TM) 64-Bit Server VM (25.72-b15 mixed mode linux-amd64 compressed oops)
Heap:
 PSYoungGen      total 220672K, used 11624K [0x00000000eab00000, 0x00000000fd500000, 0x0000000100000000)
  eden space 186880K, 0% used [0x00000000eab00000,0x00000000eab00000,0x00000000f6180000)
  from space 33792K, 34% used [0x00000000f6180000,0x00000000f6cda398,0x00000000f8280000)
  to   space 36864K, 0% used [0x00000000fb100000,0x00000000fb100000,0x00000000fd500000)
 ParOldGen       total 79872K, used 79755K [0x00000000c0000000, 0x00000000c4e00000, 0x00000000eab00000)
  object space 79872K, 99% used [0x00000000c0000000,0x00000000c4de2e10,0x00000000c4e00000)
 Metaspace       used 6481K, capacity 7256K, committed 7424K, reserved 1056768K
  class space    used 614K, capacity 656K, committed 768K, reserved 1048576K
GC Heap History (10 events):
Event: 2.560 GC heap after
Heap after GC invocations=8 (full 0):
 PSYoungGen      total 135168K, used 15355K [0x00000000eab00000, 0x00000000f4d00000, 0x0000000100000000)
  eden space 119808K, 0% used [0x00000000eab00000,0x00000000eab00000,0x00000000f2000000)
  from space 15360K, 99% used [0x00000000f3400000,0x00000000f42fec90,0x00000000f4300000)
  to   space 20480K, 0% used [0x00000000f2000000,0x00000000f2000000,0x00000000f3400000)
 ParOldGen       total 42496K, used 19853K [0x00000000c0000000, 0x00000000c2980000, 0x00000000eab00000)
  object space 42496K, 46% used [0x00000000c0000000,0x00000000c13636d0,0x00000000c2980000)
 Metaspace       used 5988K, capacity 6960K, committed 7040K, reserved 1056768K
  class space    used 594K, capacity 616K, committed 640K, reserved 1048576K
}
Event: 3.204 GC heap before
{Heap before GC invocations=9 (full 0):
 PSYoungGen      total 135168K, used 135163K [0x00000000eab00000, 0x00000000f4d00000, 0x0000000100000000)
  eden space 119808K, 100% used [0x00000000eab00000,0x00000000f2000000,0x00000000f2000000)
  from space 15360K, 99% used [0x00000000f3400000,0x00000000f42fec90,0x00000000f4300000)
  to   space 20480K, 0% used [0x00000000f2000000,0x00000000f2000000,0x00000000f3400000)
 ParOldGen       total 42496K, used 19853K [0x00000000c0000000, 0x00000000c2980000, 0x00000000eab00000)
  object space 42496K, 46% used [0x00000000c0000000,0x00000000c13636d0,0x00000000c2980000)
 Metaspace       used 6191K, capacity 7088K, committed 7296K, reserved 1056768K
  class space    used 594K, capacity 616K, committed 640K, reserved 1048576K
Event: 3.315 GC heap after
Heap after GC invocations=9 (full 0):
 PSYoungGen      total 140288K, used 20452K [0x00000000eab00000, 0x00000000f9e80000, 0x0000000100000000)
  eden space 119808K, 0% used [0x00000000eab00000,0x00000000eab00000,0x00000000f2000000)
  from space 20480K, 99% used [0x00000000f2000000,0x00000000f33f9270,0x00000000f3400000)
  to   space 28672K, 0% used [0x00000000f8280000,0x00000000f8280000,0x00000000f9e80000)
 ParOldGen       total 42496K, used 30881K [0x00000000c0000000, 0x00000000c2980000, 0x00000000eab00000)
  object space 42496K, 72% used [0x00000000c0000000,0x00000000c1e287c8,0x00000000c2980000)
 Metaspace       used 6191K, capacity 7088K, committed 7296K, reserved 1056768K
  class space    used 594K, capacity 616K, committed 640K, reserved 1048576K
}
Event: 3.931 GC heap before
{Heap before GC invocations=10 (full 0):
 PSYoungGen      total 140288K, used 140260K [0x00000000eab00000, 0x00000000f9e80000, 0x0000000100000000)
  eden space 119808K, 100% used [0x00000000eab00000,0x00000000f2000000,0x00000000f2000000)
  from space 20480K, 99% used [0x00000000f2000000,0x00000000f33f9270,0x00000000f3400000)
  to   space 28672K, 0% used [0x00000000f8280000,0x00000000f8280000,0x00000000f9e80000)
 ParOldGen       total 42496K, used 30881K [0x00000000c0000000, 0x00000000c2980000, 0x00000000eab00000)
  object space 42496K, 72% used [0x00000000c0000000,0x00000000c1e287c8,0x00000000c2980000)
 Metaspace       used 6462K, capacity 7256K, committed 7424K, reserved 1056768K
  class space    used 614K, capacity 656K, committed 768K, reserved 1048576K
Event: 4.035 GC heap after
Heap after GC invocations=10 (full 0):
 PSYoungGen      total 215552K, used 28470K [0x00000000eab00000, 0x00000000fa880000, 0x0000000100000000)
  eden space 186880K, 0% used [0x00000000eab00000,0x00000000eab00000,0x00000000f6180000)
  from space 28672K, 99% used [0x00000000f8280000,0x00000000f9e4db80,0x00000000f9e80000)
  to   space 33792K, 0% used [0x00000000f6180000,0x00000000f6180000,0x00000000f8280000)
 ParOldGen       total 42496K, used 41472K [0x00000000c0000000, 0x00000000c2980000, 0x00000000eab00000)
  object space 42496K, 97% used [0x00000000c0000000,0x00000000c2880070,0x00000000c2980000)
 Metaspace       used 6462K, capacity 7256K, committed 7424K, reserved 1056768K
  class space    used 614K, capacity 656K, committed 768K, reserved 1048576K
}
Event: 4.035 GC heap before
{Heap before GC invocations=11 (full 1):
 PSYoungGen      total 215552K, used 28470K [0x00000000eab00000, 0x00000000fa880000, 0x0000000100000000)
  eden space 186880K, 0% used [0x00000000eab00000,0x00000000eab00000,0x00000000f6180000)
  from space 28672K, 99% used [0x00000000f8280000,0x00000000f9e4db80,0x00000000f9e80000)
  to   space 33792K, 0% used [0x00000000f6180000,0x00000000f6180000,0x00000000f8280000)
 ParOldGen       total 42496K, used 41472K [0x00000000c0000000, 0x00000000c2980000, 0x00000000eab00000)
  object space 42496K, 97% used [0x00000000c0000000,0x00000000c2880070,0x00000000c2980000)
 Metaspace       used 6462K, capacity 7256K, committed 7424K, reserved 1056768K
  class space    used 614K, capacity 656K, committed 768K, reserved 1048576K
Event: 4.735 GC heap after
Heap after GC invocations=11 (full 1):
 PSYoungGen      total 215552K, used 23690K [0x00000000eab00000, 0x00000000fa880000, 0x0000000100000000)
  eden space 186880K, 0% used [0x00000000eab00000,0x00000000eab00000,0x00000000f6180000)
  from space 28672K, 82% used [0x00000000f8280000,0x00000000f99a29b8,0x00000000f9e80000)
  to   space 33792K, 0% used [0x00000000f6180000,0x00000000f6180000,0x00000000f8280000)
 ParOldGen       total 79872K, used 42406K [0x00000000c0000000, 0x00000000c4e00000, 0x00000000eab00000)
  object space 79872K, 53% used [0x00000000c0000000,0x00000000c29699f8,0x00000000c4e00000)
 Metaspace       used 6462K, capacity 7256K, committed 7424K, reserved 1056768K
  class space    used 614K, capacity 656K, committed 768K, reserved 1048576K
}
Event: 5.622 GC heap before
{Heap before GC invocations=12 (full 1):
 PSYoungGen      total 215552K, used 210570K [0x00000000eab00000, 0x00000000fa880000, 0x0000000100000000)
  eden space 186880K, 100% used [0x00000000eab00000,0x00000000f6180000,0x00000000f6180000)
  from space 28672K, 82% used [0x00000000f8280000,0x00000000f99a29b8,0x00000000f9e80000)
  to   space 33792K, 0% used [0x00000000f6180000,0x00000000f6180000,0x00000000f8280000)
 ParOldGen       total 79872K, used 42406K [0x00000000c0000000, 0x00000000c4e00000, 0x00000000eab00000)
  object space 79872K, 53% used [0x00000000c0000000,0x00000000c29699f8,0x00000000c4e00000)
 Metaspace       used 6481K, capacity 7256K, committed 7424K, reserved 1056768K
  class space    used 614K, capacity 656K, committed 768K, reserved 1048576K
Event: 5.720 GC heap after
Heap after GC invocations=12 (full 1):
 PSYoungGen      total 220672K, used 26662K [0x00000000eab00000, 0x00000000fd500000, 0x0000000100000000)
  eden space 186880K, 0% used [0x00000000eab00000,0x00000000eab00000,0x00000000f6180000)
  from space 33792K, 78% used [0x00000000f6180000,0x00000000f7b89980,0x00000000f8280000)
  to   space 36864K, 0% used [0x00000000fb100000,0x00000000fb100000,0x00000000fd500000)
 ParOldGen       total 79872K, used 65417K [0x00000000c0000000, 0x00000000c4e00000, 0x00000000eab00000)
  object space 79872K, 81% used [0x00000000c0000000,0x00000000c3fe27b0,0x00000000c4e00000)
 Metaspace       used 6481K, capacity 7256K, committed 7424K, reserved 1056768K
  class space    used 614K, capacity 656K, committed 768K, reserved 1048576K
}
Event: 5.720 GC heap before
{Heap before GC invocations=13 (full 2):
 PSYoungGen      total 220672K, used 26662K [0x00000000eab00000, 0x00000000fd500000, 0x0000000100000000)
  eden space 186880K, 0% used [0x00000000eab00000,0x00000000eab00000,0x00000000f6180000)
  from space 33792K, 78% used [0x00000000f6180000,0x00000000f7b89980,0x00000000f8280000)
  to   space 36864K, 0% used [0x00000000fb100000,0x00000000fb100000,0x00000000fd500000)
 ParOldGen       total 79872K, used 65417K [0x00000000c0000000, 0x00000000c4e00000, 0x00000000eab00000)
  object space 79872K, 81% used [0x00000000c0000000,0x00000000c3fe27b0,0x00000000c4e00000)
 Metaspace       used 6481K, capacity 7256K, committed 7424K, reserved 1056768K
  class space    used 614K, capacity 656K, committed 768K, reserved 1048576K

