# JRE version: Java(TM) SE Runtime Environment (8.0_72-b15) (build 1.8.0_72-b15)
# Java VM: Java HotSpot(TM) 64-Bit Server VM (25.72-b15 mixed mode linux-amd64 compressed oops)
Heap:
 PSYoungGen      total 268288K, used 24706K [0x00000000eab00000, 0x0000000100000000, 0x0000000100000000)
  eden space 207872K, 0% used [0x00000000eab00000,0x00000000eab00000,0x00000000f7600000)
  from space 60416K, 40% used [0x00000000fc500000,0x00000000fdd20908,0x0000000100000000)
  to   space 70656K, 0% used [0x00000000f7600000,0x00000000f7600000,0x00000000fbb00000)
 ParOldGen       total 214528K, used 214344K [0x00000000c0000000, 0x00000000cd180000, 0x00000000eab00000)
  object space 214528K, 99% used [0x00000000c0000000,0x00000000cd152140,0x00000000cd180000)
 Metaspace       used 6583K, capacity 7320K, committed 7680K, reserved 1056768K
  class space    used 615K, capacity 656K, committed 768K, reserved 1048576K
GC Heap History (10 events):
Event: 8.144 GC heap after
Heap after GC invocations=13 (full 2):
 PSYoungGen      total 288768K, used 26914K [0x00000000eab00000, 0x0000000100000000, 0x0000000100000000)
  eden space 228352K, 0% used [0x00000000eab00000,0x00000000eab00000,0x00000000f8a00000)
  from space 60416K, 44% used [0x00000000f8a00000,0x00000000fa448980,0x00000000fc500000)
  to   space 58880K, 0% used [0x00000000fc680000,0x00000000fc680000,0x0000000100000000)
 ParOldGen       total 134656K, used 118595K [0x00000000c0000000, 0x00000000c8380000, 0x00000000eab00000)
  object space 134656K, 88% used [0x00000000c0000000,0x00000000c73d0e90,0x00000000c8380000)
 Metaspace       used 6545K, capacity 7320K, committed 7680K, reserved 1056768K
  class space    used 615K, capacity 656K, committed 768K, reserved 1048576K
}
Event: 8.144 GC heap before
{Heap before GC invocations=14 (full 3):
 PSYoungGen      total 288768K, used 26914K [0x00000000eab00000, 0x0000000100000000, 0x0000000100000000)
  eden space 228352K, 0% used [0x00000000eab00000,0x00000000eab00000,0x00000000f8a00000)
  from space 60416K, 44% used [0x00000000f8a00000,0x00000000fa448980,0x00000000fc500000)
  to   space 58880K, 0% used [0x00000000fc680000,0x00000000fc680000,0x0000000100000000)
 ParOldGen       total 134656K, used 118595K [0x00000000c0000000, 0x00000000c8380000, 0x00000000eab00000)
  object space 134656K, 88% used [0x00000000c0000000,0x00000000c73d0e90,0x00000000c8380000)
 Metaspace       used 6545K, capacity 7320K, committed 7680K, reserved 1056768K
  class space    used 615K, capacity 656K, committed 768K, reserved 1048576K
Event: 8.830 GC heap after
Heap after GC invocations=14 (full 3):
 PSYoungGen      total 288768K, used 7809K [0x00000000eab00000, 0x0000000100000000, 0x0000000100000000)
  eden space 228352K, 0% used [0x00000000eab00000,0x00000000eab00000,0x00000000f8a00000)
  from space 60416K, 12% used [0x00000000f8a00000,0x00000000f91a07d0,0x00000000fc500000)
  to   space 58880K, 0% used [0x00000000fc680000,0x00000000fc680000,0x0000000100000000)
 ParOldGen       total 214528K, used 134457K [0x00000000c0000000, 0x00000000cd180000, 0x00000000eab00000)
  object space 214528K, 62% used [0x00000000c0000000,0x00000000c834e5d8,0x00000000cd180000)
 Metaspace       used 6545K, capacity 7320K, committed 7680K, reserved 1056768K
  class space    used 615K, capacity 656K, committed 768K, reserved 1048576K
}
Event: 9.734 GC heap before
{Heap before GC invocations=15 (full 3):
 PSYoungGen      total 288768K, used 236161K [0x00000000eab00000, 0x0000000100000000, 0x0000000100000000)
  eden space 228352K, 100% used [0x00000000eab00000,0x00000000f8a00000,0x00000000f8a00000)
  from space 60416K, 12% used [0x00000000f8a00000,0x00000000f91a07d0,0x00000000fc500000)
  to   space 58880K, 0% used [0x00000000fc680000,0x00000000fc680000,0x0000000100000000)
 ParOldGen       total 214528K, used 134457K [0x00000000c0000000, 0x00000000cd180000, 0x00000000eab00000)
  object space 214528K, 62% used [0x00000000c0000000,0x00000000c834e5d8,0x00000000cd180000)
 Metaspace       used 6556K, capacity 7320K, committed 7680K, reserved 1056768K
  class space    used 615K, capacity 656K, committed 768K, reserved 1048576K
Event: 9.870 GC heap after
Heap after GC invocations=15 (full 3):
 PSYoungGen      total 287232K, used 35584K [0x00000000eab00000, 0x0000000100000000, 0x0000000100000000)
  eden space 228352K, 0% used [0x00000000eab00000,0x00000000eab00000,0x00000000f8a00000)
  from space 58880K, 60% used [0x00000000fc680000,0x00000000fe940010,0x0000000100000000)
  to   space 60416K, 0% used [0x00000000f8a00000,0x00000000f8a00000,0x00000000fc500000)
 ParOldGen       total 214528K, used 141382K [0x00000000c0000000, 0x00000000cd180000, 0x00000000eab00000)
  object space 214528K, 65% used [0x00000000c0000000,0x00000000c8a11a48,0x00000000cd180000)
 Metaspace       used 6556K, capacity 7320K, committed 7680K, reserved 1056768K
  class space    used 615K, capacity 656K, committed 768K, reserved 1048576K
}
Event: 10.706 GC heap before
{Heap before GC invocations=16 (full 3):
 PSYoungGen      total 287232K, used 263936K [0x00000000eab00000, 0x0000000100000000, 0x0000000100000000)
  eden space 228352K, 100% used [0x00000000eab00000,0x00000000f8a00000,0x00000000f8a00000)
  from space 58880K, 60% used [0x00000000fc680000,0x00000000fe940010,0x0000000100000000)
  to   space 60416K, 0% used [0x00000000f8a00000,0x00000000f8a00000,0x00000000fc500000)
 ParOldGen       total 214528K, used 141382K [0x00000000c0000000, 0x00000000cd180000, 0x00000000eab00000)
  object space 214528K, 65% used [0x00000000c0000000,0x00000000c8a11a48,0x00000000cd180000)
 Metaspace       used 6568K, capacity 7320K, committed 7680K, reserved 1056768K
  class space    used 615K, capacity 656K, committed 768K, reserved 1048576K
Event: 10.786 GC heap after
Heap after GC invocations=16 (full 3):
 PSYoungGen      total 288768K, used 60408K [0x00000000eab00000, 0x0000000100000000, 0x0000000100000000)
  eden space 228352K, 0% used [0x00000000eab00000,0x00000000eab00000,0x00000000f8a00000)
  from space 60416K, 99% used [0x00000000f8a00000,0x00000000fc4fe300,0x00000000fc500000)
  to   space 60416K, 0% used [0x00000000fc500000,0x00000000fc500000,0x0000000100000000)
 ParOldGen       total 214528K, used 149315K [0x00000000c0000000, 0x00000000cd180000, 0x00000000eab00000)
  object space 214528K, 69% used [0x00000000c0000000,0x00000000c91d0ed8,0x00000000cd180000)
 Metaspace       used 6568K, capacity 7320K, committed 7680K, reserved 1056768K
  class space    used 615K, capacity 656K, committed 768K, reserved 1048576K
}
Event: 11.487 GC heap before
{Heap before GC invocations=17 (full 3):
 PSYoungGen      total 288768K, used 288760K [0x00000000eab00000, 0x0000000100000000, 0x0000000100000000)
  eden space 228352K, 100% used [0x00000000eab00000,0x00000000f8a00000,0x00000000f8a00000)
  from space 60416K, 99% used [0x00000000f8a00000,0x00000000fc4fe300,0x00000000fc500000)
  to   space 60416K, 0% used [0x00000000fc500000,0x00000000fc500000,0x0000000100000000)
 ParOldGen       total 214528K, used 149315K [0x00000000c0000000, 0x00000000cd180000, 0x00000000eab00000)
  object space 214528K, 69% used [0x00000000c0000000,0x00000000c91d0ed8,0x00000000cd180000)
 Metaspace       used 6583K, capacity 7320K, committed 7680K, reserved 1056768K
  class space    used 615K, capacity 656K, committed 768K, reserved 1048576K
Event: 11.665 GC heap after
Heap after GC invocations=17 (full 3):
 PSYoungGen      total 268288K, used 32202K [0x00000000eab00000, 0x0000000100000000, 0x0000000100000000)
  eden space 207872K, 0% used [0x00000000eab00000,0x00000000eab00000,0x00000000f7600000)
  from space 60416K, 53% used [0x00000000fc500000,0x00000000fe472b40,0x0000000100000000)
  to   space 70656K, 0% used [0x00000000f7600000,0x00000000f7600000,0x00000000fbb00000)
 ParOldGen       total 214528K, used 209965K [0x00000000c0000000, 0x00000000cd180000, 0x00000000eab00000)
  object space 214528K, 97% used [0x00000000c0000000,0x00000000ccd0b780,0x00000000cd180000)
 Metaspace       used 6583K, capacity 7320K, committed 7680K, reserved 1056768K
  class space    used 615K, capacity 656K, committed 768K, reserved 1048576K
}
Event: 11.669 GC heap before
{Heap before GC invocations=18 (full 4):
 PSYoungGen      total 268288K, used 32202K [0x00000000eab00000, 0x0000000100000000, 0x0000000100000000)
  eden space 207872K, 0% used [0x00000000eab00000,0x00000000eab00000,0x00000000f7600000)
  from space 60416K, 53% used [0x00000000fc500000,0x00000000fe472b40,0x0000000100000000)
  to   space 70656K, 0% used [0x00000000f7600000,0x00000000f7600000,0x00000000fbb00000)
 ParOldGen       total 214528K, used 209965K [0x00000000c0000000, 0x00000000cd180000, 0x00000000eab00000)
  object space 214528K, 97% used [0x00000000c0000000,0x00000000ccd0b780,0x00000000cd180000)
 Metaspace       used 6583K, capacity 7320K, committed 7680K, reserved 1056768K
  class space    used 615K, capacity 656K, committed 768K, reserved 1048576K

