# JRE version: Java(TM) SE Runtime Environment (8.0_72-b15) (build 1.8.0_72-b15)
# Java VM: Java HotSpot(TM) 64-Bit Server VM (25.72-b15 mixed mode linux-amd64 compressed oops)
Heap:
 PSYoungGen      total 218624K, used 0K [0x00000000eab00000, 0x0000000100000000, 0x0000000100000000)
  eden space 162816K, 0% used [0x00000000eab00000,0x00000000eab00000,0x00000000f4a00000)
  from space 55808K, 0% used [0x00000000fc980000,0x00000000fc980000,0x0000000100000000)
  to   space 93184K, 0% used [0x00000000f4a00000,0x00000000f4a00000,0x00000000fa500000)
 ParOldGen       total 230400K, used 208692K [0x00000000c0000000, 0x00000000ce100000, 0x00000000eab00000)
  object space 230400K, 90% used [0x00000000c0000000,0x00000000ccbcd370,0x00000000ce100000)
 Metaspace       used 6913K, capacity 7608K, committed 7936K, reserved 1056768K
  class space    used 635K, capacity 688K, committed 768K, reserved 1048576K
GC Heap History (10 events):
Event: 5.868 GC heap after
Heap after GC invocations=15 (full 2):
 PSYoungGen      total 274944K, used 35166K [0x00000000eab00000, 0x0000000100000000, 0x0000000100000000)
  eden space 226816K, 0% used [0x00000000eab00000,0x00000000eab00000,0x00000000f8880000)
  from space 48128K, 73% used [0x00000000f8880000,0x00000000faad7ab0,0x00000000fb780000)
  to   space 51712K, 0% used [0x00000000fcd80000,0x00000000fcd80000,0x0000000100000000)
 ParOldGen       total 140800K, used 112850K [0x00000000c0000000, 0x00000000c8980000, 0x00000000eab00000)
  object space 140800K, 80% used [0x00000000c0000000,0x00000000c6e348e0,0x00000000c8980000)
 Metaspace       used 6548K, capacity 7320K, committed 7680K, reserved 1056768K
  class space    used 616K, capacity 656K, committed 768K, reserved 1048576K
}
Event: 5.868 GC heap before
{Heap before GC invocations=16 (full 3):
 PSYoungGen      total 274944K, used 35166K [0x00000000eab00000, 0x0000000100000000, 0x0000000100000000)
  eden space 226816K, 0% used [0x00000000eab00000,0x00000000eab00000,0x00000000f8880000)
  from space 48128K, 73% used [0x00000000f8880000,0x00000000faad7ab0,0x00000000fb780000)
  to   space 51712K, 0% used [0x00000000fcd80000,0x00000000fcd80000,0x0000000100000000)
 ParOldGen       total 140800K, used 112850K [0x00000000c0000000, 0x00000000c8980000, 0x00000000eab00000)
  object space 140800K, 80% used [0x00000000c0000000,0x00000000c6e348e0,0x00000000c8980000)
 Metaspace       used 6548K, capacity 7320K, committed 7680K, reserved 1056768K
  class space    used 616K, capacity 656K, committed 768K, reserved 1048576K
Event: 6.899 GC heap after
Heap after GC invocations=16 (full 3):
 PSYoungGen      total 274944K, used 5274K [0x00000000eab00000, 0x0000000100000000, 0x0000000100000000)
  eden space 226816K, 0% used [0x00000000eab00000,0x00000000eab00000,0x00000000f8880000)
  from space 48128K, 10% used [0x00000000f8880000,0x00000000f8da6bd0,0x00000000fb780000)
  to   space 51712K, 0% used [0x00000000fcd80000,0x00000000fcd80000,0x0000000100000000)
 ParOldGen       total 230400K, used 140404K [0x00000000c0000000, 0x00000000ce100000, 0x00000000eab00000)
  object space 230400K, 60% used [0x00000000c0000000,0x00000000c891d3a0,0x00000000ce100000)
 Metaspace       used 6548K, capacity 7320K, committed 7680K, reserved 1056768K
  class space    used 616K, capacity 656K, committed 768K, reserved 1048576K
}
Event: 7.471 GC heap before
{Heap before GC invocations=17 (full 3):
 PSYoungGen      total 274944K, used 232090K [0x00000000eab00000, 0x0000000100000000, 0x0000000100000000)
  eden space 226816K, 100% used [0x00000000eab00000,0x00000000f8880000,0x00000000f8880000)
  from space 48128K, 10% used [0x00000000f8880000,0x00000000f8da6bd0,0x00000000fb780000)
  to   space 51712K, 0% used [0x00000000fcd80000,0x00000000fcd80000,0x0000000100000000)
 ParOldGen       total 230400K, used 140404K [0x00000000c0000000, 0x00000000ce100000, 0x00000000eab00000)
  object space 230400K, 60% used [0x00000000c0000000,0x00000000c891d3a0,0x00000000ce100000)
 Metaspace       used 6556K, capacity 7320K, committed 7680K, reserved 1056768K
  class space    used 616K, capacity 656K, committed 768K, reserved 1048576K
Event: 7.606 GC heap after
Heap after GC invocations=17 (full 3):
 PSYoungGen      total 289280K, used 39412K [0x00000000eab00000, 0x0000000100000000, 0x0000000100000000)
  eden space 237568K, 0% used [0x00000000eab00000,0x00000000eab00000,0x00000000f9300000)
  from space 51712K, 76% used [0x00000000fcd80000,0x00000000ff3fd078,0x0000000100000000)
  to   space 55808K, 0% used [0x00000000f9300000,0x00000000f9300000,0x00000000fc980000)
 ParOldGen       total 230400K, used 140412K [0x00000000c0000000, 0x00000000ce100000, 0x00000000eab00000)
  object space 230400K, 60% used [0x00000000c0000000,0x00000000c891f3a0,0x00000000ce100000)
 Metaspace       used 6556K, capacity 7320K, committed 7680K, reserved 1056768K
  class space    used 616K, capacity 656K, committed 768K, reserved 1048576K
}
Event: 8.294 GC heap before
{Heap before GC invocations=18 (full 3):
 PSYoungGen      total 289280K, used 276980K [0x00000000eab00000, 0x0000000100000000, 0x0000000100000000)
  eden space 237568K, 100% used [0x00000000eab00000,0x00000000f9300000,0x00000000f9300000)
  from space 51712K, 76% used [0x00000000fcd80000,0x00000000ff3fd078,0x0000000100000000)
  to   space 55808K, 0% used [0x00000000f9300000,0x00000000f9300000,0x00000000fc980000)
 ParOldGen       total 230400K, used 140412K [0x00000000c0000000, 0x00000000ce100000, 0x00000000eab00000)
  object space 230400K, 60% used [0x00000000c0000000,0x00000000c891f3a0,0x00000000ce100000)
 Metaspace       used 6569K, capacity 7320K, committed 7680K, reserved 1056768K
  class space    used 616K, capacity 656K, committed 768K, reserved 1048576K
Event: 8.401 GC heap after
Heap after GC invocations=18 (full 3):
 PSYoungGen      total 293376K, used 55789K [0x00000000eab00000, 0x0000000100000000, 0x0000000100000000)
  eden space 237568K, 0% used [0x00000000eab00000,0x00000000eab00000,0x00000000f9300000)
  from space 55808K, 99% used [0x00000000f9300000,0x00000000fc97b7d8,0x00000000fc980000)
  to   space 55808K, 0% used [0x00000000fc980000,0x00000000fc980000,0x0000000100000000)
 ParOldGen       total 230400K, used 156423K [0x00000000c0000000, 0x00000000ce100000, 0x00000000eab00000)
  object space 230400K, 67% used [0x00000000c0000000,0x00000000c98c1f60,0x00000000ce100000)
 Metaspace       used 6569K, capacity 7320K, committed 7680K, reserved 1056768K
  class space    used 616K, capacity 656K, committed 768K, reserved 1048576K
}
Event: 10.119 GC heap before
{Heap before GC invocations=19 (full 3):
 PSYoungGen      total 293376K, used 293357K [0x00000000eab00000, 0x0000000100000000, 0x0000000100000000)
  eden space 237568K, 100% used [0x00000000eab00000,0x00000000f9300000,0x00000000f9300000)
  from space 55808K, 99% used [0x00000000f9300000,0x00000000fc97b7d8,0x00000000fc980000)
  to   space 55808K, 0% used [0x00000000fc980000,0x00000000fc980000,0x0000000100000000)
 ParOldGen       total 230400K, used 156423K [0x00000000c0000000, 0x00000000ce100000, 0x00000000eab00000)
  object space 230400K, 67% used [0x00000000c0000000,0x00000000c98c1f60,0x00000000ce100000)
 Metaspace       used 6913K, capacity 7608K, committed 7936K, reserved 1056768K
  class space    used 635K, capacity 688K, committed 768K, reserved 1048576K
Event: 10.321 GC heap after
Heap after GC invocations=19 (full 3):
 PSYoungGen      total 218624K, used 55801K [0x00000000eab00000, 0x0000000100000000, 0x0000000100000000)
  eden space 162816K, 0% used [0x00000000eab00000,0x00000000eab00000,0x00000000f4a00000)
  from space 55808K, 99% used [0x00000000fc980000,0x00000000ffffe578,0x0000000100000000)
  to   space 93184K, 0% used [0x00000000f4a00000,0x00000000f4a00000,0x00000000fa500000)
 ParOldGen       total 230400K, used 197249K [0x00000000c0000000, 0x00000000ce100000, 0x00000000eab00000)
  object space 230400K, 85% used [0x00000000c0000000,0x00000000cc0a0670,0x00000000ce100000)
 Metaspace       used 6913K, capacity 7608K, committed 7936K, reserved 1056768K
  class space    used 635K, capacity 688K, committed 768K, reserved 1048576K
}
Event: 10.328 GC heap before
{Heap before GC invocations=20 (full 4):
 PSYoungGen      total 218624K, used 55801K [0x00000000eab00000, 0x0000000100000000, 0x0000000100000000)
  eden space 162816K, 0% used [0x00000000eab00000,0x00000000eab00000,0x00000000f4a00000)
  from space 55808K, 99% used [0x00000000fc980000,0x00000000ffffe578,0x0000000100000000)
  to   space 93184K, 0% used [0x00000000f4a00000,0x00000000f4a00000,0x00000000fa500000)
 ParOldGen       total 230400K, used 197249K [0x00000000c0000000, 0x00000000ce100000, 0x00000000eab00000)
  object space 230400K, 85% used [0x00000000c0000000,0x00000000cc0a0670,0x00000000ce100000)
 Metaspace       used 6913K, capacity 7608K, committed 7936K, reserved 1056768K
  class space    used 635K, capacity 688K, committed 768K, reserved 1048576K

