# JRE version: Java(TM) SE Runtime Environment (8.0_72-b15) (build 1.8.0_72-b15)
# Java VM: Java HotSpot(TM) 64-Bit Server VM (25.72-b15 mixed mode linux-amd64 compressed oops)
Heap:
 PSYoungGen      total 264192K, used 34071K [0x00000000eab00000, 0x0000000100000000, 0x0000000100000000)
  eden space 194560K, 0% used [0x00000000eab00000,0x00000000eab00000,0x00000000f6900000)
  from space 69632K, 48% used [0x00000000fbc00000,0x00000000fdd45cd0,0x0000000100000000)
  to   space 77312K, 0% used [0x00000000f6900000,0x00000000f6900000,0x00000000fb480000)
 ParOldGen       total 143360K, used 143115K [0x00000000c0000000, 0x00000000c8c00000, 0x00000000eab00000)
  object space 143360K, 99% used [0x00000000c0000000,0x00000000c8bc2d58,0x00000000c8c00000)
 Metaspace       used 6592K, capacity 7320K, committed 7680K, reserved 1056768K
  class space    used 618K, capacity 656K, committed 768K, reserved 1048576K
GC Heap History (10 events):
Event: 3.601 GC heap after
Heap after GC invocations=10 (full 1):
 PSYoungGen      total 264704K, used 28640K [0x00000000eab00000, 0x00000000fdd80000, 0x0000000100000000)
  eden space 236032K, 0% used [0x00000000eab00000,0x00000000eab00000,0x00000000f9180000)
  from space 28672K, 99% used [0x00000000f9400000,0x00000000faff8190,0x00000000fb000000)
  to   space 38912K, 0% used [0x00000000fb780000,0x00000000fb780000,0x00000000fdd80000)
 ParOldGen       total 81920K, used 54840K [0x00000000c0000000, 0x00000000c5000000, 0x00000000eab00000)
  object space 81920K, 66% used [0x00000000c0000000,0x00000000c358e3a8,0x00000000c5000000)
 Metaspace       used 6546K, capacity 7256K, committed 7424K, reserved 1056768K
  class space    used 618K, capacity 656K, committed 768K, reserved 1048576K
}
Event: 4.499 GC heap before
{Heap before GC invocations=11 (full 1):
 PSYoungGen      total 264704K, used 264672K [0x00000000eab00000, 0x00000000fdd80000, 0x0000000100000000)
  eden space 236032K, 100% used [0x00000000eab00000,0x00000000f9180000,0x00000000f9180000)
  from space 28672K, 99% used [0x00000000f9400000,0x00000000faff8190,0x00000000fb000000)
  to   space 38912K, 0% used [0x00000000fb780000,0x00000000fb780000,0x00000000fdd80000)
 ParOldGen       total 81920K, used 54840K [0x00000000c0000000, 0x00000000c5000000, 0x00000000eab00000)
  object space 81920K, 66% used [0x00000000c0000000,0x00000000c358e3a8,0x00000000c5000000)
 Metaspace       used 6575K, capacity 7320K, committed 7680K, reserved 1056768K
  class space    used 618K, capacity 656K, committed 768K, reserved 1048576K
Event: 11.438 GC heap after
Heap after GC invocations=11 (full 1):
 PSYoungGen      total 258560K, used 38911K [0x00000000eab00000, 0x0000000100000000, 0x0000000100000000)
  eden space 219648K, 0% used [0x00000000eab00000,0x00000000eab00000,0x00000000f8180000)
  from space 38912K, 99% used [0x00000000fb780000,0x00000000fdd7fd08,0x00000000fdd80000)
  to   space 55296K, 0% used [0x00000000f8180000,0x00000000f8180000,0x00000000fb780000)
 ParOldGen       total 81920K, used 80814K [0x00000000c0000000, 0x00000000c5000000, 0x00000000eab00000)
  object space 81920K, 98% used [0x00000000c0000000,0x00000000c4eeb9c0,0x00000000c5000000)
 Metaspace       used 6575K, capacity 7320K, committed 7680K, reserved 1056768K
  class space    used 618K, capacity 656K, committed 768K, reserved 1048576K
}
Event: 11.438 GC heap before
{Heap before GC invocations=12 (full 2):
 PSYoungGen      total 258560K, used 38911K [0x00000000eab00000, 0x0000000100000000, 0x0000000100000000)
  eden space 219648K, 0% used [0x00000000eab00000,0x00000000eab00000,0x00000000f8180000)
  from space 38912K, 99% used [0x00000000fb780000,0x00000000fdd7fd08,0x00000000fdd80000)
  to   space 55296K, 0% used [0x00000000f8180000,0x00000000f8180000,0x00000000fb780000)
 ParOldGen       total 81920K, used 80814K [0x00000000c0000000, 0x00000000c5000000, 0x00000000eab00000)
  object space 81920K, 98% used [0x00000000c0000000,0x00000000c4eeb9c0,0x00000000c5000000)
 Metaspace       used 6575K, capacity 7320K, committed 7680K, reserved 1056768K
  class space    used 618K, capacity 656K, committed 768K, reserved 1048576K
Event: 12.002 GC heap after
Heap after GC invocations=12 (full 2):
 PSYoungGen      total 258560K, used 33904K [0x00000000eab00000, 0x0000000100000000, 0x0000000100000000)
  eden space 219648K, 0% used [0x00000000eab00000,0x00000000eab00000,0x00000000f8180000)
  from space 38912K, 87% used [0x00000000fb780000,0x00000000fd89c2a8,0x00000000fdd80000)
  to   space 55296K, 0% used [0x00000000f8180000,0x00000000f8180000,0x00000000fb780000)
 ParOldGen       total 143360K, used 81598K [0x00000000c0000000, 0x00000000c8c00000, 0x00000000eab00000)
  object space 143360K, 56% used [0x00000000c0000000,0x00000000c4faf850,0x00000000c8c00000)
 Metaspace       used 6575K, capacity 7320K, committed 7680K, reserved 1056768K
  class space    used 618K, capacity 656K, committed 768K, reserved 1048576K
}
Event: 12.680 GC heap before
{Heap before GC invocations=13 (full 2):
 PSYoungGen      total 258560K, used 253552K [0x00000000eab00000, 0x0000000100000000, 0x0000000100000000)
  eden space 219648K, 100% used [0x00000000eab00000,0x00000000f8180000,0x00000000f8180000)
  from space 38912K, 87% used [0x00000000fb780000,0x00000000fd89c2a8,0x00000000fdd80000)
  to   space 55296K, 0% used [0x00000000f8180000,0x00000000f8180000,0x00000000fb780000)
 ParOldGen       total 143360K, used 81598K [0x00000000c0000000, 0x00000000c8c00000, 0x00000000eab00000)
  object space 143360K, 56% used [0x00000000c0000000,0x00000000c4faf850,0x00000000c8c00000)
 Metaspace       used 6585K, capacity 7320K, committed 7680K, reserved 1056768K
  class space    used 618K, capacity 656K, committed 768K, reserved 1048576K
Event: 12.801 GC heap after
Heap after GC invocations=13 (full 2):
 PSYoungGen      total 274944K, used 55282K [0x00000000eab00000, 0x0000000100000000, 0x0000000100000000)
  eden space 219648K, 0% used [0x00000000eab00000,0x00000000eab00000,0x00000000f8180000)
  from space 55296K, 99% used [0x00000000f8180000,0x00000000fb77c920,0x00000000fb780000)
  to   space 69632K, 0% used [0x00000000fbc00000,0x00000000fbc00000,0x0000000100000000)
 ParOldGen       total 143360K, used 93879K [0x00000000c0000000, 0x00000000c8c00000, 0x00000000eab00000)
  object space 143360K, 65% used [0x00000000c0000000,0x00000000c5bade50,0x00000000c8c00000)
 Metaspace       used 6585K, capacity 7320K, committed 7680K, reserved 1056768K
  class space    used 618K, capacity 656K, committed 768K, reserved 1048576K
}
Event: 13.355 GC heap before
{Heap before GC invocations=14 (full 2):
 PSYoungGen      total 274944K, used 274930K [0x00000000eab00000, 0x0000000100000000, 0x0000000100000000)
  eden space 219648K, 100% used [0x00000000eab00000,0x00000000f8180000,0x00000000f8180000)
  from space 55296K, 99% used [0x00000000f8180000,0x00000000fb77c920,0x00000000fb780000)
  to   space 69632K, 0% used [0x00000000fbc00000,0x00000000fbc00000,0x0000000100000000)
 ParOldGen       total 143360K, used 93879K [0x00000000c0000000, 0x00000000c8c00000, 0x00000000eab00000)
  object space 143360K, 65% used [0x00000000c0000000,0x00000000c5bade50,0x00000000c8c00000)
 Metaspace       used 6592K, capacity 7320K, committed 7680K, reserved 1056768K
  class space    used 618K, capacity 656K, committed 768K, reserved 1048576K
Event: 13.495 GC heap after
Heap after GC invocations=14 (full 2):
 PSYoungGen      total 264192K, used 58317K [0x00000000eab00000, 0x0000000100000000, 0x0000000100000000)
  eden space 194560K, 0% used [0x00000000eab00000,0x00000000eab00000,0x00000000f6900000)
  from space 69632K, 83% used [0x00000000fbc00000,0x00000000ff4f3510,0x0000000100000000)
  to   space 77312K, 0% used [0x00000000f6900000,0x00000000f6900000,0x00000000fb480000)
 ParOldGen       total 143360K, used 123531K [0x00000000c0000000, 0x00000000c8c00000, 0x00000000eab00000)
  object space 143360K, 86% used [0x00000000c0000000,0x00000000c78a2c20,0x00000000c8c00000)
 Metaspace       used 6592K, capacity 7320K, committed 7680K, reserved 1056768K
  class space    used 618K, capacity 656K, committed 768K, reserved 1048576K
}
Event: 13.496 GC heap before
{Heap before GC invocations=15 (full 3):
 PSYoungGen      total 264192K, used 58317K [0x00000000eab00000, 0x0000000100000000, 0x0000000100000000)
  eden space 194560K, 0% used [0x00000000eab00000,0x00000000eab00000,0x00000000f6900000)
  from space 69632K, 83% used [0x00000000fbc00000,0x00000000ff4f3510,0x0000000100000000)
  to   space 77312K, 0% used [0x00000000f6900000,0x00000000f6900000,0x00000000fb480000)
 ParOldGen       total 143360K, used 123531K [0x00000000c0000000, 0x00000000c8c00000, 0x00000000eab00000)
  object space 143360K, 86% used [0x00000000c0000000,0x00000000c78a2c20,0x00000000c8c00000)
 Metaspace       used 6592K, capacity 7320K, committed 7680K, reserved 1056768K
  class space    used 618K, capacity 656K, committed 768K, reserved 1048576K

