# JRE version: Java(TM) SE Runtime Environment (8.0_72-b15) (build 1.8.0_72-b15)
# Java VM: Java HotSpot(TM) 64-Bit Server VM (25.72-b15 mixed mode linux-amd64 compressed oops)
Heap:
 PSYoungGen      total 270848K, used 0K [0x00000000eab00000, 0x0000000100000000, 0x0000000100000000)
  eden space 201216K, 0% used [0x00000000eab00000,0x00000000eab00000,0x00000000f6f80000)
  from space 69632K, 0% used [0x00000000faf80000,0x00000000faf80000,0x00000000ff380000)
  to   space 65536K, 0% used [0x00000000f6f80000,0x00000000f6f80000,0x00000000faf80000)
 ParOldGen       total 260096K, used 248298K [0x00000000c0000000, 0x00000000cfe00000, 0x00000000eab00000)
  object space 260096K, 95% used [0x00000000c0000000,0x00000000cf27a940,0x00000000cfe00000)
 Metaspace       used 6571K, capacity 7320K, committed 7680K, reserved 1056768K
  class space    used 616K, capacity 656K, committed 768K, reserved 1048576K
GC Heap History (10 events):
Event: 6.656 GC heap after
Heap after GC invocations=15 (full 2):
 PSYoungGen      total 242176K, used 45506K [0x00000000eab00000, 0x0000000100000000, 0x0000000100000000)
  eden space 196608K, 0% used [0x00000000eab00000,0x00000000eab00000,0x00000000f6b00000)
  from space 45568K, 99% used [0x00000000f6b00000,0x00000000f9770bc8,0x00000000f9780000)
  to   space 78336K, 0% used [0x00000000fb380000,0x00000000fb380000,0x0000000100000000)
 ParOldGen       total 157696K, used 123343K [0x00000000c0000000, 0x00000000c9a00000, 0x00000000eab00000)
  object space 157696K, 78% used [0x00000000c0000000,0x00000000c7873e68,0x00000000c9a00000)
 Metaspace       used 6545K, capacity 7320K, committed 7680K, reserved 1056768K
  class space    used 616K, capacity 656K, committed 768K, reserved 1048576K
}
Event: 7.213 GC heap before
{Heap before GC invocations=16 (full 2):
 PSYoungGen      total 242176K, used 242114K [0x00000000eab00000, 0x0000000100000000, 0x0000000100000000)
  eden space 196608K, 100% used [0x00000000eab00000,0x00000000f6b00000,0x00000000f6b00000)
  from space 45568K, 99% used [0x00000000f6b00000,0x00000000f9770bc8,0x00000000f9780000)
  to   space 78336K, 0% used [0x00000000fb380000,0x00000000fb380000,0x0000000100000000)
 ParOldGen       total 157696K, used 123343K [0x00000000c0000000, 0x00000000c9a00000, 0x00000000eab00000)
  object space 157696K, 78% used [0x00000000c0000000,0x00000000c7873e68,0x00000000c9a00000)
 Metaspace       used 6558K, capacity 7320K, committed 7680K, reserved 1056768K
  class space    used 616K, capacity 656K, committed 768K, reserved 1048576K
Event: 7.895 GC heap after
Heap after GC invocations=16 (full 2):
 PSYoungGen      total 275456K, used 30246K [0x00000000eab00000, 0x0000000100000000, 0x0000000100000000)
  eden space 197120K, 0% used [0x00000000eab00000,0x00000000eab00000,0x00000000f6b80000)
  from space 78336K, 38% used [0x00000000fb380000,0x00000000fd1099f8,0x0000000100000000)
  to   space 73728K, 0% used [0x00000000f6b80000,0x00000000f6b80000,0x00000000fb380000)
 ParOldGen       total 169472K, used 168668K [0x00000000c0000000, 0x00000000ca580000, 0x00000000eab00000)
  object space 169472K, 99% used [0x00000000c0000000,0x00000000ca4b7270,0x00000000ca580000)
 Metaspace       used 6558K, capacity 7320K, committed 7680K, reserved 1056768K
  class space    used 616K, capacity 656K, committed 768K, reserved 1048576K
}
Event: 7.900 GC heap before
{Heap before GC invocations=17 (full 3):
 PSYoungGen      total 275456K, used 30246K [0x00000000eab00000, 0x0000000100000000, 0x0000000100000000)
  eden space 197120K, 0% used [0x00000000eab00000,0x00000000eab00000,0x00000000f6b80000)
  from space 78336K, 38% used [0x00000000fb380000,0x00000000fd1099f8,0x0000000100000000)
  to   space 73728K, 0% used [0x00000000f6b80000,0x00000000f6b80000,0x00000000fb380000)
 ParOldGen       total 169472K, used 168668K [0x00000000c0000000, 0x00000000ca580000, 0x00000000eab00000)
  object space 169472K, 99% used [0x00000000c0000000,0x00000000ca4b7270,0x00000000ca580000)
 Metaspace       used 6558K, capacity 7320K, committed 7680K, reserved 1056768K
  class space    used 616K, capacity 656K, committed 768K, reserved 1048576K
Event: 8.929 GC heap after
Heap after GC invocations=17 (full 3):
 PSYoungGen      total 275456K, used 25974K [0x00000000eab00000, 0x0000000100000000, 0x0000000100000000)
  eden space 197120K, 0% used [0x00000000eab00000,0x00000000eab00000,0x00000000f6b80000)
  from space 78336K, 33% used [0x00000000fb380000,0x00000000fccddbb0,0x0000000100000000)
  to   space 73728K, 0% used [0x00000000f6b80000,0x00000000f6b80000,0x00000000fb380000)
 ParOldGen       total 260096K, used 169131K [0x00000000c0000000, 0x00000000cfe00000, 0x00000000eab00000)
  object space 260096K, 65% used [0x00000000c0000000,0x00000000ca52ac90,0x00000000cfe00000)
 Metaspace       used 6558K, capacity 7320K, committed 7680K, reserved 1056768K
  class space    used 616K, capacity 656K, committed 768K, reserved 1048576K
}
Event: 9.683 GC heap before
{Heap before GC invocations=18 (full 3):
 PSYoungGen      total 275456K, used 223094K [0x00000000eab00000, 0x0000000100000000, 0x0000000100000000)
  eden space 197120K, 100% used [0x00000000eab00000,0x00000000f6b80000,0x00000000f6b80000)
  from space 78336K, 33% used [0x00000000fb380000,0x00000000fccddbb0,0x0000000100000000)
  to   space 73728K, 0% used [0x00000000f6b80000,0x00000000f6b80000,0x00000000fb380000)
 ParOldGen       total 260096K, used 169131K [0x00000000c0000000, 0x00000000cfe00000, 0x00000000eab00000)
  object space 260096K, 65% used [0x00000000c0000000,0x00000000ca52ac90,0x00000000cfe00000)
 Metaspace       used 6568K, capacity 7320K, committed 7680K, reserved 1056768K
  class space    used 616K, capacity 656K, committed 768K, reserved 1048576K
Event: 9.800 GC heap after
Heap after GC invocations=18 (full 3):
 PSYoungGen      total 225792K, used 28469K [0x00000000eab00000, 0x00000000ff380000, 0x0000000100000000)
  eden space 197120K, 0% used [0x00000000eab00000,0x00000000eab00000,0x00000000f6b80000)
  from space 28672K, 99% used [0x00000000f6b80000,0x00000000f874d508,0x00000000f8780000)
  to   space 69632K, 0% used [0x00000000faf80000,0x00000000faf80000,0x00000000ff380000)
 ParOldGen       total 260096K, used 193704K [0x00000000c0000000, 0x00000000cfe00000, 0x00000000eab00000)
  object space 260096K, 74% used [0x00000000c0000000,0x00000000cbd2a3e0,0x00000000cfe00000)
 Metaspace       used 6568K, capacity 7320K, committed 7680K, reserved 1056768K
  class space    used 616K, capacity 656K, committed 768K, reserved 1048576K
}
Event: 10.353 GC heap before
{Heap before GC invocations=19 (full 3):
 PSYoungGen      total 225792K, used 225589K [0x00000000eab00000, 0x00000000ff380000, 0x0000000100000000)
  eden space 197120K, 100% used [0x00000000eab00000,0x00000000f6b80000,0x00000000f6b80000)
  from space 28672K, 99% used [0x00000000f6b80000,0x00000000f874d508,0x00000000f8780000)
  to   space 69632K, 0% used [0x00000000faf80000,0x00000000faf80000,0x00000000ff380000)
 ParOldGen       total 260096K, used 193704K [0x00000000c0000000, 0x00000000cfe00000, 0x00000000eab00000)
  object space 260096K, 74% used [0x00000000c0000000,0x00000000cbd2a3e0,0x00000000cfe00000)
 Metaspace       used 6571K, capacity 7320K, committed 7680K, reserved 1056768K
  class space    used 616K, capacity 656K, committed 768K, reserved 1048576K
Event: 10.436 GC heap after
Heap after GC invocations=19 (full 3):
 PSYoungGen      total 270848K, used 28124K [0x00000000eab00000, 0x0000000100000000, 0x0000000100000000)
  eden space 201216K, 0% used [0x00000000eab00000,0x00000000eab00000,0x00000000f6f80000)
  from space 69632K, 40% used [0x00000000faf80000,0x00000000fcaf7360,0x00000000ff380000)
  to   space 65536K, 0% used [0x00000000f6f80000,0x00000000f6f80000,0x00000000faf80000)
 ParOldGen       total 260096K, used 220999K [0x00000000c0000000, 0x00000000cfe00000, 0x00000000eab00000)
  object space 260096K, 84% used [0x00000000c0000000,0x00000000cd7d1d50,0x00000000cfe00000)
 Metaspace       used 6571K, capacity 7320K, committed 7680K, reserved 1056768K
  class space    used 616K, capacity 656K, committed 768K, reserved 1048576K
}
Event: 10.437 GC heap before
{Heap before GC invocations=20 (full 4):
 PSYoungGen      total 270848K, used 28124K [0x00000000eab00000, 0x0000000100000000, 0x0000000100000000)
  eden space 201216K, 0% used [0x00000000eab00000,0x00000000eab00000,0x00000000f6f80000)
  from space 69632K, 40% used [0x00000000faf80000,0x00000000fcaf7360,0x00000000ff380000)
  to   space 65536K, 0% used [0x00000000f6f80000,0x00000000f6f80000,0x00000000faf80000)
 ParOldGen       total 260096K, used 220999K [0x00000000c0000000, 0x00000000cfe00000, 0x00000000eab00000)
  object space 260096K, 84% used [0x00000000c0000000,0x00000000cd7d1d50,0x00000000cfe00000)
 Metaspace       used 6571K, capacity 7320K, committed 7680K, reserved 1056768K
  class space    used 616K, capacity 656K, committed 768K, reserved 1048576K

