# JRE version: Java(TM) SE Runtime Environment (8.0_72-b15) (build 1.8.0_72-b15)
# Java VM: Java HotSpot(TM) 64-Bit Server VM (25.72-b15 mixed mode linux-amd64 compressed oops)
Heap:
 PSYoungGen      total 281600K, used 25883K [0x00000000eab00000, 0x0000000100000000, 0x0000000100000000)
  eden space 214016K, 0% used [0x00000000eab00000,0x00000000eab00000,0x00000000f7c00000)
  from space 67584K, 38% used [0x00000000f7c00000,0x00000000f9546ce8,0x00000000fbe00000)
  to   space 66048K, 0% used [0x00000000fbf80000,0x00000000fbf80000,0x0000000100000000)
 ParOldGen       total 230912K, used 230453K [0x00000000c0000000, 0x00000000ce180000, 0x00000000eab00000)
  object space 230912K, 99% used [0x00000000c0000000,0x00000000ce10d4d8,0x00000000ce180000)
 Metaspace       used 6581K, capacity 7320K, committed 7680K, reserved 1056768K
  class space    used 615K, capacity 656K, committed 768K, reserved 1048576K
GC Heap History (10 events):
Event: 5.983 GC heap after
Heap after GC invocations=13 (full 3):
 PSYoungGen      total 233984K, used 0K [0x00000000eab00000, 0x00000000fbd80000, 0x0000000100000000)
  eden space 205312K, 0% used [0x00000000eab00000,0x00000000eab00000,0x00000000f7380000)
  from space 28672K, 0% used [0x00000000f9400000,0x00000000f9400000,0x00000000fb000000)
  to   space 13824K, 0% used [0x00000000fb000000,0x00000000fb000000,0x00000000fbd80000)
 ParOldGen       total 212992K, used 134964K [0x00000000c0000000, 0x00000000cd000000, 0x00000000eab00000)
  object space 212992K, 63% used [0x00000000c0000000,0x00000000c83cd260,0x00000000cd000000)
 Metaspace       used 6545K, capacity 7320K, committed 7680K, reserved 1056768K
  class space    used 615K, capacity 656K, committed 768K, reserved 1048576K
}
Event: 6.543 GC heap before
{Heap before GC invocations=14 (full 3):
 PSYoungGen      total 233984K, used 205312K [0x00000000eab00000, 0x00000000fbd80000, 0x0000000100000000)
  eden space 205312K, 100% used [0x00000000eab00000,0x00000000f7380000,0x00000000f7380000)
  from space 28672K, 0% used [0x00000000f9400000,0x00000000f9400000,0x00000000fb000000)
  to   space 13824K, 0% used [0x00000000fb000000,0x00000000fb000000,0x00000000fbd80000)
 ParOldGen       total 212992K, used 134964K [0x00000000c0000000, 0x00000000cd000000, 0x00000000eab00000)
  object space 212992K, 63% used [0x00000000c0000000,0x00000000c83cd260,0x00000000cd000000)
 Metaspace       used 6554K, capacity 7320K, committed 7680K, reserved 1056768K
  class space    used 615K, capacity 656K, committed 768K, reserved 1048576K
Event: 6.612 GC heap after
Heap after GC invocations=14 (full 3):
 PSYoungGen      total 239616K, used 13802K [0x00000000eab00000, 0x00000000fe300000, 0x0000000100000000)
  eden space 225792K, 0% used [0x00000000eab00000,0x00000000eab00000,0x00000000f8780000)
  from space 13824K, 99% used [0x00000000fb000000,0x00000000fbd7abc0,0x00000000fbd80000)
  to   space 41472K, 0% used [0x00000000f8780000,0x00000000f8780000,0x00000000fb000000)
 ParOldGen       total 212992K, used 151405K [0x00000000c0000000, 0x00000000cd000000, 0x00000000eab00000)
  object space 212992K, 71% used [0x00000000c0000000,0x00000000c93db7f0,0x00000000cd000000)
 Metaspace       used 6554K, capacity 7320K, committed 7680K, reserved 1056768K
  class space    used 615K, capacity 656K, committed 768K, reserved 1048576K
}
Event: 7.249 GC heap before
{Heap before GC invocations=15 (full 3):
 PSYoungGen      total 239616K, used 239594K [0x00000000eab00000, 0x00000000fe300000, 0x0000000100000000)
  eden space 225792K, 100% used [0x00000000eab00000,0x00000000f8780000,0x00000000f8780000)
  from space 13824K, 99% used [0x00000000fb000000,0x00000000fbd7abc0,0x00000000fbd80000)
  to   space 41472K, 0% used [0x00000000f8780000,0x00000000f8780000,0x00000000fb000000)
 ParOldGen       total 212992K, used 151405K [0x00000000c0000000, 0x00000000cd000000, 0x00000000eab00000)
  object space 212992K, 71% used [0x00000000c0000000,0x00000000c93db7f0,0x00000000cd000000)
 Metaspace       used 6567K, capacity 7320K, committed 7680K, reserved 1056768K
  class space    used 615K, capacity 656K, committed 768K, reserved 1048576K
Event: 7.330 GC heap after
Heap after GC invocations=15 (full 3):
 PSYoungGen      total 267264K, used 41458K [0x00000000eab00000, 0x0000000100000000, 0x0000000100000000)
  eden space 225792K, 0% used [0x00000000eab00000,0x00000000eab00000,0x00000000f8780000)
  from space 41472K, 99% used [0x00000000f8780000,0x00000000faffc9d8,0x00000000fb000000)
  to   space 50688K, 0% used [0x00000000fce80000,0x00000000fce80000,0x0000000100000000)
 ParOldGen       total 212992K, used 157246K [0x00000000c0000000, 0x00000000cd000000, 0x00000000eab00000)
  object space 212992K, 73% used [0x00000000c0000000,0x00000000c998fa30,0x00000000cd000000)
 Metaspace       used 6567K, capacity 7320K, committed 7680K, reserved 1056768K
  class space    used 615K, capacity 656K, committed 768K, reserved 1048576K
}
Event: 7.993 GC heap before
{Heap before GC invocations=16 (full 3):
 PSYoungGen      total 267264K, used 267250K [0x00000000eab00000, 0x0000000100000000, 0x0000000100000000)
  eden space 225792K, 100% used [0x00000000eab00000,0x00000000f8780000,0x00000000f8780000)
  from space 41472K, 99% used [0x00000000f8780000,0x00000000faffc9d8,0x00000000fb000000)
  to   space 50688K, 0% used [0x00000000fce80000,0x00000000fce80000,0x0000000100000000)
 ParOldGen       total 212992K, used 157246K [0x00000000c0000000, 0x00000000cd000000, 0x00000000eab00000)
  object space 212992K, 73% used [0x00000000c0000000,0x00000000c998fa30,0x00000000cd000000)
 Metaspace       used 6579K, capacity 7320K, committed 7680K, reserved 1056768K
  class space    used 615K, capacity 656K, committed 768K, reserved 1048576K
Event: 8.318 GC heap after
Heap after GC invocations=16 (full 3):
 PSYoungGen      total 264704K, used 50678K [0x00000000eab00000, 0x0000000100000000, 0x0000000100000000)
  eden space 214016K, 0% used [0x00000000eab00000,0x00000000eab00000,0x00000000f7c00000)
  from space 50688K, 99% used [0x00000000fce80000,0x00000000ffffd860,0x0000000100000000)
  to   space 67584K, 0% used [0x00000000f7c00000,0x00000000f7c00000,0x00000000fbe00000)
 ParOldGen       total 212992K, used 179715K [0x00000000c0000000, 0x00000000cd000000, 0x00000000eab00000)
  object space 212992K, 84% used [0x00000000c0000000,0x00000000caf80ce8,0x00000000cd000000)
 Metaspace       used 6579K, capacity 7320K, committed 7680K, reserved 1056768K
  class space    used 615K, capacity 656K, committed 768K, reserved 1048576K
}
Event: 8.964 GC heap before
{Heap before GC invocations=17 (full 3):
 PSYoungGen      total 264704K, used 264694K [0x00000000eab00000, 0x0000000100000000, 0x0000000100000000)
  eden space 214016K, 100% used [0x00000000eab00000,0x00000000f7c00000,0x00000000f7c00000)
  from space 50688K, 99% used [0x00000000fce80000,0x00000000ffffd860,0x0000000100000000)
  to   space 67584K, 0% used [0x00000000f7c00000,0x00000000f7c00000,0x00000000fbe00000)
 ParOldGen       total 212992K, used 179715K [0x00000000c0000000, 0x00000000cd000000, 0x00000000eab00000)
  object space 212992K, 84% used [0x00000000c0000000,0x00000000caf80ce8,0x00000000cd000000)
 Metaspace       used 6581K, capacity 7320K, committed 7680K, reserved 1056768K
  class space    used 615K, capacity 656K, committed 768K, reserved 1048576K
Event: 9.147 GC heap after
Heap after GC invocations=17 (full 3):
 PSYoungGen      total 281600K, used 31762K [0x00000000eab00000, 0x0000000100000000, 0x0000000100000000)
  eden space 214016K, 0% used [0x00000000eab00000,0x00000000eab00000,0x00000000f7c00000)
  from space 67584K, 46% used [0x00000000f7c00000,0x00000000f9b048a8,0x00000000fbe00000)
  to   space 66048K, 0% used [0x00000000fbf80000,0x00000000fbf80000,0x0000000100000000)
 ParOldGen       total 230912K, used 230538K [0x00000000c0000000, 0x00000000ce180000, 0x00000000eab00000)
  object space 230912K, 99% used [0x00000000c0000000,0x00000000ce1228d8,0x00000000ce180000)
 Metaspace       used 6581K, capacity 7320K, committed 7680K, reserved 1056768K
  class space    used 615K, capacity 656K, committed 768K, reserved 1048576K
}
Event: 9.170 GC heap before
{Heap before GC invocations=18 (full 4):
 PSYoungGen      total 281600K, used 31762K [0x00000000eab00000, 0x0000000100000000, 0x0000000100000000)
  eden space 214016K, 0% used [0x00000000eab00000,0x00000000eab00000,0x00000000f7c00000)
  from space 67584K, 46% used [0x00000000f7c00000,0x00000000f9b048a8,0x00000000fbe00000)
  to   space 66048K, 0% used [0x00000000fbf80000,0x00000000fbf80000,0x0000000100000000)
 ParOldGen       total 230912K, used 230538K [0x00000000c0000000, 0x00000000ce180000, 0x00000000eab00000)
  object space 230912K, 99% used [0x00000000c0000000,0x00000000ce1228d8,0x00000000ce180000)
 Metaspace       used 6581K, capacity 7320K, committed 7680K, reserved 1056768K
  class space    used 615K, capacity 656K, committed 768K, reserved 1048576K

